{"/Users/david/src/opendataformats/opentimestamp/src/javascript/opentimestamp/lib/calendar.js": {"path":"/Users/david/src/opendataformats/opentimestamp/src/javascript/opentimestamp/lib/calendar.js","statementMap":{"0":{"start":{"line":11,"column":11},"end":{"line":11,"column":24}},"1":{"start":{"line":12,"column":14},"end":{"line":12,"column":30}},"2":{"start":{"line":13,"column":13},"end":{"line":13,"column":28}},"3":{"start":{"line":15,"column":18},"end":{"line":15,"column":40}},"4":{"start":{"line":17,"column":31},"end":{"line":18,"column":44}},"5":{"start":{"line":18,"column":31},"end":{"line":18,"column":42}},"6":{"start":{"line":30,"column":17},"end":{"line":30,"column":18}},"7":{"start":{"line":31,"column":22},"end":{"line":31,"column":84}},"8":{"start":{"line":31,"column":70},"end":{"line":31,"column":82}},"9":{"start":{"line":34,"column":20},"end":{"line":36,"column":5}},"10":{"start":{"line":35,"column":28},"end":{"line":35,"column":73}},"11":{"start":{"line":38,"column":4},"end":{"line":47,"column":7}},"12":{"start":{"line":39,"column":6},"end":{"line":46,"column":7}},"13":{"start":{"line":40,"column":8},"end":{"line":40,"column":47}},"14":{"start":{"line":41,"column":8},"end":{"line":41,"column":20}},"15":{"start":{"line":45,"column":8},"end":{"line":45,"column":72}},"16":{"start":{"line":49,"column":4},"end":{"line":49,"column":18}},"17":{"start":{"line":61,"column":20},"end":{"line":70,"column":5}},"18":{"start":{"line":72,"column":4},"end":{"line":72,"column":40}},"19":{"start":{"line":84,"column":20},"end":{"line":84,"column":42}},"20":{"start":{"line":86,"column":4},"end":{"line":88,"column":5}},"21":{"start":{"line":87,"column":6},"end":{"line":87,"column":19}},"22":{"start":{"line":90,"column":20},"end":{"line":92,"column":5}},"23":{"start":{"line":91,"column":24},"end":{"line":91,"column":58}},"24":{"start":{"line":94,"column":4},"end":{"line":94,"column":34}},"25":{"start":{"line":107,"column":23},"end":{"line":107,"column":48}},"26":{"start":{"line":108,"column":24},"end":{"line":111,"column":5}},"27":{"start":{"line":113,"column":16},"end":{"line":113,"column":53}},"28":{"start":{"line":115,"column":20},"end":{"line":122,"column":5}},"29":{"start":{"line":124,"column":17},"end":{"line":124,"column":45}},"30":{"start":{"line":126,"column":4},"end":{"line":132,"column":5}},"31":{"start":{"line":127,"column":6},"end":{"line":127,"column":54}},"32":{"start":{"line":128,"column":6},"end":{"line":128,"column":18}},"33":{"start":{"line":131,"column":6},"end":{"line":131,"column":19}},"34":{"start":{"line":184,"column":0},"end":{"line":184,"column":26}}},"fnMap":{"0":{"name":"(anonymous_0)","decl":{"start":{"line":18,"column":22},"end":{"line":18,"column":23}},"loc":{"start":{"line":18,"column":31},"end":{"line":18,"column":42}},"line":18},"1":{"name":"(anonymous_1)","decl":{"start":{"line":29,"column":2},"end":{"line":29,"column":3}},"loc":{"start":{"line":29,"column":34},"end":{"line":50,"column":3}},"line":29},"2":{"name":"(anonymous_2)","decl":{"start":{"line":31,"column":62},"end":{"line":31,"column":63}},"loc":{"start":{"line":31,"column":70},"end":{"line":31,"column":82}},"line":31},"3":{"name":"(anonymous_3)","decl":{"start":{"line":35,"column":20},"end":{"line":35,"column":21}},"loc":{"start":{"line":35,"column":28},"end":{"line":35,"column":73}},"line":35},"4":{"name":"(anonymous_4)","decl":{"start":{"line":38,"column":20},"end":{"line":38,"column":21}},"loc":{"start":{"line":38,"column":32},"end":{"line":47,"column":5}},"line":38},"5":{"name":"(anonymous_5)","decl":{"start":{"line":60,"column":2},"end":{"line":60,"column":3}},"loc":{"start":{"line":60,"column":28},"end":{"line":73,"column":3}},"line":60},"6":{"name":"(anonymous_6)","decl":{"start":{"line":83,"column":2},"end":{"line":83,"column":3}},"loc":{"start":{"line":83,"column":26},"end":{"line":95,"column":3}},"line":83},"7":{"name":"(anonymous_7)","decl":{"start":{"line":91,"column":18},"end":{"line":91,"column":19}},"loc":{"start":{"line":91,"column":24},"end":{"line":91,"column":58}},"line":91},"8":{"name":"(anonymous_8)","decl":{"start":{"line":106,"column":2},"end":{"line":106,"column":3}},"loc":{"start":{"line":106,"column":48},"end":{"line":133,"column":3}},"line":106}},"branchMap":{"0":{"loc":{"start":{"line":31,"column":23},"end":{"line":31,"column":56}},"type":"binary-expr","locations":[{"start":{"line":31,"column":23},"end":{"line":31,"column":30}},{"start":{"line":31,"column":34},"end":{"line":31,"column":56}}],"line":31},"1":{"loc":{"start":{"line":86,"column":4},"end":{"line":88,"column":5}},"type":"if","locations":[{"start":{"line":86,"column":4},"end":{"line":88,"column":5}},{"start":{"line":86,"column":4},"end":{"line":88,"column":5}}],"line":86}},"s":{"0":2,"1":2,"2":2,"3":2,"4":2,"5":8,"6":2,"7":2,"8":6,"9":2,"10":6,"11":2,"12":6,"13":6,"14":3,"15":3,"16":2,"17":6,"18":6,"19":3,"20":3,"21":1,"22":2,"23":6,"24":2,"25":6,"26":6,"27":6,"28":6,"29":6,"30":6,"31":6,"32":3,"33":3,"34":2},"f":{"0":8,"1":2,"2":6,"3":6,"4":6,"5":6,"6":3,"7":6,"8":6},"b":{"0":[2,2],"1":[1,2]},"_coverageSchema":"1a1c01bbd47fc00a2c39e90264f33305004495a9","hash":"98deb6abd4b21d2e39fd23977b468e3d88af1a1b"}
,"/Users/david/src/opendataformats/opentimestamp/src/javascript/opentimestamp/lib/execution.js": {"path":"/Users/david/src/opendataformats/opentimestamp/src/javascript/opentimestamp/lib/execution.js","statementMap":{"0":{"start":{"line":8,"column":15},"end":{"line":8,"column":32}},"1":{"start":{"line":10,"column":26},"end":{"line":10,"column":76}},"2":{"start":{"line":11,"column":15},"end":{"line":11,"column":34}},"3":{"start":{"line":25,"column":16},"end":{"line":25,"column":17}},"4":{"start":{"line":26,"column":17},"end":{"line":26,"column":21}},"5":{"start":{"line":27,"column":15},"end":{"line":27,"column":42}},"6":{"start":{"line":29,"column":4},"end":{"line":58,"column":5}},"7":{"start":{"line":30,"column":24},"end":{"line":30,"column":41}},"8":{"start":{"line":31,"column":20},"end":{"line":31,"column":53}},"9":{"start":{"line":33,"column":6},"end":{"line":53,"column":7}},"10":{"start":{"line":35,"column":10},"end":{"line":35,"column":69}},"11":{"start":{"line":36,"column":10},"end":{"line":36,"column":16}},"12":{"start":{"line":39,"column":10},"end":{"line":39,"column":74}},"13":{"start":{"line":40,"column":10},"end":{"line":40,"column":16}},"14":{"start":{"line":43,"column":10},"end":{"line":43,"column":44}},"15":{"start":{"line":44,"column":10},"end":{"line":44,"column":16}},"16":{"start":{"line":47,"column":10},"end":{"line":47,"column":50}},"17":{"start":{"line":48,"column":10},"end":{"line":48,"column":16}},"18":{"start":{"line":51,"column":10},"end":{"line":51,"column":50}},"19":{"start":{"line":52,"column":10},"end":{"line":52,"column":16}},"20":{"start":{"line":55,"column":6},"end":{"line":56,"column":85}},"21":{"start":{"line":57,"column":6},"end":{"line":57,"column":17}},"22":{"start":{"line":60,"column":4},"end":{"line":60,"column":18}},"23":{"start":{"line":72,"column":17},"end":{"line":72,"column":24}},"24":{"start":{"line":74,"column":4},"end":{"line":123,"column":7}},"25":{"start":{"line":75,"column":19},"end":{"line":75,"column":31}},"26":{"start":{"line":76,"column":20},"end":{"line":76,"column":46}},"27":{"start":{"line":78,"column":6},"end":{"line":122,"column":7}},"28":{"start":{"line":80,"column":10},"end":{"line":80,"column":48}},"29":{"start":{"line":83,"column":10},"end":{"line":83,"column":90}},"30":{"start":{"line":84,"column":10},"end":{"line":84,"column":90}},"31":{"start":{"line":85,"column":10},"end":{"line":85,"column":16}},"32":{"start":{"line":88,"column":10},"end":{"line":88,"column":69}},"33":{"start":{"line":89,"column":10},"end":{"line":89,"column":16}},"34":{"start":{"line":92,"column":10},"end":{"line":92,"column":74}},"35":{"start":{"line":93,"column":10},"end":{"line":93,"column":16}},"36":{"start":{"line":96,"column":10},"end":{"line":96,"column":44}},"37":{"start":{"line":97,"column":10},"end":{"line":97,"column":16}},"38":{"start":{"line":100,"column":10},"end":{"line":100,"column":50}},"39":{"start":{"line":104,"column":10},"end":{"line":107,"column":11}},"40":{"start":{"line":105,"column":25},"end":{"line":105,"column":83}},"41":{"start":{"line":106,"column":12},"end":{"line":106,"column":64}},"42":{"start":{"line":108,"column":10},"end":{"line":108,"column":16}},"43":{"start":{"line":113,"column":10},"end":{"line":115,"column":11}},"44":{"start":{"line":114,"column":12},"end":{"line":114,"column":72}},"45":{"start":{"line":117,"column":10},"end":{"line":117,"column":50}},"46":{"start":{"line":118,"column":10},"end":{"line":118,"column":16}},"47":{"start":{"line":121,"column":10},"end":{"line":121,"column":72}},"48":{"start":{"line":127,"column":4},"end":{"line":129,"column":5}},"49":{"start":{"line":128,"column":6},"end":{"line":128,"column":78}},"50":{"start":{"line":131,"column":4},"end":{"line":131,"column":23}},"51":{"start":{"line":142,"column":4},"end":{"line":142,"column":75}},"52":{"start":{"line":147,"column":0},"end":{"line":147,"column":27}}},"fnMap":{"0":{"name":"(anonymous_0)","decl":{"start":{"line":24,"column":2},"end":{"line":24,"column":3}},"loc":{"start":{"line":24,"column":45},"end":{"line":61,"column":3}},"line":24},"1":{"name":"(anonymous_1)","decl":{"start":{"line":71,"column":2},"end":{"line":71,"column":3}},"loc":{"start":{"line":71,"column":49},"end":{"line":132,"column":3}},"line":71},"2":{"name":"(anonymous_2)","decl":{"start":{"line":74,"column":44},"end":{"line":74,"column":45}},"loc":{"start":{"line":74,"column":52},"end":{"line":123,"column":5}},"line":74},"3":{"name":"(anonymous_3)","decl":{"start":{"line":141,"column":2},"end":{"line":141,"column":3}},"loc":{"start":{"line":141,"column":23},"end":{"line":143,"column":3}},"line":141}},"branchMap":{"0":{"loc":{"start":{"line":33,"column":6},"end":{"line":53,"column":7}},"type":"switch","locations":[{"start":{"line":34,"column":8},"end":{"line":36,"column":16}},{"start":{"line":38,"column":8},"end":{"line":40,"column":16}},{"start":{"line":42,"column":8},"end":{"line":44,"column":16}},{"start":{"line":46,"column":8},"end":{"line":48,"column":16}},{"start":{"line":50,"column":8},"end":{"line":52,"column":16}}],"line":33},"1":{"loc":{"start":{"line":55,"column":13},"end":{"line":56,"column":84}},"type":"cond-expr","locations":[{"start":{"line":56,"column":10},"end":{"line":56,"column":41}},{"start":{"line":56,"column":44},"end":{"line":56,"column":84}}],"line":55},"2":{"loc":{"start":{"line":78,"column":6},"end":{"line":122,"column":7}},"type":"switch","locations":[{"start":{"line":79,"column":8},"end":{"line":85,"column":16}},{"start":{"line":87,"column":8},"end":{"line":89,"column":16}},{"start":{"line":91,"column":8},"end":{"line":93,"column":16}},{"start":{"line":95,"column":8},"end":{"line":97,"column":16}},{"start":{"line":99,"column":8},"end":{"line":108,"column":16}},{"start":{"line":110,"column":8},"end":{"line":118,"column":16}},{"start":{"line":120,"column":8},"end":{"line":121,"column":72}}],"line":78},"3":{"loc":{"start":{"line":83,"column":37},"end":{"line":83,"column":88}},"type":"binary-expr","locations":[{"start":{"line":83,"column":37},"end":{"line":83,"column":56}},{"start":{"line":83,"column":60},"end":{"line":83,"column":88}}],"line":83},"4":{"loc":{"start":{"line":84,"column":37},"end":{"line":84,"column":88}},"type":"binary-expr","locations":[{"start":{"line":84,"column":37},"end":{"line":84,"column":56}},{"start":{"line":84,"column":60},"end":{"line":84,"column":88}}],"line":84},"5":{"loc":{"start":{"line":104,"column":10},"end":{"line":107,"column":11}},"type":"if","locations":[{"start":{"line":104,"column":10},"end":{"line":107,"column":11}},{"start":{"line":104,"column":10},"end":{"line":107,"column":11}}],"line":104},"6":{"loc":{"start":{"line":113,"column":10},"end":{"line":115,"column":11}},"type":"if","locations":[{"start":{"line":113,"column":10},"end":{"line":115,"column":11}},{"start":{"line":113,"column":10},"end":{"line":115,"column":11}}],"line":113},"7":{"loc":{"start":{"line":127,"column":4},"end":{"line":129,"column":5}},"type":"if","locations":[{"start":{"line":127,"column":4},"end":{"line":129,"column":5}},{"start":{"line":127,"column":4},"end":{"line":129,"column":5}}],"line":127}},"s":{"0":3,"1":3,"2":3,"3":35,"4":35,"5":35,"6":35,"7":139,"8":139,"9":139,"10":1,"11":1,"12":1,"13":1,"14":33,"15":33,"16":69,"17":69,"18":35,"19":35,"20":139,"21":139,"22":35,"23":15,"24":15,"25":401,"26":401,"27":401,"28":19,"29":19,"30":19,"31":19,"32":1,"33":1,"34":1,"35":1,"36":207,"37":207,"38":93,"39":93,"40":5,"41":5,"42":93,"43":79,"44":5,"45":79,"46":79,"47":1,"48":14,"49":5,"50":14,"51":354,"52":3},"f":{"0":35,"1":15,"2":401,"3":354},"b":{"0":[1,1,33,69,35],"1":[138,1],"2":[19,1,1,207,93,79,1],"3":[19,5],"4":[19,14],"5":[5,88],"6":[5,74],"7":[5,9]},"_coverageSchema":"1a1c01bbd47fc00a2c39e90264f33305004495a9","hash":"4add53a025575aef2162f7f97f5f73e3e9dc2f5a"}
,"/Users/david/src/opendataformats/opentimestamp/src/javascript/opentimestamp/lib/parser.js": {"path":"/Users/david/src/opendataformats/opentimestamp/src/javascript/opentimestamp/lib/parser.js","statementMap":{"0":{"start":{"line":9,"column":30},"end":{"line":9,"column":77}},"1":{"start":{"line":10,"column":37},"end":{"line":10,"column":87}},"2":{"start":{"line":12,"column":29},"end":{"line":12,"column":30}},"3":{"start":{"line":13,"column":25},"end":{"line":17,"column":1}},"4":{"start":{"line":28,"column":23},"end":{"line":28,"column":25}},"5":{"start":{"line":29,"column":20},"end":{"line":29,"column":26}},"6":{"start":{"line":34,"column":4},"end":{"line":82,"column":5}},"7":{"start":{"line":35,"column":19},"end":{"line":35,"column":31}},"8":{"start":{"line":36,"column":6},"end":{"line":36,"column":37}},"9":{"start":{"line":38,"column":6},"end":{"line":40,"column":7}},"10":{"start":{"line":39,"column":8},"end":{"line":39,"column":70}},"11":{"start":{"line":42,"column":24},"end":{"line":42,"column":39}},"12":{"start":{"line":43,"column":6},"end":{"line":43,"column":30}},"13":{"start":{"line":45,"column":6},"end":{"line":74,"column":7}},"14":{"start":{"line":49,"column":10},"end":{"line":49,"column":16}},"15":{"start":{"line":52,"column":10},"end":{"line":52,"column":70}},"16":{"start":{"line":53,"column":10},"end":{"line":53,"column":16}},"17":{"start":{"line":55,"column":10},"end":{"line":55,"column":62}},"18":{"start":{"line":56,"column":10},"end":{"line":56,"column":38}},"19":{"start":{"line":57,"column":10},"end":{"line":57,"column":60}},"20":{"start":{"line":58,"column":10},"end":{"line":58,"column":72}},"21":{"start":{"line":60,"column":10},"end":{"line":72,"column":11}},"22":{"start":{"line":62,"column":14},"end":{"line":64,"column":16}},"23":{"start":{"line":65,"column":14},"end":{"line":65,"column":20}},"24":{"start":{"line":68,"column":14},"end":{"line":70,"column":16}},"25":{"start":{"line":71,"column":14},"end":{"line":71,"column":20}},"26":{"start":{"line":73,"column":10},"end":{"line":73,"column":16}},"27":{"start":{"line":76,"column":6},"end":{"line":79,"column":7}},"28":{"start":{"line":77,"column":8},"end":{"line":77,"column":51}},"29":{"start":{"line":78,"column":8},"end":{"line":78,"column":26}},"30":{"start":{"line":81,"column":6},"end":{"line":81,"column":33}},"31":{"start":{"line":84,"column":4},"end":{"line":84,"column":22}},"32":{"start":{"line":92,"column":16},"end":{"line":92,"column":69}},"33":{"start":{"line":93,"column":4},"end":{"line":93,"column":81}},"34":{"start":{"line":105,"column":30},"end":{"line":105,"column":67}},"35":{"start":{"line":107,"column":4},"end":{"line":111,"column":5}},"36":{"start":{"line":108,"column":6},"end":{"line":110,"column":8}},"37":{"start":{"line":113,"column":4},"end":{"line":116,"column":6}},"38":{"start":{"line":130,"column":17},"end":{"line":130,"column":18}},"39":{"start":{"line":131,"column":19},"end":{"line":131,"column":20}},"40":{"start":{"line":133,"column":4},"end":{"line":137,"column":32}},"41":{"start":{"line":134,"column":6},"end":{"line":134,"column":30}},"42":{"start":{"line":135,"column":6},"end":{"line":135,"column":54}},"43":{"start":{"line":136,"column":6},"end":{"line":136,"column":20}},"44":{"start":{"line":139,"column":4},"end":{"line":142,"column":6}},"45":{"start":{"line":153,"column":19},"end":{"line":153,"column":45}},"46":{"start":{"line":154,"column":4},"end":{"line":156,"column":5}},"47":{"start":{"line":154,"column":21},"end":{"line":154,"column":22}},"48":{"start":{"line":155,"column":6},"end":{"line":155,"column":54}},"49":{"start":{"line":157,"column":4},"end":{"line":157,"column":18}},"50":{"start":{"line":162,"column":0},"end":{"line":162,"column":24}}},"fnMap":{"0":{"name":"(anonymous_0)","decl":{"start":{"line":27,"column":2},"end":{"line":27,"column":3}},"loc":{"start":{"line":27,"column":37},"end":{"line":85,"column":3}},"line":27},"1":{"name":"(anonymous_1)","decl":{"start":{"line":91,"column":2},"end":{"line":91,"column":3}},"loc":{"start":{"line":91,"column":42},"end":{"line":94,"column":3}},"line":91},"2":{"name":"(anonymous_2)","decl":{"start":{"line":104,"column":2},"end":{"line":104,"column":3}},"loc":{"start":{"line":104,"column":38},"end":{"line":117,"column":3}},"line":104},"3":{"name":"(anonymous_3)","decl":{"start":{"line":128,"column":2},"end":{"line":128,"column":3}},"loc":{"start":{"line":128,"column":40},"end":{"line":143,"column":3}},"line":128},"4":{"name":"(anonymous_4)","decl":{"start":{"line":152,"column":2},"end":{"line":152,"column":3}},"loc":{"start":{"line":152,"column":24},"end":{"line":158,"column":3}},"line":152}},"branchMap":{"0":{"loc":{"start":{"line":38,"column":6},"end":{"line":40,"column":7}},"type":"if","locations":[{"start":{"line":38,"column":6},"end":{"line":40,"column":7}},{"start":{"line":38,"column":6},"end":{"line":40,"column":7}}],"line":38},"1":{"loc":{"start":{"line":45,"column":6},"end":{"line":74,"column":7}},"type":"switch","locations":[{"start":{"line":46,"column":8},"end":{"line":46,"column":47}},{"start":{"line":47,"column":8},"end":{"line":47,"column":52}},{"start":{"line":48,"column":8},"end":{"line":49,"column":16}},{"start":{"line":50,"column":8},"end":{"line":50,"column":49}},{"start":{"line":51,"column":8},"end":{"line":53,"column":16}},{"start":{"line":54,"column":8},"end":{"line":73,"column":16}}],"line":45},"2":{"loc":{"start":{"line":60,"column":10},"end":{"line":72,"column":11}},"type":"switch","locations":[{"start":{"line":61,"column":12},"end":{"line":65,"column":20}},{"start":{"line":66,"column":12},"end":{"line":66,"column":62}},{"start":{"line":67,"column":12},"end":{"line":71,"column":20}}],"line":60},"3":{"loc":{"start":{"line":76,"column":6},"end":{"line":79,"column":7}},"type":"if","locations":[{"start":{"line":76,"column":6},"end":{"line":79,"column":7}},{"start":{"line":76,"column":6},"end":{"line":79,"column":7}}],"line":76},"4":{"loc":{"start":{"line":93,"column":11},"end":{"line":93,"column":80}},"type":"binary-expr","locations":[{"start":{"line":93,"column":11},"end":{"line":93,"column":32}},{"start":{"line":93,"column":36},"end":{"line":93,"column":80}}],"line":93},"5":{"loc":{"start":{"line":107,"column":4},"end":{"line":111,"column":5}},"type":"if","locations":[{"start":{"line":107,"column":4},"end":{"line":111,"column":5}},{"start":{"line":107,"column":4},"end":{"line":111,"column":5}}],"line":107}},"s":{"0":4,"1":4,"2":4,"3":4,"4":34,"5":34,"6":34,"7":565,"8":565,"9":565,"10":8,"11":557,"12":557,"13":557,"14":292,"15":239,"16":239,"17":26,"18":26,"19":26,"20":26,"21":25,"22":17,"23":17,"24":7,"25":7,"26":25,"27":556,"28":239,"29":239,"30":556,"31":25,"32":26,"33":26,"34":282,"35":282,"36":1,"37":281,"38":289,"39":289,"40":289,"41":303,"42":303,"43":303,"44":289,"45":11,"46":11,"47":11,"48":352,"49":11,"50":4},"f":{"0":34,"1":26,"2":282,"3":289,"4":11},"b":{"0":[8,557],"1":[3,6,292,130,239,26],"2":[17,7,7],"3":[239,317],"4":[26,1],"5":[1,281]},"_coverageSchema":"1a1c01bbd47fc00a2c39e90264f33305004495a9","hash":"24a37e61ca89b6687c86371a31a66c8738d9a652"}
,"/Users/david/src/opendataformats/opentimestamp/src/javascript/opentimestamp/lib/timestamp.js": {"path":"/Users/david/src/opendataformats/opentimestamp/src/javascript/opentimestamp/lib/timestamp.js","statementMap":{"0":{"start":{"line":9,"column":15},"end":{"line":9,"column":32}},"1":{"start":{"line":11,"column":17},"end":{"line":11,"column":38}},"2":{"start":{"line":12,"column":18},"end":{"line":12,"column":40}},"3":{"start":{"line":13,"column":15},"end":{"line":13,"column":34}},"4":{"start":{"line":15,"column":24},"end":{"line":15,"column":76}},"5":{"start":{"line":16,"column":30},"end":{"line":16,"column":77}},"6":{"start":{"line":17,"column":21},"end":{"line":17,"column":70}},"7":{"start":{"line":18,"column":26},"end":{"line":18,"column":76}},"8":{"start":{"line":19,"column":26},"end":{"line":19,"column":76}},"9":{"start":{"line":21,"column":20},"end":{"line":21,"column":22}},"10":{"start":{"line":25,"column":31},"end":{"line":25,"column":33}},"11":{"start":{"line":26,"column":0},"end":{"line":28,"column":3}},"12":{"start":{"line":27,"column":2},"end":{"line":27,"column":45}},"13":{"start":{"line":32,"column":23},"end":{"line":32,"column":25}},"14":{"start":{"line":33,"column":0},"end":{"line":35,"column":3}},"15":{"start":{"line":34,"column":2},"end":{"line":34,"column":37}},"16":{"start":{"line":44,"column":4},"end":{"line":46,"column":5}},"17":{"start":{"line":45,"column":6},"end":{"line":45,"column":80}},"18":{"start":{"line":50,"column":4},"end":{"line":50,"column":36}},"19":{"start":{"line":52,"column":4},"end":{"line":52,"column":42}},"20":{"start":{"line":53,"column":4},"end":{"line":53,"column":34}},"21":{"start":{"line":54,"column":4},"end":{"line":54,"column":79}},"22":{"start":{"line":55,"column":4},"end":{"line":55,"column":52}},"23":{"start":{"line":66,"column":15},"end":{"line":66,"column":46}},"24":{"start":{"line":68,"column":4},"end":{"line":72,"column":5}},"25":{"start":{"line":69,"column":6},"end":{"line":69,"column":62}},"26":{"start":{"line":71,"column":6},"end":{"line":71,"column":72}},"27":{"start":{"line":74,"column":4},"end":{"line":74,"column":14}},"28":{"start":{"line":86,"column":19},"end":{"line":87,"column":71}},"29":{"start":{"line":87,"column":18},"end":{"line":87,"column":69}},"30":{"start":{"line":89,"column":4},"end":{"line":91,"column":5}},"31":{"start":{"line":90,"column":6},"end":{"line":90,"column":19}},"32":{"start":{"line":93,"column":4},"end":{"line":93,"column":50}},"33":{"start":{"line":94,"column":4},"end":{"line":94,"column":49}},"34":{"start":{"line":95,"column":4},"end":{"line":95,"column":16}},"35":{"start":{"line":106,"column":24},"end":{"line":112,"column":6}},"36":{"start":{"line":107,"column":29},"end":{"line":110,"column":7}},"37":{"start":{"line":111,"column":6},"end":{"line":111,"column":48}},"38":{"start":{"line":114,"column":4},"end":{"line":116,"column":5}},"39":{"start":{"line":115,"column":6},"end":{"line":115,"column":80}},"40":{"start":{"line":118,"column":4},"end":{"line":118,"column":23}},"41":{"start":{"line":129,"column":4},"end":{"line":130,"column":42}},"42":{"start":{"line":142,"column":23},"end":{"line":145,"column":5}},"43":{"start":{"line":147,"column":4},"end":{"line":149,"column":5}},"44":{"start":{"line":148,"column":6},"end":{"line":148,"column":72}},"45":{"start":{"line":151,"column":4},"end":{"line":153,"column":5}},"46":{"start":{"line":152,"column":6},"end":{"line":152,"column":84}},"47":{"start":{"line":155,"column":21},"end":{"line":155,"column":46}},"48":{"start":{"line":156,"column":4},"end":{"line":156,"column":56}},"49":{"start":{"line":167,"column":4},"end":{"line":168,"column":38}},"50":{"start":{"line":179,"column":4},"end":{"line":180,"column":85}},"51":{"start":{"line":180,"column":20},"end":{"line":180,"column":82}},"52":{"start":{"line":190,"column":4},"end":{"line":190,"column":40}},"53":{"start":{"line":202,"column":23},"end":{"line":202,"column":57}},"54":{"start":{"line":203,"column":24},"end":{"line":203,"column":41}},"55":{"start":{"line":204,"column":4},"end":{"line":204,"column":46}},"56":{"start":{"line":206,"column":22},"end":{"line":206,"column":84}},"57":{"start":{"line":207,"column":4},"end":{"line":207,"column":42}},"58":{"start":{"line":218,"column":4},"end":{"line":218,"column":58}},"59":{"start":{"line":246,"column":21},"end":{"line":246,"column":35}},"60":{"start":{"line":247,"column":4},"end":{"line":247,"column":41}},"61":{"start":{"line":248,"column":4},"end":{"line":248,"column":29}},"62":{"start":{"line":249,"column":4},"end":{"line":249,"column":27}},"63":{"start":{"line":250,"column":4},"end":{"line":250,"column":43}},"64":{"start":{"line":251,"column":4},"end":{"line":251,"column":33}},"65":{"start":{"line":252,"column":4},"end":{"line":252,"column":39}},"66":{"start":{"line":253,"column":4},"end":{"line":253,"column":29}},"67":{"start":{"line":254,"column":4},"end":{"line":254,"column":35}},"68":{"start":{"line":256,"column":4},"end":{"line":256,"column":42}},"69":{"start":{"line":266,"column":4},"end":{"line":266,"column":36}},"70":{"start":{"line":278,"column":4},"end":{"line":278,"column":38}},"71":{"start":{"line":289,"column":4},"end":{"line":289,"column":47}},"72":{"start":{"line":299,"column":4},"end":{"line":299,"column":58}},"73":{"start":{"line":312,"column":17},"end":{"line":318,"column":5}},"74":{"start":{"line":320,"column":4},"end":{"line":322,"column":5}},"75":{"start":{"line":321,"column":6},"end":{"line":321,"column":63}},"76":{"start":{"line":324,"column":4},"end":{"line":357,"column":7}},"77":{"start":{"line":325,"column":18},"end":{"line":325,"column":40}},"78":{"start":{"line":327,"column":6},"end":{"line":327,"column":90}},"79":{"start":{"line":328,"column":6},"end":{"line":331,"column":24}},"80":{"start":{"line":332,"column":6},"end":{"line":332,"column":98}},"81":{"start":{"line":333,"column":6},"end":{"line":333,"column":86}},"82":{"start":{"line":336,"column":6},"end":{"line":336,"column":80}},"83":{"start":{"line":338,"column":6},"end":{"line":338,"column":32}},"84":{"start":{"line":339,"column":6},"end":{"line":351,"column":9}},"85":{"start":{"line":340,"column":19},"end":{"line":340,"column":39}},"86":{"start":{"line":341,"column":8},"end":{"line":341,"column":71}},"87":{"start":{"line":342,"column":8},"end":{"line":343,"column":76}},"88":{"start":{"line":346,"column":8},"end":{"line":348,"column":9}},"89":{"start":{"line":347,"column":10},"end":{"line":347,"column":71}},"90":{"start":{"line":350,"column":8},"end":{"line":350,"column":18}},"91":{"start":{"line":354,"column":6},"end":{"line":354,"column":69}},"92":{"start":{"line":356,"column":6},"end":{"line":356,"column":34}},"93":{"start":{"line":359,"column":4},"end":{"line":359,"column":16}},"94":{"start":{"line":369,"column":4},"end":{"line":369,"column":61}},"95":{"start":{"line":380,"column":4},"end":{"line":380,"column":39}},"96":{"start":{"line":396,"column":19},"end":{"line":396,"column":57}},"97":{"start":{"line":398,"column":4},"end":{"line":400,"column":5}},"98":{"start":{"line":399,"column":6},"end":{"line":399,"column":84}},"99":{"start":{"line":402,"column":23},"end":{"line":402,"column":57}},"100":{"start":{"line":403,"column":4},"end":{"line":403,"column":80}},"101":{"start":{"line":404,"column":4},"end":{"line":404,"column":75}},"102":{"start":{"line":405,"column":4},"end":{"line":405,"column":16}},"103":{"start":{"line":416,"column":4},"end":{"line":416,"column":41}},"104":{"start":{"line":420,"column":0},"end":{"line":420,"column":27}}},"fnMap":{"0":{"name":"(anonymous_0)","decl":{"start":{"line":26,"column":38},"end":{"line":26,"column":39}},"loc":{"start":{"line":26,"column":49},"end":{"line":28,"column":1}},"line":26},"1":{"name":"(anonymous_1)","decl":{"start":{"line":33,"column":42},"end":{"line":33,"column":43}},"loc":{"start":{"line":33,"column":53},"end":{"line":35,"column":1}},"line":33},"2":{"name":"(anonymous_2)","decl":{"start":{"line":43,"column":2},"end":{"line":43,"column":3}},"loc":{"start":{"line":43,"column":20},"end":{"line":56,"column":3}},"line":43},"3":{"name":"(anonymous_3)","decl":{"start":{"line":65,"column":2},"end":{"line":65,"column":3}},"loc":{"start":{"line":65,"column":28},"end":{"line":75,"column":3}},"line":65},"4":{"name":"(anonymous_4)","decl":{"start":{"line":85,"column":2},"end":{"line":85,"column":3}},"loc":{"start":{"line":85,"column":30},"end":{"line":96,"column":3}},"line":85},"5":{"name":"(anonymous_5)","decl":{"start":{"line":87,"column":12},"end":{"line":87,"column":13}},"loc":{"start":{"line":87,"column":18},"end":{"line":87,"column":69}},"line":87},"6":{"name":"(anonymous_6)","decl":{"start":{"line":105,"column":2},"end":{"line":105,"column":3}},"loc":{"start":{"line":105,"column":36},"end":{"line":119,"column":3}},"line":105},"7":{"name":"(anonymous_7)","decl":{"start":{"line":106,"column":67},"end":{"line":106,"column":68}},"loc":{"start":{"line":106,"column":74},"end":{"line":112,"column":5}},"line":106},"8":{"name":"(anonymous_8)","decl":{"start":{"line":128,"column":2},"end":{"line":128,"column":3}},"loc":{"start":{"line":128,"column":43},"end":{"line":131,"column":3}},"line":128},"9":{"name":"(anonymous_9)","decl":{"start":{"line":141,"column":2},"end":{"line":141,"column":3}},"loc":{"start":{"line":141,"column":18},"end":{"line":157,"column":3}},"line":141},"10":{"name":"(anonymous_10)","decl":{"start":{"line":166,"column":2},"end":{"line":166,"column":3}},"loc":{"start":{"line":166,"column":37},"end":{"line":169,"column":3}},"line":166},"11":{"name":"(anonymous_11)","decl":{"start":{"line":178,"column":2},"end":{"line":178,"column":3}},"loc":{"start":{"line":178,"column":15},"end":{"line":181,"column":3}},"line":178},"12":{"name":"(anonymous_12)","decl":{"start":{"line":180,"column":14},"end":{"line":180,"column":15}},"loc":{"start":{"line":180,"column":20},"end":{"line":180,"column":82}},"line":180},"13":{"name":"(anonymous_13)","decl":{"start":{"line":189,"column":2},"end":{"line":189,"column":3}},"loc":{"start":{"line":189,"column":15},"end":{"line":191,"column":3}},"line":189},"14":{"name":"(anonymous_14)","decl":{"start":{"line":201,"column":2},"end":{"line":201,"column":3}},"loc":{"start":{"line":201,"column":31},"end":{"line":208,"column":3}},"line":201},"15":{"name":"(anonymous_15)","decl":{"start":{"line":217,"column":2},"end":{"line":217,"column":3}},"loc":{"start":{"line":217,"column":14},"end":{"line":219,"column":3}},"line":217},"16":{"name":"(anonymous_16)","decl":{"start":{"line":236,"column":2},"end":{"line":236,"column":3}},"loc":{"start":{"line":245,"column":4},"end":{"line":257,"column":3}},"line":245},"17":{"name":"(anonymous_17)","decl":{"start":{"line":265,"column":2},"end":{"line":265,"column":3}},"loc":{"start":{"line":265,"column":18},"end":{"line":267,"column":3}},"line":265},"18":{"name":"(anonymous_18)","decl":{"start":{"line":277,"column":2},"end":{"line":277,"column":3}},"loc":{"start":{"line":277,"column":20},"end":{"line":279,"column":3}},"line":277},"19":{"name":"(anonymous_19)","decl":{"start":{"line":288,"column":2},"end":{"line":288,"column":3}},"loc":{"start":{"line":288,"column":23},"end":{"line":290,"column":3}},"line":288},"20":{"name":"(anonymous_20)","decl":{"start":{"line":298,"column":2},"end":{"line":298,"column":3}},"loc":{"start":{"line":298,"column":13},"end":{"line":300,"column":3}},"line":298},"21":{"name":"(anonymous_21)","decl":{"start":{"line":311,"column":2},"end":{"line":311,"column":3}},"loc":{"start":{"line":311,"column":11},"end":{"line":360,"column":3}},"line":311},"22":{"name":"(anonymous_22)","decl":{"start":{"line":324,"column":50},"end":{"line":324,"column":51}},"loc":{"start":{"line":324,"column":67},"end":{"line":357,"column":5}},"line":324},"23":{"name":"(anonymous_23)","decl":{"start":{"line":339,"column":59},"end":{"line":339,"column":60}},"loc":{"start":{"line":339,"column":74},"end":{"line":351,"column":7}},"line":339},"24":{"name":"(anonymous_24)","decl":{"start":{"line":368,"column":2},"end":{"line":368,"column":3}},"loc":{"start":{"line":368,"column":13},"end":{"line":370,"column":3}},"line":368},"25":{"name":"(anonymous_25)","decl":{"start":{"line":379,"column":2},"end":{"line":379,"column":3}},"loc":{"start":{"line":379,"column":17},"end":{"line":381,"column":3}},"line":379},"26":{"name":"(anonymous_26)","decl":{"start":{"line":395,"column":2},"end":{"line":395,"column":3}},"loc":{"start":{"line":395,"column":42},"end":{"line":406,"column":3}},"line":395},"27":{"name":"(anonymous_27)","decl":{"start":{"line":415,"column":2},"end":{"line":415,"column":3}},"loc":{"start":{"line":415,"column":19},"end":{"line":417,"column":3}},"line":415}},"branchMap":{"0":{"loc":{"start":{"line":44,"column":4},"end":{"line":46,"column":5}},"type":"if","locations":[{"start":{"line":44,"column":4},"end":{"line":46,"column":5}},{"start":{"line":44,"column":4},"end":{"line":46,"column":5}}],"line":44},"1":{"loc":{"start":{"line":44,"column":8},"end":{"line":44,"column":49}},"type":"binary-expr","locations":[{"start":{"line":44,"column":8},"end":{"line":44,"column":33}},{"start":{"line":44,"column":37},"end":{"line":44,"column":49}}],"line":44},"2":{"loc":{"start":{"line":89,"column":4},"end":{"line":91,"column":5}},"type":"if","locations":[{"start":{"line":89,"column":4},"end":{"line":91,"column":5}},{"start":{"line":89,"column":4},"end":{"line":91,"column":5}}],"line":89},"3":{"loc":{"start":{"line":114,"column":4},"end":{"line":116,"column":5}},"type":"if","locations":[{"start":{"line":114,"column":4},"end":{"line":116,"column":5}},{"start":{"line":114,"column":4},"end":{"line":116,"column":5}}],"line":114},"4":{"loc":{"start":{"line":129,"column":12},"end":{"line":129,"column":55}},"type":"binary-expr","locations":[{"start":{"line":129,"column":12},"end":{"line":129,"column":34}},{"start":{"line":129,"column":38},"end":{"line":129,"column":55}}],"line":129},"5":{"loc":{"start":{"line":147,"column":4},"end":{"line":149,"column":5}},"type":"if","locations":[{"start":{"line":147,"column":4},"end":{"line":149,"column":5}},{"start":{"line":147,"column":4},"end":{"line":149,"column":5}}],"line":147},"6":{"loc":{"start":{"line":151,"column":4},"end":{"line":153,"column":5}},"type":"if","locations":[{"start":{"line":151,"column":4},"end":{"line":153,"column":5}},{"start":{"line":151,"column":4},"end":{"line":153,"column":5}}],"line":151},"7":{"loc":{"start":{"line":167,"column":12},"end":{"line":167,"column":69}},"type":"binary-expr","locations":[{"start":{"line":167,"column":12},"end":{"line":167,"column":40}},{"start":{"line":167,"column":44},"end":{"line":167,"column":69}}],"line":167},"8":{"loc":{"start":{"line":320,"column":4},"end":{"line":322,"column":5}},"type":"if","locations":[{"start":{"line":320,"column":4},"end":{"line":322,"column":5}},{"start":{"line":320,"column":4},"end":{"line":322,"column":5}}],"line":320},"9":{"loc":{"start":{"line":342,"column":20},"end":{"line":343,"column":75}},"type":"cond-expr","locations":[{"start":{"line":343,"column":12},"end":{"line":343,"column":70}},{"start":{"line":343,"column":73},"end":{"line":343,"column":75}}],"line":342},"10":{"loc":{"start":{"line":346,"column":8},"end":{"line":348,"column":9}},"type":"if","locations":[{"start":{"line":346,"column":8},"end":{"line":348,"column":9}},{"start":{"line":346,"column":8},"end":{"line":348,"column":9}}],"line":346},"11":{"loc":{"start":{"line":398,"column":4},"end":{"line":400,"column":5}},"type":"if","locations":[{"start":{"line":398,"column":4},"end":{"line":400,"column":5}},{"start":{"line":398,"column":4},"end":{"line":400,"column":5}}],"line":398}},"s":{"0":2,"1":2,"2":2,"3":2,"4":2,"5":2,"6":2,"7":2,"8":2,"9":2,"10":2,"11":2,"12":16,"13":2,"14":2,"15":10,"16":20,"17":1,"18":19,"19":19,"20":19,"21":19,"22":19,"23":14,"24":14,"25":14,"26":1,"27":13,"28":6,"29":3,"30":6,"31":3,"32":3,"33":3,"34":3,"35":10,"36":18,"37":18,"38":10,"39":1,"40":9,"41":15,"42":52,"43":52,"44":48,"45":52,"46":48,"47":52,"48":52,"49":32,"50":6,"51":13,"52":3,"53":9,"54":6,"55":6,"56":6,"57":6,"58":2,"59":1,"60":1,"61":1,"62":1,"63":1,"64":1,"65":1,"66":1,"67":1,"68":1,"69":2,"70":1,"71":2,"72":1,"73":3,"74":3,"75":2,"76":3,"77":6,"78":6,"79":6,"80":6,"81":6,"82":6,"83":6,"84":6,"85":30,"86":30,"87":30,"88":30,"89":18,"90":30,"91":6,"92":6,"93":3,"94":1,"95":3,"96":8,"97":8,"98":1,"99":7,"100":4,"101":4,"102":4,"103":24,"104":2},"f":{"0":16,"1":10,"2":20,"3":14,"4":6,"5":3,"6":10,"7":18,"8":15,"9":52,"10":32,"11":6,"12":13,"13":3,"14":9,"15":2,"16":1,"17":2,"18":1,"19":2,"20":1,"21":3,"22":6,"23":30,"24":1,"25":3,"26":8,"27":24},"b":{"0":[1,19],"1":[20,19],"2":[3,3],"3":[1,9],"4":[15,1],"5":[48,4],"6":[48,4],"7":[32,1],"8":[2,1],"9":[6,24],"10":[18,12],"11":[1,7]},"_coverageSchema":"1a1c01bbd47fc00a2c39e90264f33305004495a9","hash":"e730f84042b67285eb9c42f1232c017d3f395135"}
}
