{"/Users/david/src/opendataformats/opentimestamp/src/javascript/opentimestamp/lib/calendar.js": {"path":"/Users/david/src/opendataformats/opentimestamp/src/javascript/opentimestamp/lib/calendar.js","statementMap":{"0":{"start":{"line":11,"column":11},"end":{"line":11,"column":24}},"1":{"start":{"line":12,"column":14},"end":{"line":12,"column":30}},"2":{"start":{"line":13,"column":13},"end":{"line":13,"column":28}},"3":{"start":{"line":15,"column":18},"end":{"line":15,"column":40}},"4":{"start":{"line":17,"column":31},"end":{"line":18,"column":44}},"5":{"start":{"line":18,"column":31},"end":{"line":18,"column":42}},"6":{"start":{"line":30,"column":17},"end":{"line":30,"column":18}},"7":{"start":{"line":31,"column":22},"end":{"line":31,"column":84}},"8":{"start":{"line":31,"column":70},"end":{"line":31,"column":82}},"9":{"start":{"line":34,"column":20},"end":{"line":36,"column":5}},"10":{"start":{"line":35,"column":28},"end":{"line":35,"column":73}},"11":{"start":{"line":38,"column":4},"end":{"line":47,"column":7}},"12":{"start":{"line":39,"column":6},"end":{"line":46,"column":7}},"13":{"start":{"line":40,"column":8},"end":{"line":40,"column":47}},"14":{"start":{"line":41,"column":8},"end":{"line":41,"column":20}},"15":{"start":{"line":45,"column":8},"end":{"line":45,"column":72}},"16":{"start":{"line":49,"column":4},"end":{"line":49,"column":18}},"17":{"start":{"line":61,"column":20},"end":{"line":70,"column":5}},"18":{"start":{"line":72,"column":4},"end":{"line":72,"column":40}},"19":{"start":{"line":84,"column":20},"end":{"line":84,"column":42}},"20":{"start":{"line":86,"column":4},"end":{"line":88,"column":5}},"21":{"start":{"line":87,"column":6},"end":{"line":87,"column":19}},"22":{"start":{"line":90,"column":20},"end":{"line":92,"column":5}},"23":{"start":{"line":91,"column":24},"end":{"line":91,"column":58}},"24":{"start":{"line":94,"column":4},"end":{"line":94,"column":34}},"25":{"start":{"line":107,"column":23},"end":{"line":107,"column":48}},"26":{"start":{"line":108,"column":24},"end":{"line":111,"column":5}},"27":{"start":{"line":113,"column":16},"end":{"line":113,"column":53}},"28":{"start":{"line":115,"column":20},"end":{"line":122,"column":5}},"29":{"start":{"line":124,"column":17},"end":{"line":124,"column":45}},"30":{"start":{"line":126,"column":4},"end":{"line":132,"column":5}},"31":{"start":{"line":127,"column":6},"end":{"line":127,"column":54}},"32":{"start":{"line":128,"column":6},"end":{"line":128,"column":18}},"33":{"start":{"line":131,"column":6},"end":{"line":131,"column":19}},"34":{"start":{"line":184,"column":0},"end":{"line":184,"column":26}}},"fnMap":{"0":{"name":"(anonymous_0)","decl":{"start":{"line":18,"column":22},"end":{"line":18,"column":23}},"loc":{"start":{"line":18,"column":31},"end":{"line":18,"column":42}},"line":18},"1":{"name":"(anonymous_1)","decl":{"start":{"line":29,"column":2},"end":{"line":29,"column":3}},"loc":{"start":{"line":29,"column":34},"end":{"line":50,"column":3}},"line":29},"2":{"name":"(anonymous_2)","decl":{"start":{"line":31,"column":62},"end":{"line":31,"column":63}},"loc":{"start":{"line":31,"column":70},"end":{"line":31,"column":82}},"line":31},"3":{"name":"(anonymous_3)","decl":{"start":{"line":35,"column":20},"end":{"line":35,"column":21}},"loc":{"start":{"line":35,"column":28},"end":{"line":35,"column":73}},"line":35},"4":{"name":"(anonymous_4)","decl":{"start":{"line":38,"column":20},"end":{"line":38,"column":21}},"loc":{"start":{"line":38,"column":32},"end":{"line":47,"column":5}},"line":38},"5":{"name":"(anonymous_5)","decl":{"start":{"line":60,"column":2},"end":{"line":60,"column":3}},"loc":{"start":{"line":60,"column":28},"end":{"line":73,"column":3}},"line":60},"6":{"name":"(anonymous_6)","decl":{"start":{"line":83,"column":2},"end":{"line":83,"column":3}},"loc":{"start":{"line":83,"column":26},"end":{"line":95,"column":3}},"line":83},"7":{"name":"(anonymous_7)","decl":{"start":{"line":91,"column":18},"end":{"line":91,"column":19}},"loc":{"start":{"line":91,"column":24},"end":{"line":91,"column":58}},"line":91},"8":{"name":"(anonymous_8)","decl":{"start":{"line":106,"column":2},"end":{"line":106,"column":3}},"loc":{"start":{"line":106,"column":48},"end":{"line":133,"column":3}},"line":106}},"branchMap":{"0":{"loc":{"start":{"line":31,"column":23},"end":{"line":31,"column":56}},"type":"binary-expr","locations":[{"start":{"line":31,"column":23},"end":{"line":31,"column":30}},{"start":{"line":31,"column":34},"end":{"line":31,"column":56}}],"line":31},"1":{"loc":{"start":{"line":86,"column":4},"end":{"line":88,"column":5}},"type":"if","locations":[{"start":{"line":86,"column":4},"end":{"line":88,"column":5}},{"start":{"line":86,"column":4},"end":{"line":88,"column":5}}],"line":86}},"s":{"0":2,"1":2,"2":2,"3":2,"4":2,"5":8,"6":2,"7":2,"8":6,"9":2,"10":6,"11":2,"12":6,"13":6,"14":3,"15":3,"16":2,"17":6,"18":6,"19":3,"20":3,"21":1,"22":2,"23":6,"24":2,"25":6,"26":6,"27":6,"28":6,"29":6,"30":6,"31":6,"32":3,"33":3,"34":2},"f":{"0":8,"1":2,"2":6,"3":6,"4":6,"5":6,"6":3,"7":6,"8":6},"b":{"0":[2,2],"1":[1,2]},"_coverageSchema":"1a1c01bbd47fc00a2c39e90264f33305004495a9","hash":"98deb6abd4b21d2e39fd23977b468e3d88af1a1b"}
,"/Users/david/src/opendataformats/opentimestamp/src/javascript/opentimestamp/lib/execution.js": {"path":"/Users/david/src/opendataformats/opentimestamp/src/javascript/opentimestamp/lib/execution.js","statementMap":{"0":{"start":{"line":8,"column":15},"end":{"line":8,"column":32}},"1":{"start":{"line":10,"column":26},"end":{"line":10,"column":76}},"2":{"start":{"line":11,"column":15},"end":{"line":11,"column":34}},"3":{"start":{"line":25,"column":16},"end":{"line":25,"column":17}},"4":{"start":{"line":26,"column":17},"end":{"line":26,"column":21}},"5":{"start":{"line":27,"column":15},"end":{"line":27,"column":42}},"6":{"start":{"line":29,"column":4},"end":{"line":58,"column":5}},"7":{"start":{"line":30,"column":24},"end":{"line":30,"column":41}},"8":{"start":{"line":31,"column":20},"end":{"line":31,"column":53}},"9":{"start":{"line":33,"column":6},"end":{"line":53,"column":7}},"10":{"start":{"line":35,"column":10},"end":{"line":35,"column":69}},"11":{"start":{"line":36,"column":10},"end":{"line":36,"column":16}},"12":{"start":{"line":39,"column":10},"end":{"line":39,"column":74}},"13":{"start":{"line":40,"column":10},"end":{"line":40,"column":16}},"14":{"start":{"line":43,"column":10},"end":{"line":43,"column":44}},"15":{"start":{"line":44,"column":10},"end":{"line":44,"column":16}},"16":{"start":{"line":47,"column":10},"end":{"line":47,"column":50}},"17":{"start":{"line":48,"column":10},"end":{"line":48,"column":16}},"18":{"start":{"line":51,"column":10},"end":{"line":51,"column":50}},"19":{"start":{"line":52,"column":10},"end":{"line":52,"column":16}},"20":{"start":{"line":55,"column":6},"end":{"line":56,"column":85}},"21":{"start":{"line":57,"column":6},"end":{"line":57,"column":17}},"22":{"start":{"line":60,"column":4},"end":{"line":60,"column":18}},"23":{"start":{"line":72,"column":17},"end":{"line":72,"column":24}},"24":{"start":{"line":74,"column":4},"end":{"line":123,"column":7}},"25":{"start":{"line":75,"column":19},"end":{"line":75,"column":31}},"26":{"start":{"line":76,"column":20},"end":{"line":76,"column":46}},"27":{"start":{"line":78,"column":6},"end":{"line":122,"column":7}},"28":{"start":{"line":80,"column":10},"end":{"line":80,"column":48}},"29":{"start":{"line":83,"column":10},"end":{"line":83,"column":90}},"30":{"start":{"line":84,"column":10},"end":{"line":84,"column":90}},"31":{"start":{"line":85,"column":10},"end":{"line":85,"column":16}},"32":{"start":{"line":88,"column":10},"end":{"line":88,"column":69}},"33":{"start":{"line":89,"column":10},"end":{"line":89,"column":16}},"34":{"start":{"line":92,"column":10},"end":{"line":92,"column":74}},"35":{"start":{"line":93,"column":10},"end":{"line":93,"column":16}},"36":{"start":{"line":96,"column":10},"end":{"line":96,"column":44}},"37":{"start":{"line":97,"column":10},"end":{"line":97,"column":16}},"38":{"start":{"line":100,"column":10},"end":{"line":100,"column":50}},"39":{"start":{"line":104,"column":10},"end":{"line":107,"column":11}},"40":{"start":{"line":105,"column":25},"end":{"line":105,"column":83}},"41":{"start":{"line":106,"column":12},"end":{"line":106,"column":64}},"42":{"start":{"line":108,"column":10},"end":{"line":108,"column":16}},"43":{"start":{"line":113,"column":10},"end":{"line":115,"column":11}},"44":{"start":{"line":114,"column":12},"end":{"line":114,"column":72}},"45":{"start":{"line":117,"column":10},"end":{"line":117,"column":50}},"46":{"start":{"line":118,"column":10},"end":{"line":118,"column":16}},"47":{"start":{"line":121,"column":10},"end":{"line":121,"column":72}},"48":{"start":{"line":127,"column":4},"end":{"line":129,"column":5}},"49":{"start":{"line":128,"column":6},"end":{"line":128,"column":78}},"50":{"start":{"line":131,"column":4},"end":{"line":131,"column":23}},"51":{"start":{"line":142,"column":4},"end":{"line":142,"column":75}},"52":{"start":{"line":147,"column":0},"end":{"line":147,"column":27}}},"fnMap":{"0":{"name":"(anonymous_0)","decl":{"start":{"line":24,"column":2},"end":{"line":24,"column":3}},"loc":{"start":{"line":24,"column":45},"end":{"line":61,"column":3}},"line":24},"1":{"name":"(anonymous_1)","decl":{"start":{"line":71,"column":2},"end":{"line":71,"column":3}},"loc":{"start":{"line":71,"column":49},"end":{"line":132,"column":3}},"line":71},"2":{"name":"(anonymous_2)","decl":{"start":{"line":74,"column":44},"end":{"line":74,"column":45}},"loc":{"start":{"line":74,"column":52},"end":{"line":123,"column":5}},"line":74},"3":{"name":"(anonymous_3)","decl":{"start":{"line":141,"column":2},"end":{"line":141,"column":3}},"loc":{"start":{"line":141,"column":23},"end":{"line":143,"column":3}},"line":141}},"branchMap":{"0":{"loc":{"start":{"line":33,"column":6},"end":{"line":53,"column":7}},"type":"switch","locations":[{"start":{"line":34,"column":8},"end":{"line":36,"column":16}},{"start":{"line":38,"column":8},"end":{"line":40,"column":16}},{"start":{"line":42,"column":8},"end":{"line":44,"column":16}},{"start":{"line":46,"column":8},"end":{"line":48,"column":16}},{"start":{"line":50,"column":8},"end":{"line":52,"column":16}}],"line":33},"1":{"loc":{"start":{"line":55,"column":13},"end":{"line":56,"column":84}},"type":"cond-expr","locations":[{"start":{"line":56,"column":10},"end":{"line":56,"column":41}},{"start":{"line":56,"column":44},"end":{"line":56,"column":84}}],"line":55},"2":{"loc":{"start":{"line":78,"column":6},"end":{"line":122,"column":7}},"type":"switch","locations":[{"start":{"line":79,"column":8},"end":{"line":85,"column":16}},{"start":{"line":87,"column":8},"end":{"line":89,"column":16}},{"start":{"line":91,"column":8},"end":{"line":93,"column":16}},{"start":{"line":95,"column":8},"end":{"line":97,"column":16}},{"start":{"line":99,"column":8},"end":{"line":108,"column":16}},{"start":{"line":110,"column":8},"end":{"line":118,"column":16}},{"start":{"line":120,"column":8},"end":{"line":121,"column":72}}],"line":78},"3":{"loc":{"start":{"line":83,"column":37},"end":{"line":83,"column":88}},"type":"binary-expr","locations":[{"start":{"line":83,"column":37},"end":{"line":83,"column":56}},{"start":{"line":83,"column":60},"end":{"line":83,"column":88}}],"line":83},"4":{"loc":{"start":{"line":84,"column":37},"end":{"line":84,"column":88}},"type":"binary-expr","locations":[{"start":{"line":84,"column":37},"end":{"line":84,"column":56}},{"start":{"line":84,"column":60},"end":{"line":84,"column":88}}],"line":84},"5":{"loc":{"start":{"line":104,"column":10},"end":{"line":107,"column":11}},"type":"if","locations":[{"start":{"line":104,"column":10},"end":{"line":107,"column":11}},{"start":{"line":104,"column":10},"end":{"line":107,"column":11}}],"line":104},"6":{"loc":{"start":{"line":113,"column":10},"end":{"line":115,"column":11}},"type":"if","locations":[{"start":{"line":113,"column":10},"end":{"line":115,"column":11}},{"start":{"line":113,"column":10},"end":{"line":115,"column":11}}],"line":113},"7":{"loc":{"start":{"line":127,"column":4},"end":{"line":129,"column":5}},"type":"if","locations":[{"start":{"line":127,"column":4},"end":{"line":129,"column":5}},{"start":{"line":127,"column":4},"end":{"line":129,"column":5}}],"line":127}},"s":{"0":3,"1":3,"2":3,"3":32,"4":32,"5":32,"6":32,"7":127,"8":127,"9":127,"10":1,"11":1,"12":1,"13":1,"14":30,"15":30,"16":63,"17":63,"18":32,"19":32,"20":127,"21":127,"22":32,"23":15,"24":15,"25":401,"26":401,"27":401,"28":19,"29":19,"30":19,"31":19,"32":1,"33":1,"34":1,"35":1,"36":207,"37":207,"38":93,"39":93,"40":5,"41":5,"42":93,"43":79,"44":5,"45":79,"46":79,"47":1,"48":14,"49":5,"50":14,"51":347,"52":3},"f":{"0":32,"1":15,"2":401,"3":347},"b":{"0":[1,1,30,63,32],"1":[126,1],"2":[19,1,1,207,93,79,1],"3":[19,5],"4":[19,14],"5":[5,88],"6":[5,74],"7":[5,9]},"_coverageSchema":"1a1c01bbd47fc00a2c39e90264f33305004495a9","hash":"4add53a025575aef2162f7f97f5f73e3e9dc2f5a"}
,"/Users/david/src/opendataformats/opentimestamp/src/javascript/opentimestamp/lib/parser.js": {"path":"/Users/david/src/opendataformats/opentimestamp/src/javascript/opentimestamp/lib/parser.js","statementMap":{"0":{"start":{"line":9,"column":30},"end":{"line":9,"column":77}},"1":{"start":{"line":10,"column":37},"end":{"line":10,"column":87}},"2":{"start":{"line":12,"column":29},"end":{"line":12,"column":30}},"3":{"start":{"line":13,"column":25},"end":{"line":17,"column":1}},"4":{"start":{"line":28,"column":23},"end":{"line":28,"column":25}},"5":{"start":{"line":29,"column":20},"end":{"line":29,"column":26}},"6":{"start":{"line":34,"column":4},"end":{"line":82,"column":5}},"7":{"start":{"line":35,"column":19},"end":{"line":35,"column":31}},"8":{"start":{"line":36,"column":6},"end":{"line":36,"column":37}},"9":{"start":{"line":38,"column":6},"end":{"line":40,"column":7}},"10":{"start":{"line":39,"column":8},"end":{"line":39,"column":70}},"11":{"start":{"line":42,"column":24},"end":{"line":42,"column":39}},"12":{"start":{"line":43,"column":6},"end":{"line":43,"column":30}},"13":{"start":{"line":45,"column":6},"end":{"line":74,"column":7}},"14":{"start":{"line":49,"column":10},"end":{"line":49,"column":16}},"15":{"start":{"line":52,"column":10},"end":{"line":52,"column":70}},"16":{"start":{"line":53,"column":10},"end":{"line":53,"column":16}},"17":{"start":{"line":55,"column":10},"end":{"line":55,"column":62}},"18":{"start":{"line":56,"column":10},"end":{"line":56,"column":38}},"19":{"start":{"line":57,"column":10},"end":{"line":57,"column":60}},"20":{"start":{"line":58,"column":10},"end":{"line":58,"column":72}},"21":{"start":{"line":60,"column":10},"end":{"line":72,"column":11}},"22":{"start":{"line":62,"column":14},"end":{"line":64,"column":16}},"23":{"start":{"line":65,"column":14},"end":{"line":65,"column":20}},"24":{"start":{"line":68,"column":14},"end":{"line":70,"column":16}},"25":{"start":{"line":71,"column":14},"end":{"line":71,"column":20}},"26":{"start":{"line":73,"column":10},"end":{"line":73,"column":16}},"27":{"start":{"line":76,"column":6},"end":{"line":79,"column":7}},"28":{"start":{"line":77,"column":8},"end":{"line":77,"column":51}},"29":{"start":{"line":78,"column":8},"end":{"line":78,"column":26}},"30":{"start":{"line":81,"column":6},"end":{"line":81,"column":33}},"31":{"start":{"line":84,"column":4},"end":{"line":84,"column":22}},"32":{"start":{"line":92,"column":16},"end":{"line":92,"column":69}},"33":{"start":{"line":93,"column":4},"end":{"line":93,"column":81}},"34":{"start":{"line":105,"column":30},"end":{"line":105,"column":67}},"35":{"start":{"line":107,"column":4},"end":{"line":111,"column":5}},"36":{"start":{"line":108,"column":6},"end":{"line":110,"column":8}},"37":{"start":{"line":113,"column":4},"end":{"line":116,"column":6}},"38":{"start":{"line":130,"column":17},"end":{"line":130,"column":18}},"39":{"start":{"line":131,"column":19},"end":{"line":131,"column":20}},"40":{"start":{"line":133,"column":4},"end":{"line":137,"column":32}},"41":{"start":{"line":134,"column":6},"end":{"line":134,"column":30}},"42":{"start":{"line":135,"column":6},"end":{"line":135,"column":54}},"43":{"start":{"line":136,"column":6},"end":{"line":136,"column":20}},"44":{"start":{"line":139,"column":4},"end":{"line":142,"column":6}},"45":{"start":{"line":153,"column":19},"end":{"line":153,"column":45}},"46":{"start":{"line":154,"column":4},"end":{"line":156,"column":5}},"47":{"start":{"line":154,"column":21},"end":{"line":154,"column":22}},"48":{"start":{"line":155,"column":6},"end":{"line":155,"column":54}},"49":{"start":{"line":157,"column":4},"end":{"line":157,"column":18}},"50":{"start":{"line":162,"column":0},"end":{"line":162,"column":24}}},"fnMap":{"0":{"name":"(anonymous_0)","decl":{"start":{"line":27,"column":2},"end":{"line":27,"column":3}},"loc":{"start":{"line":27,"column":37},"end":{"line":85,"column":3}},"line":27},"1":{"name":"(anonymous_1)","decl":{"start":{"line":91,"column":2},"end":{"line":91,"column":3}},"loc":{"start":{"line":91,"column":42},"end":{"line":94,"column":3}},"line":91},"2":{"name":"(anonymous_2)","decl":{"start":{"line":104,"column":2},"end":{"line":104,"column":3}},"loc":{"start":{"line":104,"column":38},"end":{"line":117,"column":3}},"line":104},"3":{"name":"(anonymous_3)","decl":{"start":{"line":128,"column":2},"end":{"line":128,"column":3}},"loc":{"start":{"line":128,"column":40},"end":{"line":143,"column":3}},"line":128},"4":{"name":"(anonymous_4)","decl":{"start":{"line":152,"column":2},"end":{"line":152,"column":3}},"loc":{"start":{"line":152,"column":24},"end":{"line":158,"column":3}},"line":152}},"branchMap":{"0":{"loc":{"start":{"line":38,"column":6},"end":{"line":40,"column":7}},"type":"if","locations":[{"start":{"line":38,"column":6},"end":{"line":40,"column":7}},{"start":{"line":38,"column":6},"end":{"line":40,"column":7}}],"line":38},"1":{"loc":{"start":{"line":45,"column":6},"end":{"line":74,"column":7}},"type":"switch","locations":[{"start":{"line":46,"column":8},"end":{"line":46,"column":47}},{"start":{"line":47,"column":8},"end":{"line":47,"column":52}},{"start":{"line":48,"column":8},"end":{"line":49,"column":16}},{"start":{"line":50,"column":8},"end":{"line":50,"column":49}},{"start":{"line":51,"column":8},"end":{"line":53,"column":16}},{"start":{"line":54,"column":8},"end":{"line":73,"column":16}}],"line":45},"2":{"loc":{"start":{"line":60,"column":10},"end":{"line":72,"column":11}},"type":"switch","locations":[{"start":{"line":61,"column":12},"end":{"line":65,"column":20}},{"start":{"line":66,"column":12},"end":{"line":66,"column":62}},{"start":{"line":67,"column":12},"end":{"line":71,"column":20}}],"line":60},"3":{"loc":{"start":{"line":76,"column":6},"end":{"line":79,"column":7}},"type":"if","locations":[{"start":{"line":76,"column":6},"end":{"line":79,"column":7}},{"start":{"line":76,"column":6},"end":{"line":79,"column":7}}],"line":76},"4":{"loc":{"start":{"line":93,"column":11},"end":{"line":93,"column":80}},"type":"binary-expr","locations":[{"start":{"line":93,"column":11},"end":{"line":93,"column":32}},{"start":{"line":93,"column":36},"end":{"line":93,"column":80}}],"line":93},"5":{"loc":{"start":{"line":107,"column":4},"end":{"line":111,"column":5}},"type":"if","locations":[{"start":{"line":107,"column":4},"end":{"line":111,"column":5}},{"start":{"line":107,"column":4},"end":{"line":111,"column":5}}],"line":107}},"s":{"0":4,"1":4,"2":4,"3":4,"4":34,"5":34,"6":34,"7":565,"8":565,"9":565,"10":8,"11":557,"12":557,"13":557,"14":292,"15":239,"16":239,"17":26,"18":26,"19":26,"20":26,"21":25,"22":17,"23":17,"24":7,"25":7,"26":25,"27":556,"28":239,"29":239,"30":556,"31":25,"32":26,"33":26,"34":282,"35":282,"36":1,"37":281,"38":289,"39":289,"40":289,"41":303,"42":303,"43":303,"44":289,"45":11,"46":11,"47":11,"48":352,"49":11,"50":4},"f":{"0":34,"1":26,"2":282,"3":289,"4":11},"b":{"0":[8,557],"1":[3,6,292,130,239,26],"2":[17,7,7],"3":[239,317],"4":[26,1],"5":[1,281]},"_coverageSchema":"1a1c01bbd47fc00a2c39e90264f33305004495a9","hash":"24a37e61ca89b6687c86371a31a66c8738d9a652"}
,"/Users/david/src/opendataformats/opentimestamp/src/javascript/opentimestamp/lib/timestamp.js": {"path":"/Users/david/src/opendataformats/opentimestamp/src/javascript/opentimestamp/lib/timestamp.js","statementMap":{"0":{"start":{"line":9,"column":15},"end":{"line":9,"column":32}},"1":{"start":{"line":11,"column":17},"end":{"line":11,"column":38}},"2":{"start":{"line":12,"column":18},"end":{"line":12,"column":40}},"3":{"start":{"line":13,"column":15},"end":{"line":13,"column":34}},"4":{"start":{"line":15,"column":24},"end":{"line":15,"column":76}},"5":{"start":{"line":16,"column":30},"end":{"line":16,"column":77}},"6":{"start":{"line":17,"column":21},"end":{"line":17,"column":70}},"7":{"start":{"line":18,"column":21},"end":{"line":18,"column":70}},"8":{"start":{"line":19,"column":26},"end":{"line":19,"column":76}},"9":{"start":{"line":20,"column":26},"end":{"line":20,"column":76}},"10":{"start":{"line":22,"column":20},"end":{"line":22,"column":22}},"11":{"start":{"line":26,"column":31},"end":{"line":26,"column":33}},"12":{"start":{"line":27,"column":0},"end":{"line":29,"column":3}},"13":{"start":{"line":28,"column":2},"end":{"line":28,"column":45}},"14":{"start":{"line":33,"column":23},"end":{"line":33,"column":25}},"15":{"start":{"line":34,"column":0},"end":{"line":36,"column":3}},"16":{"start":{"line":35,"column":2},"end":{"line":35,"column":37}},"17":{"start":{"line":45,"column":4},"end":{"line":47,"column":5}},"18":{"start":{"line":46,"column":6},"end":{"line":46,"column":80}},"19":{"start":{"line":51,"column":4},"end":{"line":51,"column":36}},"20":{"start":{"line":53,"column":4},"end":{"line":53,"column":42}},"21":{"start":{"line":54,"column":4},"end":{"line":54,"column":34}},"22":{"start":{"line":55,"column":4},"end":{"line":55,"column":79}},"23":{"start":{"line":56,"column":4},"end":{"line":56,"column":52}},"24":{"start":{"line":67,"column":15},"end":{"line":67,"column":46}},"25":{"start":{"line":69,"column":4},"end":{"line":73,"column":5}},"26":{"start":{"line":70,"column":6},"end":{"line":70,"column":62}},"27":{"start":{"line":72,"column":6},"end":{"line":72,"column":72}},"28":{"start":{"line":75,"column":4},"end":{"line":75,"column":14}},"29":{"start":{"line":87,"column":19},"end":{"line":88,"column":71}},"30":{"start":{"line":88,"column":18},"end":{"line":88,"column":69}},"31":{"start":{"line":90,"column":4},"end":{"line":92,"column":5}},"32":{"start":{"line":91,"column":6},"end":{"line":91,"column":19}},"33":{"start":{"line":94,"column":4},"end":{"line":94,"column":50}},"34":{"start":{"line":95,"column":4},"end":{"line":95,"column":49}},"35":{"start":{"line":96,"column":4},"end":{"line":96,"column":16}},"36":{"start":{"line":107,"column":24},"end":{"line":113,"column":6}},"37":{"start":{"line":108,"column":29},"end":{"line":111,"column":7}},"38":{"start":{"line":112,"column":6},"end":{"line":112,"column":48}},"39":{"start":{"line":115,"column":4},"end":{"line":117,"column":5}},"40":{"start":{"line":116,"column":6},"end":{"line":116,"column":80}},"41":{"start":{"line":119,"column":4},"end":{"line":119,"column":23}},"42":{"start":{"line":130,"column":4},"end":{"line":131,"column":42}},"43":{"start":{"line":143,"column":23},"end":{"line":146,"column":5}},"44":{"start":{"line":148,"column":4},"end":{"line":150,"column":5}},"45":{"start":{"line":149,"column":6},"end":{"line":149,"column":72}},"46":{"start":{"line":152,"column":4},"end":{"line":154,"column":5}},"47":{"start":{"line":153,"column":6},"end":{"line":153,"column":84}},"48":{"start":{"line":156,"column":4},"end":{"line":158,"column":5}},"49":{"start":{"line":157,"column":6},"end":{"line":157,"column":84}},"50":{"start":{"line":160,"column":21},"end":{"line":160,"column":46}},"51":{"start":{"line":161,"column":4},"end":{"line":161,"column":56}},"52":{"start":{"line":172,"column":4},"end":{"line":173,"column":38}},"53":{"start":{"line":184,"column":4},"end":{"line":185,"column":85}},"54":{"start":{"line":185,"column":20},"end":{"line":185,"column":82}},"55":{"start":{"line":195,"column":4},"end":{"line":195,"column":40}},"56":{"start":{"line":207,"column":23},"end":{"line":207,"column":57}},"57":{"start":{"line":208,"column":24},"end":{"line":208,"column":41}},"58":{"start":{"line":209,"column":4},"end":{"line":209,"column":46}},"59":{"start":{"line":211,"column":22},"end":{"line":211,"column":84}},"60":{"start":{"line":212,"column":4},"end":{"line":212,"column":42}},"61":{"start":{"line":223,"column":4},"end":{"line":223,"column":58}},"62":{"start":{"line":251,"column":4},"end":{"line":253,"column":5}},"63":{"start":{"line":252,"column":6},"end":{"line":252,"column":90}},"64":{"start":{"line":255,"column":21},"end":{"line":255,"column":35}},"65":{"start":{"line":256,"column":4},"end":{"line":256,"column":41}},"66":{"start":{"line":257,"column":4},"end":{"line":257,"column":29}},"67":{"start":{"line":258,"column":4},"end":{"line":258,"column":27}},"68":{"start":{"line":259,"column":4},"end":{"line":259,"column":43}},"69":{"start":{"line":260,"column":4},"end":{"line":260,"column":33}},"70":{"start":{"line":261,"column":4},"end":{"line":261,"column":39}},"71":{"start":{"line":262,"column":4},"end":{"line":262,"column":29}},"72":{"start":{"line":263,"column":4},"end":{"line":263,"column":35}},"73":{"start":{"line":265,"column":4},"end":{"line":265,"column":42}},"74":{"start":{"line":287,"column":4},"end":{"line":289,"column":5}},"75":{"start":{"line":288,"column":6},"end":{"line":288,"column":90}},"76":{"start":{"line":291,"column":21},"end":{"line":291,"column":35}},"77":{"start":{"line":292,"column":4},"end":{"line":292,"column":35}},"78":{"start":{"line":293,"column":4},"end":{"line":293,"column":37}},"79":{"start":{"line":294,"column":4},"end":{"line":294,"column":35}},"80":{"start":{"line":295,"column":4},"end":{"line":295,"column":41}},"81":{"start":{"line":296,"column":4},"end":{"line":296,"column":37}},"82":{"start":{"line":297,"column":4},"end":{"line":297,"column":35}},"83":{"start":{"line":298,"column":4},"end":{"line":298,"column":42}},"84":{"start":{"line":308,"column":4},"end":{"line":308,"column":36}},"85":{"start":{"line":320,"column":4},"end":{"line":320,"column":38}},"86":{"start":{"line":331,"column":4},"end":{"line":331,"column":47}},"87":{"start":{"line":341,"column":4},"end":{"line":341,"column":58}},"88":{"start":{"line":354,"column":17},"end":{"line":360,"column":5}},"89":{"start":{"line":362,"column":4},"end":{"line":364,"column":5}},"90":{"start":{"line":363,"column":6},"end":{"line":363,"column":63}},"91":{"start":{"line":366,"column":4},"end":{"line":368,"column":5}},"92":{"start":{"line":367,"column":6},"end":{"line":367,"column":63}},"93":{"start":{"line":370,"column":4},"end":{"line":403,"column":7}},"94":{"start":{"line":371,"column":18},"end":{"line":371,"column":40}},"95":{"start":{"line":373,"column":6},"end":{"line":373,"column":90}},"96":{"start":{"line":374,"column":6},"end":{"line":377,"column":24}},"97":{"start":{"line":378,"column":6},"end":{"line":378,"column":98}},"98":{"start":{"line":379,"column":6},"end":{"line":379,"column":86}},"99":{"start":{"line":382,"column":6},"end":{"line":382,"column":80}},"100":{"start":{"line":384,"column":6},"end":{"line":384,"column":32}},"101":{"start":{"line":385,"column":6},"end":{"line":397,"column":9}},"102":{"start":{"line":386,"column":19},"end":{"line":386,"column":39}},"103":{"start":{"line":387,"column":8},"end":{"line":387,"column":71}},"104":{"start":{"line":388,"column":8},"end":{"line":389,"column":76}},"105":{"start":{"line":392,"column":8},"end":{"line":394,"column":9}},"106":{"start":{"line":393,"column":10},"end":{"line":393,"column":71}},"107":{"start":{"line":396,"column":8},"end":{"line":396,"column":18}},"108":{"start":{"line":400,"column":6},"end":{"line":400,"column":69}},"109":{"start":{"line":402,"column":6},"end":{"line":402,"column":34}},"110":{"start":{"line":405,"column":4},"end":{"line":405,"column":16}},"111":{"start":{"line":415,"column":4},"end":{"line":415,"column":61}},"112":{"start":{"line":426,"column":4},"end":{"line":426,"column":39}},"113":{"start":{"line":442,"column":19},"end":{"line":442,"column":57}},"114":{"start":{"line":444,"column":4},"end":{"line":446,"column":5}},"115":{"start":{"line":445,"column":6},"end":{"line":445,"column":84}},"116":{"start":{"line":448,"column":23},"end":{"line":448,"column":57}},"117":{"start":{"line":449,"column":4},"end":{"line":449,"column":80}},"118":{"start":{"line":450,"column":4},"end":{"line":450,"column":75}},"119":{"start":{"line":451,"column":4},"end":{"line":451,"column":16}},"120":{"start":{"line":462,"column":4},"end":{"line":462,"column":41}},"121":{"start":{"line":466,"column":0},"end":{"line":466,"column":27}}},"fnMap":{"0":{"name":"(anonymous_0)","decl":{"start":{"line":27,"column":38},"end":{"line":27,"column":39}},"loc":{"start":{"line":27,"column":49},"end":{"line":29,"column":1}},"line":27},"1":{"name":"(anonymous_1)","decl":{"start":{"line":34,"column":42},"end":{"line":34,"column":43}},"loc":{"start":{"line":34,"column":53},"end":{"line":36,"column":1}},"line":34},"2":{"name":"(anonymous_2)","decl":{"start":{"line":44,"column":2},"end":{"line":44,"column":3}},"loc":{"start":{"line":44,"column":20},"end":{"line":57,"column":3}},"line":44},"3":{"name":"(anonymous_3)","decl":{"start":{"line":66,"column":2},"end":{"line":66,"column":3}},"loc":{"start":{"line":66,"column":28},"end":{"line":76,"column":3}},"line":66},"4":{"name":"(anonymous_4)","decl":{"start":{"line":86,"column":2},"end":{"line":86,"column":3}},"loc":{"start":{"line":86,"column":30},"end":{"line":97,"column":3}},"line":86},"5":{"name":"(anonymous_5)","decl":{"start":{"line":88,"column":12},"end":{"line":88,"column":13}},"loc":{"start":{"line":88,"column":18},"end":{"line":88,"column":69}},"line":88},"6":{"name":"(anonymous_6)","decl":{"start":{"line":106,"column":2},"end":{"line":106,"column":3}},"loc":{"start":{"line":106,"column":36},"end":{"line":120,"column":3}},"line":106},"7":{"name":"(anonymous_7)","decl":{"start":{"line":107,"column":67},"end":{"line":107,"column":68}},"loc":{"start":{"line":107,"column":74},"end":{"line":113,"column":5}},"line":107},"8":{"name":"(anonymous_8)","decl":{"start":{"line":129,"column":2},"end":{"line":129,"column":3}},"loc":{"start":{"line":129,"column":43},"end":{"line":132,"column":3}},"line":129},"9":{"name":"(anonymous_9)","decl":{"start":{"line":142,"column":2},"end":{"line":142,"column":3}},"loc":{"start":{"line":142,"column":18},"end":{"line":162,"column":3}},"line":142},"10":{"name":"(anonymous_10)","decl":{"start":{"line":171,"column":2},"end":{"line":171,"column":3}},"loc":{"start":{"line":171,"column":37},"end":{"line":174,"column":3}},"line":171},"11":{"name":"(anonymous_11)","decl":{"start":{"line":183,"column":2},"end":{"line":183,"column":3}},"loc":{"start":{"line":183,"column":15},"end":{"line":186,"column":3}},"line":183},"12":{"name":"(anonymous_12)","decl":{"start":{"line":185,"column":14},"end":{"line":185,"column":15}},"loc":{"start":{"line":185,"column":20},"end":{"line":185,"column":82}},"line":185},"13":{"name":"(anonymous_13)","decl":{"start":{"line":194,"column":2},"end":{"line":194,"column":3}},"loc":{"start":{"line":194,"column":15},"end":{"line":196,"column":3}},"line":194},"14":{"name":"(anonymous_14)","decl":{"start":{"line":206,"column":2},"end":{"line":206,"column":3}},"loc":{"start":{"line":206,"column":31},"end":{"line":213,"column":3}},"line":206},"15":{"name":"(anonymous_15)","decl":{"start":{"line":222,"column":2},"end":{"line":222,"column":3}},"loc":{"start":{"line":222,"column":14},"end":{"line":224,"column":3}},"line":222},"16":{"name":"(anonymous_16)","decl":{"start":{"line":241,"column":2},"end":{"line":241,"column":3}},"loc":{"start":{"line":250,"column":4},"end":{"line":266,"column":3}},"line":250},"17":{"name":"(anonymous_17)","decl":{"start":{"line":279,"column":2},"end":{"line":279,"column":3}},"loc":{"start":{"line":286,"column":4},"end":{"line":299,"column":3}},"line":286},"18":{"name":"(anonymous_18)","decl":{"start":{"line":307,"column":2},"end":{"line":307,"column":3}},"loc":{"start":{"line":307,"column":18},"end":{"line":309,"column":3}},"line":307},"19":{"name":"(anonymous_19)","decl":{"start":{"line":319,"column":2},"end":{"line":319,"column":3}},"loc":{"start":{"line":319,"column":20},"end":{"line":321,"column":3}},"line":319},"20":{"name":"(anonymous_20)","decl":{"start":{"line":330,"column":2},"end":{"line":330,"column":3}},"loc":{"start":{"line":330,"column":23},"end":{"line":332,"column":3}},"line":330},"21":{"name":"(anonymous_21)","decl":{"start":{"line":340,"column":2},"end":{"line":340,"column":3}},"loc":{"start":{"line":340,"column":13},"end":{"line":342,"column":3}},"line":340},"22":{"name":"(anonymous_22)","decl":{"start":{"line":353,"column":2},"end":{"line":353,"column":3}},"loc":{"start":{"line":353,"column":11},"end":{"line":406,"column":3}},"line":353},"23":{"name":"(anonymous_23)","decl":{"start":{"line":370,"column":50},"end":{"line":370,"column":51}},"loc":{"start":{"line":370,"column":67},"end":{"line":403,"column":5}},"line":370},"24":{"name":"(anonymous_24)","decl":{"start":{"line":385,"column":59},"end":{"line":385,"column":60}},"loc":{"start":{"line":385,"column":74},"end":{"line":397,"column":7}},"line":385},"25":{"name":"(anonymous_25)","decl":{"start":{"line":414,"column":2},"end":{"line":414,"column":3}},"loc":{"start":{"line":414,"column":13},"end":{"line":416,"column":3}},"line":414},"26":{"name":"(anonymous_26)","decl":{"start":{"line":425,"column":2},"end":{"line":425,"column":3}},"loc":{"start":{"line":425,"column":17},"end":{"line":427,"column":3}},"line":425},"27":{"name":"(anonymous_27)","decl":{"start":{"line":441,"column":2},"end":{"line":441,"column":3}},"loc":{"start":{"line":441,"column":42},"end":{"line":452,"column":3}},"line":441},"28":{"name":"(anonymous_28)","decl":{"start":{"line":461,"column":2},"end":{"line":461,"column":3}},"loc":{"start":{"line":461,"column":19},"end":{"line":463,"column":3}},"line":461}},"branchMap":{"0":{"loc":{"start":{"line":45,"column":4},"end":{"line":47,"column":5}},"type":"if","locations":[{"start":{"line":45,"column":4},"end":{"line":47,"column":5}},{"start":{"line":45,"column":4},"end":{"line":47,"column":5}}],"line":45},"1":{"loc":{"start":{"line":45,"column":8},"end":{"line":45,"column":49}},"type":"binary-expr","locations":[{"start":{"line":45,"column":8},"end":{"line":45,"column":33}},{"start":{"line":45,"column":37},"end":{"line":45,"column":49}}],"line":45},"2":{"loc":{"start":{"line":90,"column":4},"end":{"line":92,"column":5}},"type":"if","locations":[{"start":{"line":90,"column":4},"end":{"line":92,"column":5}},{"start":{"line":90,"column":4},"end":{"line":92,"column":5}}],"line":90},"3":{"loc":{"start":{"line":115,"column":4},"end":{"line":117,"column":5}},"type":"if","locations":[{"start":{"line":115,"column":4},"end":{"line":117,"column":5}},{"start":{"line":115,"column":4},"end":{"line":117,"column":5}}],"line":115},"4":{"loc":{"start":{"line":130,"column":12},"end":{"line":130,"column":55}},"type":"binary-expr","locations":[{"start":{"line":130,"column":12},"end":{"line":130,"column":34}},{"start":{"line":130,"column":38},"end":{"line":130,"column":55}}],"line":130},"5":{"loc":{"start":{"line":148,"column":4},"end":{"line":150,"column":5}},"type":"if","locations":[{"start":{"line":148,"column":4},"end":{"line":150,"column":5}},{"start":{"line":148,"column":4},"end":{"line":150,"column":5}}],"line":148},"6":{"loc":{"start":{"line":152,"column":4},"end":{"line":154,"column":5}},"type":"if","locations":[{"start":{"line":152,"column":4},"end":{"line":154,"column":5}},{"start":{"line":152,"column":4},"end":{"line":154,"column":5}}],"line":152},"7":{"loc":{"start":{"line":156,"column":4},"end":{"line":158,"column":5}},"type":"if","locations":[{"start":{"line":156,"column":4},"end":{"line":158,"column":5}},{"start":{"line":156,"column":4},"end":{"line":158,"column":5}}],"line":156},"8":{"loc":{"start":{"line":172,"column":12},"end":{"line":172,"column":69}},"type":"binary-expr","locations":[{"start":{"line":172,"column":12},"end":{"line":172,"column":40}},{"start":{"line":172,"column":44},"end":{"line":172,"column":69}}],"line":172},"9":{"loc":{"start":{"line":251,"column":4},"end":{"line":253,"column":5}},"type":"if","locations":[{"start":{"line":251,"column":4},"end":{"line":253,"column":5}},{"start":{"line":251,"column":4},"end":{"line":253,"column":5}}],"line":251},"10":{"loc":{"start":{"line":287,"column":4},"end":{"line":289,"column":5}},"type":"if","locations":[{"start":{"line":287,"column":4},"end":{"line":289,"column":5}},{"start":{"line":287,"column":4},"end":{"line":289,"column":5}}],"line":287},"11":{"loc":{"start":{"line":362,"column":4},"end":{"line":364,"column":5}},"type":"if","locations":[{"start":{"line":362,"column":4},"end":{"line":364,"column":5}},{"start":{"line":362,"column":4},"end":{"line":364,"column":5}}],"line":362},"12":{"loc":{"start":{"line":366,"column":4},"end":{"line":368,"column":5}},"type":"if","locations":[{"start":{"line":366,"column":4},"end":{"line":368,"column":5}},{"start":{"line":366,"column":4},"end":{"line":368,"column":5}}],"line":366},"13":{"loc":{"start":{"line":388,"column":20},"end":{"line":389,"column":75}},"type":"cond-expr","locations":[{"start":{"line":389,"column":12},"end":{"line":389,"column":70}},{"start":{"line":389,"column":73},"end":{"line":389,"column":75}}],"line":388},"14":{"loc":{"start":{"line":392,"column":8},"end":{"line":394,"column":9}},"type":"if","locations":[{"start":{"line":392,"column":8},"end":{"line":394,"column":9}},{"start":{"line":392,"column":8},"end":{"line":394,"column":9}}],"line":392},"15":{"loc":{"start":{"line":444,"column":4},"end":{"line":446,"column":5}},"type":"if","locations":[{"start":{"line":444,"column":4},"end":{"line":446,"column":5}},{"start":{"line":444,"column":4},"end":{"line":446,"column":5}}],"line":444}},"s":{"0":2,"1":2,"2":2,"3":2,"4":2,"5":2,"6":2,"7":2,"8":2,"9":2,"10":2,"11":2,"12":2,"13":16,"14":2,"15":2,"16":10,"17":24,"18":1,"19":23,"20":23,"21":23,"22":23,"23":23,"24":17,"25":17,"26":17,"27":1,"28":16,"29":6,"30":3,"31":6,"32":3,"33":3,"34":3,"35":3,"36":10,"37":18,"38":18,"39":10,"40":1,"41":9,"42":9,"43":50,"44":50,"45":46,"46":50,"47":46,"48":50,"49":1,"50":50,"51":50,"52":17,"53":6,"54":13,"55":3,"56":9,"57":6,"58":6,"59":6,"60":6,"61":7,"62":2,"63":1,"64":1,"65":1,"66":1,"67":1,"68":1,"69":1,"70":1,"71":1,"72":1,"73":1,"74":3,"75":1,"76":2,"77":2,"78":2,"79":2,"80":2,"81":2,"82":2,"83":2,"84":2,"85":1,"86":2,"87":1,"88":4,"89":4,"90":3,"91":4,"92":1,"93":4,"94":3,"95":3,"96":3,"97":3,"98":3,"99":3,"100":3,"101":3,"102":15,"103":15,"104":15,"105":15,"106":9,"107":15,"108":3,"109":3,"110":4,"111":1,"112":3,"113":8,"114":8,"115":1,"116":7,"117":4,"118":4,"119":4,"120":28,"121":2},"f":{"0":16,"1":10,"2":24,"3":17,"4":6,"5":3,"6":10,"7":18,"8":9,"9":50,"10":17,"11":6,"12":13,"13":3,"14":9,"15":7,"16":2,"17":3,"18":2,"19":1,"20":2,"21":1,"22":4,"23":3,"24":15,"25":1,"26":3,"27":8,"28":28},"b":{"0":[1,23],"1":[24,23],"2":[3,3],"3":[1,9],"4":[9,1],"5":[46,4],"6":[46,4],"7":[1,49],"8":[17,1],"9":[1,1],"10":[1,2],"11":[3,1],"12":[1,3],"13":[3,12],"14":[9,6],"15":[1,7]},"_coverageSchema":"1a1c01bbd47fc00a2c39e90264f33305004495a9","hash":"cc6b4e334856655f1a4c13852cdcd95f7f8348d9"}
}
