TN:
SF:lib/calendar.js
FN:18,(anonymous_0)
FN:29,(anonymous_1)
FN:31,(anonymous_2)
FN:35,(anonymous_3)
FN:38,(anonymous_4)
FN:60,(anonymous_5)
FN:83,(anonymous_6)
FN:91,(anonymous_7)
FN:106,(anonymous_8)
FNF:9
FNH:9
FNDA:8,(anonymous_0)
FNDA:2,(anonymous_1)
FNDA:6,(anonymous_2)
FNDA:6,(anonymous_3)
FNDA:6,(anonymous_4)
FNDA:6,(anonymous_5)
FNDA:3,(anonymous_6)
FNDA:6,(anonymous_7)
FNDA:6,(anonymous_8)
DA:11,2
DA:12,2
DA:13,2
DA:15,2
DA:17,2
DA:18,8
DA:30,2
DA:31,6
DA:34,2
DA:35,6
DA:38,2
DA:39,6
DA:40,6
DA:41,3
DA:45,3
DA:49,2
DA:61,6
DA:72,6
DA:84,3
DA:86,3
DA:87,1
DA:90,2
DA:91,6
DA:94,2
DA:107,6
DA:108,6
DA:113,6
DA:115,6
DA:124,6
DA:126,6
DA:127,6
DA:128,3
DA:131,3
DA:184,2
LF:34
LH:34
BRDA:31,0,0,2
BRDA:31,0,1,2
BRDA:86,1,0,1
BRDA:86,1,1,2
BRF:4
BRH:4
end_of_record
TN:
SF:lib/execution.js
FN:24,(anonymous_0)
FN:71,(anonymous_1)
FN:74,(anonymous_2)
FN:141,(anonymous_3)
FNF:4
FNH:4
FNDA:32,(anonymous_0)
FNDA:15,(anonymous_1)
FNDA:401,(anonymous_2)
FNDA:347,(anonymous_3)
DA:8,3
DA:10,3
DA:11,3
DA:25,32
DA:26,32
DA:27,32
DA:29,32
DA:30,127
DA:31,127
DA:33,127
DA:35,1
DA:36,1
DA:39,1
DA:40,1
DA:43,30
DA:44,30
DA:47,63
DA:48,63
DA:51,32
DA:52,32
DA:55,127
DA:57,127
DA:60,32
DA:72,15
DA:74,15
DA:75,401
DA:76,401
DA:78,401
DA:80,19
DA:83,19
DA:84,19
DA:85,19
DA:88,1
DA:89,1
DA:92,1
DA:93,1
DA:96,207
DA:97,207
DA:100,93
DA:104,93
DA:105,5
DA:106,5
DA:108,93
DA:113,79
DA:114,5
DA:117,79
DA:118,79
DA:121,1
DA:127,14
DA:128,5
DA:131,14
DA:142,347
DA:147,3
LF:53
LH:53
BRDA:33,0,0,1
BRDA:33,0,1,1
BRDA:33,0,2,30
BRDA:33,0,3,63
BRDA:33,0,4,32
BRDA:55,1,0,126
BRDA:55,1,1,1
BRDA:78,2,0,19
BRDA:78,2,1,1
BRDA:78,2,2,1
BRDA:78,2,3,207
BRDA:78,2,4,93
BRDA:78,2,5,79
BRDA:78,2,6,1
BRDA:83,3,0,19
BRDA:83,3,1,5
BRDA:84,4,0,19
BRDA:84,4,1,14
BRDA:104,5,0,5
BRDA:104,5,1,88
BRDA:113,6,0,5
BRDA:113,6,1,74
BRDA:127,7,0,5
BRDA:127,7,1,9
BRF:24
BRH:24
end_of_record
TN:
SF:lib/parser.js
FN:27,(anonymous_0)
FN:91,(anonymous_1)
FN:104,(anonymous_2)
FN:128,(anonymous_3)
FN:152,(anonymous_4)
FNF:5
FNH:5
FNDA:34,(anonymous_0)
FNDA:26,(anonymous_1)
FNDA:282,(anonymous_2)
FNDA:289,(anonymous_3)
FNDA:11,(anonymous_4)
DA:9,4
DA:10,4
DA:12,4
DA:13,4
DA:28,34
DA:29,34
DA:34,34
DA:35,565
DA:36,565
DA:38,565
DA:39,8
DA:42,557
DA:43,557
DA:45,557
DA:49,292
DA:52,239
DA:53,239
DA:55,26
DA:56,26
DA:57,26
DA:58,26
DA:60,25
DA:62,17
DA:65,17
DA:68,7
DA:71,7
DA:73,25
DA:76,556
DA:77,239
DA:78,239
DA:81,556
DA:84,25
DA:92,26
DA:93,26
DA:105,282
DA:107,282
DA:108,1
DA:113,281
DA:130,289
DA:131,289
DA:133,289
DA:134,303
DA:135,303
DA:136,303
DA:139,289
DA:153,11
DA:154,11
DA:155,352
DA:157,11
DA:162,4
LF:50
LH:50
BRDA:38,0,0,8
BRDA:38,0,1,557
BRDA:45,1,0,3
BRDA:45,1,1,6
BRDA:45,1,2,292
BRDA:45,1,3,130
BRDA:45,1,4,239
BRDA:45,1,5,26
BRDA:60,2,0,17
BRDA:60,2,1,7
BRDA:60,2,2,7
BRDA:76,3,0,239
BRDA:76,3,1,317
BRDA:93,4,0,26
BRDA:93,4,1,1
BRDA:107,5,0,1
BRDA:107,5,1,281
BRF:17
BRH:17
end_of_record
TN:
SF:lib/timestamp.js
FN:27,(anonymous_0)
FN:34,(anonymous_1)
FN:44,(anonymous_2)
FN:66,(anonymous_3)
FN:86,(anonymous_4)
FN:88,(anonymous_5)
FN:106,(anonymous_6)
FN:107,(anonymous_7)
FN:129,(anonymous_8)
FN:142,(anonymous_9)
FN:171,(anonymous_10)
FN:183,(anonymous_11)
FN:185,(anonymous_12)
FN:194,(anonymous_13)
FN:206,(anonymous_14)
FN:222,(anonymous_15)
FN:241,(anonymous_16)
FN:279,(anonymous_17)
FN:307,(anonymous_18)
FN:319,(anonymous_19)
FN:330,(anonymous_20)
FN:340,(anonymous_21)
FN:353,(anonymous_22)
FN:370,(anonymous_23)
FN:385,(anonymous_24)
FN:414,(anonymous_25)
FN:425,(anonymous_26)
FN:441,(anonymous_27)
FN:461,(anonymous_28)
FNF:29
FNH:29
FNDA:16,(anonymous_0)
FNDA:10,(anonymous_1)
FNDA:24,(anonymous_2)
FNDA:17,(anonymous_3)
FNDA:6,(anonymous_4)
FNDA:3,(anonymous_5)
FNDA:10,(anonymous_6)
FNDA:18,(anonymous_7)
FNDA:9,(anonymous_8)
FNDA:50,(anonymous_9)
FNDA:17,(anonymous_10)
FNDA:6,(anonymous_11)
FNDA:13,(anonymous_12)
FNDA:3,(anonymous_13)
FNDA:9,(anonymous_14)
FNDA:7,(anonymous_15)
FNDA:2,(anonymous_16)
FNDA:3,(anonymous_17)
FNDA:2,(anonymous_18)
FNDA:1,(anonymous_19)
FNDA:2,(anonymous_20)
FNDA:1,(anonymous_21)
FNDA:4,(anonymous_22)
FNDA:3,(anonymous_23)
FNDA:15,(anonymous_24)
FNDA:1,(anonymous_25)
FNDA:3,(anonymous_26)
FNDA:8,(anonymous_27)
FNDA:28,(anonymous_28)
DA:9,2
DA:11,2
DA:12,2
DA:13,2
DA:15,2
DA:16,2
DA:17,2
DA:18,2
DA:19,2
DA:20,2
DA:22,2
DA:26,2
DA:27,2
DA:28,16
DA:33,2
DA:34,2
DA:35,10
DA:45,24
DA:46,1
DA:51,23
DA:53,23
DA:54,23
DA:55,23
DA:56,23
DA:67,17
DA:69,17
DA:70,17
DA:72,1
DA:75,16
DA:87,6
DA:88,3
DA:90,6
DA:91,3
DA:94,3
DA:95,3
DA:96,3
DA:107,10
DA:108,18
DA:112,18
DA:115,10
DA:116,1
DA:119,9
DA:130,9
DA:143,50
DA:148,50
DA:149,46
DA:152,50
DA:153,46
DA:156,50
DA:157,1
DA:160,50
DA:161,50
DA:172,17
DA:184,6
DA:185,13
DA:195,3
DA:207,9
DA:208,6
DA:209,6
DA:211,6
DA:212,6
DA:223,7
DA:251,2
DA:252,1
DA:255,1
DA:256,1
DA:257,1
DA:258,1
DA:259,1
DA:260,1
DA:261,1
DA:262,1
DA:263,1
DA:265,1
DA:287,3
DA:288,1
DA:291,2
DA:292,2
DA:293,2
DA:294,2
DA:295,2
DA:296,2
DA:297,2
DA:298,2
DA:308,2
DA:320,1
DA:331,2
DA:341,1
DA:354,4
DA:362,4
DA:363,3
DA:366,4
DA:367,1
DA:370,4
DA:371,3
DA:373,3
DA:374,3
DA:378,3
DA:379,3
DA:382,3
DA:384,3
DA:385,3
DA:386,15
DA:387,15
DA:388,15
DA:392,15
DA:393,9
DA:396,15
DA:400,3
DA:402,3
DA:405,4
DA:415,1
DA:426,3
DA:442,8
DA:444,8
DA:445,1
DA:448,7
DA:449,4
DA:450,4
DA:451,4
DA:462,28
DA:466,2
LF:122
LH:122
BRDA:45,0,0,1
BRDA:45,0,1,23
BRDA:45,1,0,24
BRDA:45,1,1,23
BRDA:90,2,0,3
BRDA:90,2,1,3
BRDA:115,3,0,1
BRDA:115,3,1,9
BRDA:130,4,0,9
BRDA:130,4,1,1
BRDA:148,5,0,46
BRDA:148,5,1,4
BRDA:152,6,0,46
BRDA:152,6,1,4
BRDA:156,7,0,1
BRDA:156,7,1,49
BRDA:172,8,0,17
BRDA:172,8,1,1
BRDA:251,9,0,1
BRDA:251,9,1,1
BRDA:287,10,0,1
BRDA:287,10,1,2
BRDA:362,11,0,3
BRDA:362,11,1,1
BRDA:366,12,0,1
BRDA:366,12,1,3
BRDA:388,13,0,3
BRDA:388,13,1,12
BRDA:392,14,0,9
BRDA:392,14,1,6
BRDA:444,15,0,1
BRDA:444,15,1,7
BRF:32
BRH:32
end_of_record
