TN:
SF:lib/calendar.js
FN:18,(anonymous_0)
FN:29,(anonymous_1)
FN:31,(anonymous_2)
FN:35,(anonymous_3)
FN:38,(anonymous_4)
FN:60,(anonymous_5)
FN:83,(anonymous_6)
FN:91,(anonymous_7)
FN:106,(anonymous_8)
FNF:9
FNH:9
FNDA:8,(anonymous_0)
FNDA:2,(anonymous_1)
FNDA:6,(anonymous_2)
FNDA:6,(anonymous_3)
FNDA:6,(anonymous_4)
FNDA:6,(anonymous_5)
FNDA:3,(anonymous_6)
FNDA:6,(anonymous_7)
FNDA:6,(anonymous_8)
DA:11,2
DA:12,2
DA:13,2
DA:15,2
DA:17,2
DA:18,8
DA:30,2
DA:31,6
DA:34,2
DA:35,6
DA:38,2
DA:39,6
DA:40,6
DA:41,3
DA:45,3
DA:49,2
DA:61,6
DA:72,6
DA:84,3
DA:86,3
DA:87,1
DA:90,2
DA:91,6
DA:94,2
DA:107,6
DA:108,6
DA:113,6
DA:115,6
DA:124,6
DA:126,6
DA:127,6
DA:128,6
DA:131,0
DA:184,2
LF:34
LH:33
BRDA:31,0,0,2
BRDA:31,0,1,2
BRDA:86,1,0,1
BRDA:86,1,1,2
BRF:4
BRH:4
end_of_record
TN:
SF:lib/execution.js
FN:24,(anonymous_0)
FN:71,(anonymous_1)
FN:74,(anonymous_2)
FN:144,(anonymous_3)
FNF:4
FNH:4
FNDA:34,(anonymous_0)
FNDA:18,(anonymous_1)
FNDA:416,(anonymous_2)
FNDA:598,(anonymous_3)
DA:8,3
DA:10,3
DA:11,3
DA:25,34
DA:26,34
DA:27,34
DA:29,34
DA:30,568
DA:31,568
DA:33,568
DA:35,1
DA:36,1
DA:39,1
DA:40,1
DA:43,268
DA:44,268
DA:47,151
DA:48,151
DA:51,108
DA:52,108
DA:55,568
DA:57,568
DA:60,34
DA:72,18
DA:74,18
DA:75,416
DA:76,416
DA:78,416
DA:83,22
DA:86,22
DA:87,22
DA:88,22
DA:91,1
DA:92,1
DA:95,1
DA:96,1
DA:99,210
DA:100,210
DA:103,99
DA:107,99
DA:108,5
DA:109,5
DA:111,99
DA:116,82
DA:117,5
DA:120,82
DA:121,82
DA:124,1
DA:130,17
DA:131,5
DA:134,17
DA:145,598
DA:150,3
LF:53
LH:53
BRDA:33,0,0,1
BRDA:33,0,1,1
BRDA:33,0,2,268
BRDA:33,0,3,151
BRDA:33,0,4,108
BRDA:55,1,0,534
BRDA:55,1,1,34
BRDA:78,2,0,22
BRDA:78,2,1,22
BRDA:78,2,2,1
BRDA:78,2,3,1
BRDA:78,2,4,210
BRDA:78,2,5,99
BRDA:78,2,6,82
BRDA:78,2,7,1
BRDA:86,3,0,22
BRDA:86,3,1,5
BRDA:87,4,0,22
BRDA:87,4,1,17
BRDA:107,5,0,5
BRDA:107,5,1,94
BRDA:116,6,0,5
BRDA:116,6,1,77
BRDA:130,7,0,5
BRDA:130,7,1,12
BRF:25
BRH:25
end_of_record
TN:
SF:lib/parser.js
FN:27,(anonymous_0)
FN:91,(anonymous_1)
FN:104,(anonymous_2)
FN:128,(anonymous_3)
FN:152,(anonymous_4)
FNF:5
FNH:5
FNDA:34,(anonymous_0)
FNDA:26,(anonymous_1)
FNDA:282,(anonymous_2)
FNDA:289,(anonymous_3)
FNDA:11,(anonymous_4)
DA:9,4
DA:10,4
DA:12,4
DA:13,4
DA:28,34
DA:29,34
DA:34,34
DA:35,565
DA:36,565
DA:38,565
DA:39,565
DA:41,565
DA:45,292
DA:48,239
DA:49,239
DA:53,26
DA:54,26
DA:55,26
DA:56,26
DA:58,25
DA:60,17
DA:63,17
DA:66,7
DA:69,7
DA:71,25
DA:73,8
DA:76,556
DA:77,239
DA:78,239
DA:81,556
DA:84,25
DA:92,26
DA:93,26
DA:105,282
DA:107,282
DA:108,1
DA:113,281
DA:130,289
DA:131,289
DA:133,289
DA:134,303
DA:135,303
DA:136,303
DA:139,289
DA:153,11
DA:154,11
DA:155,352
DA:157,11
DA:162,4
LF:49
LH:49
BRDA:41,0,0,3
BRDA:41,0,1,6
BRDA:41,0,2,292
BRDA:41,0,3,130
BRDA:41,0,4,239
BRDA:41,0,5,26
BRDA:41,0,6,8
BRDA:58,1,0,17
BRDA:58,1,1,7
BRDA:58,1,2,7
BRDA:76,2,0,239
BRDA:76,2,1,317
BRDA:93,3,0,26
BRDA:93,3,1,1
BRDA:107,4,0,1
BRDA:107,4,1,281
BRF:16
BRH:16
end_of_record
TN:
SF:lib/timestamp.js
FN:27,(anonymous_0)
FN:34,(anonymous_1)
FN:44,(anonymous_2)
FN:66,(anonymous_3)
FN:86,(anonymous_4)
FN:88,(anonymous_5)
FN:106,(anonymous_6)
FN:107,(anonymous_7)
FN:129,(anonymous_8)
FN:142,(anonymous_9)
FN:171,(anonymous_10)
FN:183,(anonymous_11)
FN:185,(anonymous_12)
FN:194,(anonymous_13)
FN:206,(anonymous_14)
FN:222,(anonymous_15)
FN:232,(anonymous_16)
FN:251,(anonymous_17)
FN:289,(anonymous_18)
FN:317,(anonymous_19)
FN:329,(anonymous_20)
FN:340,(anonymous_21)
FN:350,(anonymous_22)
FN:363,(anonymous_23)
FN:380,(anonymous_24)
FN:395,(anonymous_25)
FN:424,(anonymous_26)
FN:435,(anonymous_27)
FN:451,(anonymous_28)
FN:476,(anonymous_29)
FNF:30
FNH:29
FNDA:18,(anonymous_0)
FNDA:10,(anonymous_1)
FNDA:24,(anonymous_2)
FNDA:17,(anonymous_3)
FNDA:6,(anonymous_4)
FNDA:3,(anonymous_5)
FNDA:10,(anonymous_6)
FNDA:20,(anonymous_7)
FNDA:9,(anonymous_8)
FNDA:55,(anonymous_9)
FNDA:17,(anonymous_10)
FNDA:6,(anonymous_11)
FNDA:13,(anonymous_12)
FNDA:3,(anonymous_13)
FNDA:9,(anonymous_14)
FNDA:7,(anonymous_15)
FNDA:0,(anonymous_16)
FNDA:2,(anonymous_17)
FNDA:3,(anonymous_18)
FNDA:2,(anonymous_19)
FNDA:1,(anonymous_20)
FNDA:2,(anonymous_21)
FNDA:1,(anonymous_22)
FNDA:4,(anonymous_23)
FNDA:3,(anonymous_24)
FNDA:15,(anonymous_25)
FNDA:1,(anonymous_26)
FNDA:3,(anonymous_27)
FNDA:8,(anonymous_28)
FNDA:28,(anonymous_29)
DA:9,2
DA:11,2
DA:12,2
DA:13,2
DA:15,2
DA:16,2
DA:17,2
DA:18,2
DA:19,2
DA:20,2
DA:22,2
DA:26,2
DA:27,2
DA:28,18
DA:33,2
DA:34,2
DA:35,10
DA:45,24
DA:46,1
DA:51,23
DA:53,23
DA:54,23
DA:55,23
DA:56,23
DA:67,17
DA:69,17
DA:70,17
DA:72,1
DA:75,16
DA:87,6
DA:88,3
DA:90,6
DA:91,3
DA:94,3
DA:95,3
DA:96,3
DA:107,10
DA:108,20
DA:112,20
DA:115,10
DA:116,2
DA:119,8
DA:130,9
DA:143,55
DA:148,55
DA:149,51
DA:152,55
DA:153,51
DA:156,55
DA:157,1
DA:160,55
DA:161,55
DA:172,17
DA:184,6
DA:185,13
DA:195,3
DA:207,9
DA:208,6
DA:209,6
DA:211,6
DA:212,6
DA:223,7
DA:233,0
DA:261,2
DA:262,1
DA:265,1
DA:266,1
DA:267,1
DA:268,1
DA:269,1
DA:270,1
DA:271,1
DA:272,1
DA:273,1
DA:275,1
DA:297,3
DA:298,1
DA:301,2
DA:302,2
DA:303,2
DA:304,2
DA:305,2
DA:306,2
DA:307,2
DA:308,2
DA:318,2
DA:330,1
DA:341,2
DA:351,1
DA:364,4
DA:372,4
DA:373,3
DA:376,4
DA:377,1
DA:380,4
DA:381,3
DA:383,3
DA:384,3
DA:388,3
DA:389,3
DA:392,3
DA:394,3
DA:395,3
DA:396,15
DA:397,15
DA:398,15
DA:402,15
DA:403,9
DA:406,15
DA:410,3
DA:412,3
DA:415,4
DA:425,1
DA:436,3
DA:452,8
DA:454,7
DA:455,0
DA:458,7
DA:459,7
DA:460,7
DA:464,7
DA:465,7
DA:466,7
DA:477,28
DA:481,2
LF:125
LH:123
BRDA:45,0,0,1
BRDA:45,0,1,23
BRDA:45,1,0,24
BRDA:45,1,1,23
BRDA:90,2,0,3
BRDA:90,2,1,3
BRDA:115,3,0,2
BRDA:115,3,1,8
BRDA:130,4,0,9
BRDA:130,4,1,1
BRDA:148,5,0,51
BRDA:148,5,1,4
BRDA:152,6,0,51
BRDA:152,6,1,4
BRDA:156,7,0,1
BRDA:156,7,1,54
BRDA:172,8,0,17
BRDA:172,8,1,1
BRDA:261,9,0,1
BRDA:261,9,1,1
BRDA:297,10,0,1
BRDA:297,10,1,2
BRDA:372,11,0,3
BRDA:372,11,1,1
BRDA:376,12,0,1
BRDA:376,12,1,3
BRDA:398,13,0,3
BRDA:398,13,1,12
BRDA:402,14,0,9
BRDA:402,14,1,6
BRDA:454,15,0,0
BRDA:454,15,1,7
BRF:32
BRH:31
end_of_record
