<?xml version="1.0" encoding="UTF-8"?>
<coverage generated="1781124284511" clover="3.2.0">
  <project timestamp="1781124284511" name="All files">
    <metrics statements="236" coveredstatements="233" conditionals="73" coveredconditionals="69" methods="51" coveredmethods="50" elements="360" coveredelements="352" complexity="0" loc="236" ncloc="236" packages="1" files="4" classes="4"/>
    <file name="calendar.ts" path="/Users/david/src/opendataformats/simplestamp/src/typescript/simplestamp/lib/calendar.ts">
      <metrics statements="36" coveredstatements="35" conditionals="5" coveredconditionals="4" methods="10" coveredmethods="10"/>
      <line num="7" count="2" type="stmt"/>
      <line num="8" count="2" type="stmt"/>
      <line num="9" count="2" type="stmt"/>
      <line num="12" count="2" type="stmt"/>
      <line num="14" count="2" type="stmt"/>
      <line num="17" count="8" type="stmt"/>
      <line num="21" count="2" type="stmt"/>
      <line num="22" count="23" type="stmt"/>
      <line num="29" count="2" type="stmt"/>
      <line num="30" count="6" type="cond" truecount="2" falsecount="0"/>
      <line num="32" count="2" type="stmt"/>
      <line num="33" count="6" type="stmt"/>
      <line num="36" count="2" type="stmt"/>
      <line num="37" count="6" type="cond" truecount="0" falsecount="1"/>
      <line num="38" count="6" type="stmt"/>
      <line num="39" count="6" type="stmt"/>
      <line num="40" count="3" type="stmt"/>
      <line num="46" count="2" type="stmt"/>
      <line num="51" count="6" type="stmt"/>
      <line num="61" count="6" type="stmt"/>
      <line num="66" count="3" type="stmt"/>
      <line num="68" count="3" type="cond" truecount="1" falsecount="0"/>
      <line num="69" count="1" type="stmt"/>
      <line num="72" count="2" type="stmt"/>
      <line num="73" count="6" type="stmt"/>
      <line num="76" count="2" type="stmt"/>
      <line num="83" count="6" type="stmt"/>
      <line num="84" count="6" type="stmt"/>
      <line num="86" count="6" type="stmt"/>
      <line num="87" count="6" type="stmt"/>
      <line num="96" count="6" type="stmt"/>
      <line num="98" count="6" type="stmt"/>
      <line num="99" count="6" type="cond" truecount="1" falsecount="0"/>
      <line num="100" count="6" type="stmt"/>
      <line num="102" count="6" type="stmt"/>
      <line num="104" count="0" type="stmt"/>
    </file>
    <file name="execution.ts" path="/Users/david/src/opendataformats/simplestamp/src/typescript/simplestamp/lib/execution.ts">
      <metrics statements="55" coveredstatements="55" conditionals="23" coveredconditionals="23" methods="4" coveredmethods="4"/>
      <line num="7" count="3" type="stmt"/>
      <line num="10" count="3" type="stmt"/>
      <line num="11" count="3" type="stmt"/>
      <line num="13" count="3" type="stmt"/>
      <line num="19" count="34" type="stmt"/>
      <line num="20" count="34" type="stmt"/>
      <line num="21" count="34" type="stmt"/>
      <line num="23" count="34" type="stmt"/>
      <line num="24" count="568" type="stmt"/>
      <line num="25" count="568" type="stmt"/>
      <line num="27" count="568" type="cond" truecount="6" falsecount="0"/>
      <line num="29" count="1" type="stmt"/>
      <line num="30" count="1" type="stmt"/>
      <line num="33" count="1" type="stmt"/>
      <line num="34" count="1" type="stmt"/>
      <line num="37" count="268" type="stmt"/>
      <line num="38" count="268" type="stmt"/>
      <line num="41" count="151" type="stmt"/>
      <line num="42" count="151" type="stmt"/>
      <line num="45" count="108" type="stmt"/>
      <line num="46" count="108" type="stmt"/>
      <line num="49" count="39" type="stmt"/>
      <line num="52" count="568" type="cond" truecount="2" falsecount="0"/>
      <line num="55" count="568" type="stmt"/>
      <line num="58" count="34" type="stmt"/>
      <line num="66" count="18" type="stmt"/>
      <line num="67" count="18" type="stmt"/>
      <line num="69" count="18" type="stmt"/>
      <line num="70" count="416" type="stmt"/>
      <line num="71" count="416" type="stmt"/>
      <line num="73" count="416" type="cond" truecount="8" falsecount="0"/>
      <line num="78" count="22" type="stmt"/>
      <line num="79" count="22" type="cond" truecount="2" falsecount="0"/>
      <line num="80" count="22" type="cond" truecount="2" falsecount="0"/>
      <line num="81" count="22" type="stmt"/>
      <line num="84" count="1" type="stmt"/>
      <line num="85" count="1" type="stmt"/>
      <line num="88" count="1" type="stmt"/>
      <line num="89" count="1" type="stmt"/>
      <line num="92" count="210" type="stmt"/>
      <line num="93" count="210" type="stmt"/>
      <line num="96" count="99" type="stmt"/>
      <line num="99" count="99" type="cond" truecount="1" falsecount="0"/>
      <line num="100" count="5" type="stmt"/>
      <line num="101" count="5" type="stmt"/>
      <line num="103" count="99" type="stmt"/>
      <line num="107" count="82" type="cond" truecount="1" falsecount="0"/>
      <line num="108" count="5" type="stmt"/>
      <line num="110" count="82" type="stmt"/>
      <line num="111" count="82" type="stmt"/>
      <line num="114" count="1" type="stmt"/>
      <line num="119" count="17" type="cond" truecount="1" falsecount="0"/>
      <line num="120" count="5" type="stmt"/>
      <line num="123" count="17" type="stmt"/>
      <line num="128" count="598" type="stmt"/>
    </file>
    <file name="parser.ts" path="/Users/david/src/opendataformats/simplestamp/src/typescript/simplestamp/lib/parser.ts">
      <metrics statements="49" coveredstatements="49" conditionals="15" coveredconditionals="15" methods="5" coveredmethods="5"/>
      <line num="8" count="4" type="stmt"/>
      <line num="9" count="4" type="stmt"/>
      <line num="11" count="4" type="stmt"/>
      <line num="13" count="4" type="stmt"/>
      <line num="19" count="4" type="stmt"/>
      <line num="24" count="34" type="stmt"/>
      <line num="25" count="34" type="stmt"/>
      <line num="29" count="34" type="stmt"/>
      <line num="30" count="565" type="stmt"/>
      <line num="31" count="565" type="stmt"/>
      <line num="33" count="565" type="stmt"/>
      <line num="35" count="565" type="cond" truecount="7" falsecount="0"/>
      <line num="39" count="292" type="stmt"/>
      <line num="43" count="239" type="stmt"/>
      <line num="44" count="239" type="stmt"/>
      <line num="49" count="26" type="stmt"/>
      <line num="50" count="26" type="stmt"/>
      <line num="51" count="26" type="stmt"/>
      <line num="54" count="26" type="stmt"/>
      <line num="56" count="25" type="cond" truecount="4" falsecount="0"/>
      <line num="58" count="17" type="stmt"/>
      <line num="61" count="17" type="stmt"/>
      <line num="64" count="7" type="stmt"/>
      <line num="65" count="7" type="stmt"/>
      <line num="67" count="1" type="stmt"/>
      <line num="69" count="25" type="stmt"/>
      <line num="73" count="8" type="stmt"/>
      <line num="76" count="556" type="cond" truecount="1" falsecount="0"/>
      <line num="77" count="239" type="stmt"/>
      <line num="78" count="239" type="stmt"/>
      <line num="81" count="556" type="stmt"/>
      <line num="84" count="25" type="stmt"/>
      <line num="89" count="26" type="stmt"/>
      <line num="90" count="26" type="cond" truecount="2" falsecount="0"/>
      <line num="98" count="282" type="stmt"/>
      <line num="100" count="282" type="cond" truecount="1" falsecount="0"/>
      <line num="101" count="1" type="stmt"/>
      <line num="106" count="281" type="stmt"/>
      <line num="118" count="289" type="stmt"/>
      <line num="119" count="289" type="stmt"/>
      <line num="121" count="289" type="stmt"/>
      <line num="122" count="303" type="stmt"/>
      <line num="124" count="303" type="stmt"/>
      <line num="125" count="303" type="stmt"/>
      <line num="129" count="289" type="stmt"/>
      <line num="134" count="11" type="stmt"/>
      <line num="135" count="11" type="stmt"/>
      <line num="136" count="352" type="stmt"/>
      <line num="138" count="11" type="stmt"/>
    </file>
    <file name="timestamp.ts" path="/Users/david/src/opendataformats/simplestamp/src/typescript/simplestamp/lib/timestamp.ts">
      <metrics statements="96" coveredstatements="94" conditionals="30" coveredconditionals="27" methods="32" coveredmethods="31"/>
      <line num="7" count="2" type="stmt"/>
      <line num="9" count="2" type="stmt"/>
      <line num="10" count="2" type="stmt"/>
      <line num="11" count="2" type="stmt"/>
      <line num="12" count="2" type="stmt"/>
      <line num="13" count="2" type="stmt"/>
      <line num="14" count="2" type="stmt"/>
      <line num="15" count="2" type="stmt"/>
      <line num="16" count="2" type="stmt"/>
      <line num="17" count="2" type="stmt"/>
      <line num="19" count="2" type="stmt"/>
      <line num="22" count="2" type="stmt"/>
      <line num="24" count="40" type="stmt"/>
      <line num="25" count="20" type="stmt"/>
      <line num="29" count="2" type="stmt"/>
      <line num="31" count="24" type="stmt"/>
      <line num="32" count="12" type="stmt"/>
      <line num="35" count="2" type="stmt"/>
      <line num="40" count="24" type="cond" truecount="3" falsecount="0"/>
      <line num="41" count="1" type="stmt"/>
      <line num="44" count="23" type="stmt"/>
      <line num="45" count="23" type="stmt"/>
      <line num="54" count="17" type="stmt"/>
      <line num="55" count="17" type="stmt"/>
      <line num="56" count="17" type="stmt"/>
      <line num="58" count="1" type="stmt"/>
      <line num="60" count="16" type="stmt"/>
      <line num="68" count="6" type="stmt"/>
      <line num="69" count="3" type="stmt"/>
      <line num="71" count="6" type="cond" truecount="1" falsecount="0"/>
      <line num="72" count="3" type="stmt"/>
      <line num="75" count="3" type="stmt"/>
      <line num="76" count="3" type="stmt"/>
      <line num="77" count="3" type="stmt"/>
      <line num="84" count="10" type="stmt"/>
      <line num="85" count="20" type="stmt"/>
      <line num="86" count="20" type="stmt"/>
      <line num="89" count="10" type="cond" truecount="1" falsecount="0"/>
      <line num="90" count="2" type="stmt"/>
      <line num="93" count="8" type="stmt"/>
      <line num="98" count="9" type="cond" truecount="2" falsecount="1"/>
      <line num="106" count="55" type="stmt"/>
      <line num="111" count="55" type="cond" truecount="1" falsecount="0"/>
      <line num="112" count="51" type="stmt"/>
      <line num="115" count="55" type="cond" truecount="1" falsecount="0"/>
      <line num="116" count="51" type="stmt"/>
      <line num="121" count="55" type="cond" truecount="1" falsecount="0"/>
      <line num="122" count="1" type="stmt"/>
      <line num="127" count="55" type="stmt"/>
      <line num="128" count="55" type="stmt"/>
      <line num="133" count="17" type="stmt"/>
      <line num="142" count="6" type="stmt"/>
      <line num="143" count="13" type="stmt"/>
      <line num="148" count="3" type="stmt"/>
      <line num="155" count="9" type="stmt"/>
      <line num="156" count="6" type="stmt"/>
      <line num="157" count="6" type="stmt"/>
      <line num="158" count="6" type="stmt"/>
      <line num="163" count="7" type="stmt"/>
      <line num="168" count="0" type="stmt"/>
      <line num="182" count="2" type="cond" truecount="1" falsecount="0"/>
      <line num="183" count="1" type="stmt"/>
      <line num="185" count="1" type="stmt"/>
      <line num="206" count="3" type="cond" truecount="1" falsecount="0"/>
      <line num="207" count="1" type="stmt"/>
      <line num="209" count="2" type="stmt"/>
      <line num="221" count="2" type="stmt"/>
      <line num="226" count="1" type="stmt"/>
      <line num="231" count="2" type="stmt"/>
      <line num="236" count="1" type="stmt"/>
      <line num="241" count="4" type="stmt"/>
      <line num="249" count="4" type="cond" truecount="1" falsecount="0"/>
      <line num="250" count="3" type="stmt"/>
      <line num="253" count="4" type="cond" truecount="1" falsecount="0"/>
      <line num="254" count="1" type="stmt"/>
      <line num="257" count="4" type="stmt"/>
      <line num="258" count="4" type="stmt"/>
      <line num="259" count="3" type="stmt"/>
      <line num="271" count="15" type="stmt"/>
      <line num="280" count="3" type="stmt"/>
      <line num="282" count="4" type="stmt"/>
      <line num="284" count="4" type="stmt"/>
      <line num="289" count="1" type="stmt"/>
      <line num="294" count="3" type="stmt"/>
      <line num="301" count="8" type="stmt"/>
      <line num="303" count="7" type="cond" truecount="0" falsecount="1"/>
      <line num="304" count="0" type="stmt"/>
      <line num="307" count="7" type="stmt"/>
      <line num="308" count="7" type="stmt"/>
      <line num="309" count="7" type="stmt"/>
      <line num="310" count="4" type="stmt"/>
      <line num="315" count="7" type="stmt"/>
      <line num="316" count="7" type="stmt"/>
      <line num="317" count="7" type="stmt"/>
      <line num="321" count="7" type="stmt"/>
      <line num="326" count="28" type="stmt"/>
    </file>
  </project>
</coverage>
