<?xml version="1.0" encoding="UTF-8"?>
<coverage generated="1781152237925" clover="3.2.0">
  <project timestamp="1781152237925" name="All files">
    <metrics statements="236" coveredstatements="236" conditionals="71" coveredconditionals="71" methods="51" coveredmethods="51" elements="358" coveredelements="358" complexity="0" loc="236" ncloc="236" packages="1" files="4" classes="4"/>
    <file name="calendar.ts" path="/Users/david/src/opendataformats/simplestamp/src/typescript/simplestamp/lib/calendar.ts">
      <metrics statements="36" coveredstatements="36" conditionals="5" coveredconditionals="5" methods="10" coveredmethods="10"/>
      <line num="7" count="2" type="stmt"/>
      <line num="8" count="2" type="stmt"/>
      <line num="9" count="2" type="stmt"/>
      <line num="12" count="2" type="stmt"/>
      <line num="14" count="2" type="stmt"/>
      <line num="17" count="8" type="stmt"/>
      <line num="21" count="2" type="stmt"/>
      <line num="22" count="27" type="stmt"/>
      <line num="29" count="3" type="stmt"/>
      <line num="30" count="9" type="cond" truecount="2" falsecount="0"/>
      <line num="32" count="3" type="stmt"/>
      <line num="33" count="9" type="stmt"/>
      <line num="36" count="3" type="stmt"/>
      <line num="37" count="9" type="cond" truecount="1" falsecount="0"/>
      <line num="38" count="6" type="stmt"/>
      <line num="39" count="6" type="stmt"/>
      <line num="40" count="3" type="stmt"/>
      <line num="46" count="3" type="stmt"/>
      <line num="51" count="9" type="stmt"/>
      <line num="61" count="9" type="stmt"/>
      <line num="66" count="4" type="stmt"/>
      <line num="68" count="4" type="cond" truecount="1" falsecount="0"/>
      <line num="69" count="1" type="stmt"/>
      <line num="72" count="3" type="stmt"/>
      <line num="73" count="9" type="stmt"/>
      <line num="76" count="3" type="stmt"/>
      <line num="83" count="9" type="stmt"/>
      <line num="84" count="9" type="stmt"/>
      <line num="86" count="9" type="stmt"/>
      <line num="87" count="9" type="stmt"/>
      <line num="96" count="9" type="stmt"/>
      <line num="98" count="9" type="stmt"/>
      <line num="99" count="9" type="cond" truecount="1" falsecount="0"/>
      <line num="100" count="9" type="stmt"/>
      <line num="102" count="6" type="stmt"/>
      <line num="104" count="3" type="stmt"/>
    </file>
    <file name="execution.ts" path="/Users/david/src/opendataformats/simplestamp/src/typescript/simplestamp/lib/execution.ts">
      <metrics statements="55" coveredstatements="55" conditionals="23" coveredconditionals="23" methods="4" coveredmethods="4"/>
      <line num="7" count="3" type="stmt"/>
      <line num="10" count="3" type="stmt"/>
      <line num="11" count="3" type="stmt"/>
      <line num="13" count="3" type="stmt"/>
      <line num="19" count="38" type="stmt"/>
      <line num="20" count="38" type="stmt"/>
      <line num="21" count="38" type="stmt"/>
      <line num="23" count="38" type="stmt"/>
      <line num="24" count="588" type="stmt"/>
      <line num="25" count="588" type="stmt"/>
      <line num="27" count="588" type="cond" truecount="6" falsecount="0"/>
      <line num="29" count="1" type="stmt"/>
      <line num="30" count="1" type="stmt"/>
      <line num="33" count="1" type="stmt"/>
      <line num="34" count="1" type="stmt"/>
      <line num="37" count="272" type="stmt"/>
      <line num="38" count="272" type="stmt"/>
      <line num="41" count="159" type="stmt"/>
      <line num="42" count="159" type="stmt"/>
      <line num="45" count="112" type="stmt"/>
      <line num="46" count="112" type="stmt"/>
      <line num="49" count="43" type="stmt"/>
      <line num="52" count="588" type="cond" truecount="2" falsecount="0"/>
      <line num="55" count="588" type="stmt"/>
      <line num="58" count="38" type="stmt"/>
      <line num="66" count="18" type="stmt"/>
      <line num="67" count="18" type="stmt"/>
      <line num="69" count="18" type="stmt"/>
      <line num="70" count="416" type="stmt"/>
      <line num="71" count="416" type="stmt"/>
      <line num="73" count="416" type="cond" truecount="8" falsecount="0"/>
      <line num="78" count="22" type="stmt"/>
      <line num="79" count="22" type="cond" truecount="2" falsecount="0"/>
      <line num="80" count="22" type="cond" truecount="2" falsecount="0"/>
      <line num="81" count="22" type="stmt"/>
      <line num="84" count="1" type="stmt"/>
      <line num="85" count="1" type="stmt"/>
      <line num="88" count="1" type="stmt"/>
      <line num="89" count="1" type="stmt"/>
      <line num="92" count="210" type="stmt"/>
      <line num="93" count="210" type="stmt"/>
      <line num="96" count="99" type="stmt"/>
      <line num="99" count="99" type="cond" truecount="1" falsecount="0"/>
      <line num="100" count="5" type="stmt"/>
      <line num="101" count="5" type="stmt"/>
      <line num="103" count="99" type="stmt"/>
      <line num="107" count="82" type="cond" truecount="1" falsecount="0"/>
      <line num="108" count="5" type="stmt"/>
      <line num="110" count="82" type="stmt"/>
      <line num="111" count="82" type="stmt"/>
      <line num="114" count="1" type="stmt"/>
      <line num="119" count="17" type="cond" truecount="1" falsecount="0"/>
      <line num="120" count="5" type="stmt"/>
      <line num="123" count="17" type="stmt"/>
      <line num="128" count="616" type="stmt"/>
    </file>
    <file name="parser.ts" path="/Users/david/src/opendataformats/simplestamp/src/typescript/simplestamp/lib/parser.ts">
      <metrics statements="49" coveredstatements="49" conditionals="15" coveredconditionals="15" methods="5" coveredmethods="5"/>
      <line num="8" count="4" type="stmt"/>
      <line num="9" count="4" type="stmt"/>
      <line num="11" count="4" type="stmt"/>
      <line num="13" count="4" type="stmt"/>
      <line num="19" count="4" type="stmt"/>
      <line num="24" count="34" type="stmt"/>
      <line num="25" count="34" type="stmt"/>
      <line num="29" count="34" type="stmt"/>
      <line num="30" count="565" type="stmt"/>
      <line num="31" count="565" type="stmt"/>
      <line num="33" count="565" type="stmt"/>
      <line num="35" count="565" type="cond" truecount="7" falsecount="0"/>
      <line num="39" count="292" type="stmt"/>
      <line num="43" count="239" type="stmt"/>
      <line num="44" count="239" type="stmt"/>
      <line num="49" count="26" type="stmt"/>
      <line num="50" count="26" type="stmt"/>
      <line num="51" count="26" type="stmt"/>
      <line num="54" count="26" type="stmt"/>
      <line num="56" count="25" type="cond" truecount="4" falsecount="0"/>
      <line num="58" count="17" type="stmt"/>
      <line num="61" count="17" type="stmt"/>
      <line num="64" count="7" type="stmt"/>
      <line num="65" count="7" type="stmt"/>
      <line num="67" count="1" type="stmt"/>
      <line num="69" count="25" type="stmt"/>
      <line num="73" count="8" type="stmt"/>
      <line num="76" count="556" type="cond" truecount="1" falsecount="0"/>
      <line num="77" count="239" type="stmt"/>
      <line num="78" count="239" type="stmt"/>
      <line num="81" count="556" type="stmt"/>
      <line num="84" count="25" type="stmt"/>
      <line num="89" count="26" type="stmt"/>
      <line num="90" count="26" type="cond" truecount="2" falsecount="0"/>
      <line num="98" count="282" type="stmt"/>
      <line num="100" count="282" type="cond" truecount="1" falsecount="0"/>
      <line num="101" count="1" type="stmt"/>
      <line num="106" count="281" type="stmt"/>
      <line num="118" count="289" type="stmt"/>
      <line num="119" count="289" type="stmt"/>
      <line num="121" count="289" type="stmt"/>
      <line num="122" count="303" type="stmt"/>
      <line num="124" count="303" type="stmt"/>
      <line num="125" count="303" type="stmt"/>
      <line num="129" count="289" type="stmt"/>
      <line num="134" count="11" type="stmt"/>
      <line num="135" count="11" type="stmt"/>
      <line num="136" count="352" type="stmt"/>
      <line num="138" count="11" type="stmt"/>
    </file>
    <file name="timestamp.ts" path="/Users/david/src/opendataformats/simplestamp/src/typescript/simplestamp/lib/timestamp.ts">
      <metrics statements="96" coveredstatements="96" conditionals="28" coveredconditionals="28" methods="32" coveredmethods="32"/>
      <line num="7" count="2" type="stmt"/>
      <line num="9" count="2" type="stmt"/>
      <line num="10" count="2" type="stmt"/>
      <line num="11" count="2" type="stmt"/>
      <line num="12" count="2" type="stmt"/>
      <line num="13" count="2" type="stmt"/>
      <line num="14" count="2" type="stmt"/>
      <line num="15" count="2" type="stmt"/>
      <line num="16" count="2" type="stmt"/>
      <line num="17" count="2" type="stmt"/>
      <line num="19" count="2" type="stmt"/>
      <line num="22" count="2" type="stmt"/>
      <line num="24" count="40" type="stmt"/>
      <line num="25" count="20" type="stmt"/>
      <line num="29" count="2" type="stmt"/>
      <line num="31" count="24" type="stmt"/>
      <line num="32" count="12" type="stmt"/>
      <line num="35" count="2" type="stmt"/>
      <line num="40" count="28" type="cond" truecount="3" falsecount="0"/>
      <line num="41" count="1" type="stmt"/>
      <line num="44" count="27" type="stmt"/>
      <line num="45" count="27" type="stmt"/>
      <line num="54" count="20" type="stmt"/>
      <line num="55" count="20" type="stmt"/>
      <line num="56" count="20" type="stmt"/>
      <line num="58" count="1" type="stmt"/>
      <line num="60" count="19" type="stmt"/>
      <line num="68" count="6" type="stmt"/>
      <line num="69" count="3" type="stmt"/>
      <line num="71" count="6" type="cond" truecount="1" falsecount="0"/>
      <line num="72" count="3" type="stmt"/>
      <line num="75" count="3" type="stmt"/>
      <line num="76" count="3" type="stmt"/>
      <line num="77" count="3" type="stmt"/>
      <line num="84" count="11" type="stmt"/>
      <line num="85" count="21" type="stmt"/>
      <line num="86" count="21" type="stmt"/>
      <line num="89" count="11" type="cond" truecount="1" falsecount="0"/>
      <line num="90" count="2" type="stmt"/>
      <line num="93" count="9" type="stmt"/>
      <line num="98" count="9" type="cond" truecount="2" falsecount="0"/>
      <line num="106" count="62" type="stmt"/>
      <line num="111" count="62" type="cond" truecount="1" falsecount="0"/>
      <line num="112" count="58" type="stmt"/>
      <line num="115" count="62" type="cond" truecount="1" falsecount="0"/>
      <line num="116" count="58" type="stmt"/>
      <line num="121" count="62" type="cond" truecount="1" falsecount="0"/>
      <line num="122" count="1" type="stmt"/>
      <line num="127" count="62" type="stmt"/>
      <line num="128" count="62" type="stmt"/>
      <line num="133" count="17" type="stmt"/>
      <line num="140" count="7" type="stmt"/>
      <line num="141" count="16" type="stmt"/>
      <line num="146" count="3" type="stmt"/>
      <line num="153" count="9" type="stmt"/>
      <line num="154" count="6" type="stmt"/>
      <line num="155" count="6" type="stmt"/>
      <line num="156" count="6" type="stmt"/>
      <line num="161" count="7" type="stmt"/>
      <line num="166" count="1" type="stmt"/>
      <line num="180" count="2" type="cond" truecount="1" falsecount="0"/>
      <line num="181" count="1" type="stmt"/>
      <line num="183" count="1" type="stmt"/>
      <line num="204" count="3" type="cond" truecount="1" falsecount="0"/>
      <line num="205" count="1" type="stmt"/>
      <line num="207" count="2" type="stmt"/>
      <line num="219" count="2" type="stmt"/>
      <line num="224" count="1" type="stmt"/>
      <line num="229" count="3" type="stmt"/>
      <line num="234" count="1" type="stmt"/>
      <line num="239" count="4" type="stmt"/>
      <line num="247" count="4" type="cond" truecount="1" falsecount="0"/>
      <line num="248" count="3" type="stmt"/>
      <line num="251" count="4" type="cond" truecount="1" falsecount="0"/>
      <line num="252" count="1" type="stmt"/>
      <line num="255" count="4" type="stmt"/>
      <line num="256" count="4" type="stmt"/>
      <line num="257" count="3" type="stmt"/>
      <line num="269" count="15" type="stmt"/>
      <line num="278" count="3" type="stmt"/>
      <line num="280" count="4" type="stmt"/>
      <line num="282" count="4" type="stmt"/>
      <line num="287" count="1" type="stmt"/>
      <line num="292" count="4" type="stmt"/>
      <line num="299" count="9" type="stmt"/>
      <line num="301" count="8" type="cond" truecount="1" falsecount="0"/>
      <line num="302" count="1" type="stmt"/>
      <line num="305" count="7" type="stmt"/>
      <line num="306" count="7" type="stmt"/>
      <line num="307" count="7" type="stmt"/>
      <line num="308" count="4" type="stmt"/>
      <line num="313" count="7" type="stmt"/>
      <line num="314" count="7" type="stmt"/>
      <line num="315" count="7" type="stmt"/>
      <line num="319" count="7" type="stmt"/>
      <line num="324" count="32" type="stmt"/>
    </file>
  </project>
</coverage>
