{"/Users/david/src/opendataformats/simplestamp/src/typescript/simplestamp/lib/calendar.ts": {"path":"/Users/david/src/opendataformats/simplestamp/src/typescript/simplestamp/lib/calendar.ts","statementMap":{"0":{"start":{"line":7,"column":0},"end":{"line":7,"column":25}},"1":{"start":{"line":8,"column":0},"end":{"line":8,"column":31}},"2":{"start":{"line":9,"column":0},"end":{"line":9,"column":29}},"3":{"start":{"line":12,"column":0},"end":{"line":12,"column":40}},"4":{"start":{"line":14,"column":40},"end":{"line":17,"column":36}},"5":{"start":{"line":17,"column":20},"end":{"line":17,"column":35}},"6":{"start":{"line":22,"column":19},"end":{"line":22,"column":66}},"7":{"start":{"line":29,"column":17},"end":{"line":29,"column":18}},"8":{"start":{"line":30,"column":22},"end":{"line":30,"column":83}},"9":{"start":{"line":30,"column":70},"end":{"line":30,"column":82}},"10":{"start":{"line":32,"column":20},"end":{"line":33,"column":null}},"11":{"start":{"line":33,"column":29},"end":{"line":33,"column":74}},"12":{"start":{"line":36,"column":4},"end":{"line":44,"column":7}},"13":{"start":{"line":37,"column":6},"end":{"line":37,"column":26}},"14":{"start":{"line":37,"column":19},"end":{"line":37,"column":26}},"15":{"start":{"line":38,"column":6},"end":{"line":43,"column":7}},"16":{"start":{"line":39,"column":8},"end":{"line":39,"column":47}},"17":{"start":{"line":40,"column":8},"end":{"line":40,"column":20}},"18":{"start":{"line":46,"column":4},"end":{"line":46,"column":18}},"19":{"start":{"line":51,"column":42},"end":{"line":60,"column":6}},"20":{"start":{"line":61,"column":4},"end":{"line":61,"column":40}},"21":{"start":{"line":66,"column":20},"end":{"line":66,"column":42}},"22":{"start":{"line":68,"column":4},"end":{"line":70,"column":5}},"23":{"start":{"line":69,"column":6},"end":{"line":69,"column":19}},"24":{"start":{"line":72,"column":20},"end":{"line":73,"column":null}},"25":{"start":{"line":73,"column":25},"end":{"line":73,"column":59}},"26":{"start":{"line":76,"column":4},"end":{"line":76,"column":34}},"27":{"start":{"line":83,"column":23},"end":{"line":83,"column":48}},"28":{"start":{"line":84,"column":24},"end":{"line":84,"column":87}},"29":{"start":{"line":86,"column":16},"end":{"line":86,"column":48}},"30":{"start":{"line":87,"column":42},"end":{"line":94,"column":6}},"31":{"start":{"line":96,"column":17},"end":{"line":96,"column":45}},"32":{"start":{"line":98,"column":4},"end":{"line":105,"column":5}},"33":{"start":{"line":99,"column":6},"end":{"line":101,"column":7}},"34":{"start":{"line":100,"column":8},"end":{"line":100,"column":56}},"35":{"start":{"line":102,"column":6},"end":{"line":102,"column":18}},"36":{"start":{"line":104,"column":6},"end":{"line":104,"column":19}},"37":{"start":{"line":21,"column":0},"end":{"line":21,"column":13}}},"fnMap":{"0":{"name":"(anonymous_9)","decl":{"start":{"line":17,"column":10},"end":{"line":17,"column":11}},"loc":{"start":{"line":17,"column":20},"end":{"line":17,"column":35}}},"1":{"name":"(anonymous_10)","decl":{"start":{"line":21,"column":0},"end":{"line":21,"column":13}},"loc":{"start":{"line":21,"column":0},"end":{"line":146,"column":1}}},"2":{"name":"(anonymous_11)","decl":{"start":{"line":28,"column":2},"end":{"line":28,"column":7}},"loc":{"start":{"line":28,"column":76},"end":{"line":47,"column":3}}},"3":{"name":"(anonymous_12)","decl":{"start":{"line":30,"column":61},"end":{"line":30,"column":62}},"loc":{"start":{"line":30,"column":70},"end":{"line":30,"column":82}}},"4":{"name":"(anonymous_13)","decl":{"start":{"line":33,"column":20},"end":{"line":33,"column":21}},"loc":{"start":{"line":33,"column":29},"end":{"line":33,"column":74}}},"5":{"name":"(anonymous_14)","decl":{"start":{"line":36,"column":20},"end":{"line":36,"column":21}},"loc":{"start":{"line":36,"column":31},"end":{"line":44,"column":5}}},"6":{"name":"(anonymous_15)","decl":{"start":{"line":50,"column":2},"end":{"line":50,"column":7}},"loc":{"start":{"line":50,"column":39},"end":{"line":62,"column":3}}},"7":{"name":"(anonymous_16)","decl":{"start":{"line":65,"column":2},"end":{"line":65,"column":7}},"loc":{"start":{"line":65,"column":57},"end":{"line":77,"column":3}}},"8":{"name":"(anonymous_17)","decl":{"start":{"line":73,"column":18},"end":{"line":73,"column":19}},"loc":{"start":{"line":73,"column":25},"end":{"line":73,"column":59}}},"9":{"name":"(anonymous_18)","decl":{"start":{"line":79,"column":10},"end":{"line":79,"column":15}},"loc":{"start":{"line":81,"column":28},"end":{"line":106,"column":3}}}},"branchMap":{"0":{"loc":{"start":{"line":30,"column":23},"end":{"line":30,"column":55}},"type":"binary-expr","locations":[{"start":{"line":30,"column":23},"end":{"line":30,"column":30}},{"start":{"line":30,"column":34},"end":{"line":30,"column":55}}]},"1":{"loc":{"start":{"line":37,"column":6},"end":{"line":37,"column":26}},"type":"if","locations":[{"start":{"line":37,"column":6},"end":{"line":37,"column":26}}]},"2":{"loc":{"start":{"line":68,"column":4},"end":{"line":70,"column":5}},"type":"if","locations":[{"start":{"line":68,"column":4},"end":{"line":70,"column":5}}]},"3":{"loc":{"start":{"line":99,"column":6},"end":{"line":101,"column":7}},"type":"if","locations":[{"start":{"line":99,"column":6},"end":{"line":101,"column":7}}]}},"s":{"0":2,"1":2,"2":2,"3":2,"4":2,"5":8,"6":27,"7":3,"8":3,"9":9,"10":3,"11":9,"12":3,"13":9,"14":3,"15":6,"16":6,"17":3,"18":3,"19":9,"20":9,"21":4,"22":4,"23":1,"24":3,"25":9,"26":3,"27":9,"28":9,"29":9,"30":9,"31":9,"32":9,"33":9,"34":9,"35":6,"36":3,"37":2},"f":{"0":8,"1":27,"2":3,"3":9,"4":9,"5":9,"6":9,"7":4,"8":9,"9":9},"b":{"0":[3,3],"1":[3],"2":[1],"3":[9]}}
,"/Users/david/src/opendataformats/simplestamp/src/typescript/simplestamp/lib/execution.ts": {"path":"/Users/david/src/opendataformats/simplestamp/src/typescript/simplestamp/lib/execution.ts","statementMap":{"0":{"start":{"line":7,"column":0},"end":{"line":7,"column":33}},"1":{"start":{"line":10,"column":0},"end":{"line":10,"column":78}},"2":{"start":{"line":11,"column":0},"end":{"line":11,"column":34}},"3":{"start":{"line":19,"column":16},"end":{"line":19,"column":17}},"4":{"start":{"line":20,"column":17},"end":{"line":20,"column":21}},"5":{"start":{"line":21,"column":15},"end":{"line":21,"column":37}},"6":{"start":{"line":23,"column":4},"end":{"line":56,"column":5}},"7":{"start":{"line":24,"column":24},"end":{"line":24,"column":41}},"8":{"start":{"line":25,"column":20},"end":{"line":25,"column":48}},"9":{"start":{"line":27,"column":6},"end":{"line":50,"column":7}},"10":{"start":{"line":29,"column":10},"end":{"line":29,"column":69}},"11":{"start":{"line":30,"column":10},"end":{"line":30,"column":16}},"12":{"start":{"line":33,"column":10},"end":{"line":33,"column":74}},"13":{"start":{"line":34,"column":10},"end":{"line":34,"column":16}},"14":{"start":{"line":37,"column":10},"end":{"line":37,"column":44}},"15":{"start":{"line":38,"column":10},"end":{"line":38,"column":16}},"16":{"start":{"line":41,"column":10},"end":{"line":41,"column":50}},"17":{"start":{"line":42,"column":10},"end":{"line":42,"column":16}},"18":{"start":{"line":45,"column":10},"end":{"line":45,"column":50}},"19":{"start":{"line":46,"column":10},"end":{"line":46,"column":16}},"20":{"start":{"line":49,"column":10},"end":{"line":49,"column":16}},"21":{"start":{"line":52,"column":6},"end":{"line":54,"column":51}},"22":{"start":{"line":55,"column":6},"end":{"line":55,"column":17}},"23":{"start":{"line":58,"column":4},"end":{"line":58,"column":18}},"24":{"start":{"line":66,"column":17},"end":{"line":66,"column":24}},"25":{"start":{"line":67,"column":16},"end":{"line":67,"column":34}},"26":{"start":{"line":69,"column":4},"end":{"line":116,"column":7}},"27":{"start":{"line":70,"column":19},"end":{"line":70,"column":26}},"28":{"start":{"line":71,"column":20},"end":{"line":71,"column":41}},"29":{"start":{"line":73,"column":6},"end":{"line":115,"column":7}},"30":{"start":{"line":78,"column":10},"end":{"line":78,"column":33}},"31":{"start":{"line":79,"column":10},"end":{"line":79,"column":62}},"32":{"start":{"line":80,"column":10},"end":{"line":80,"column":62}},"33":{"start":{"line":81,"column":10},"end":{"line":81,"column":16}},"34":{"start":{"line":84,"column":10},"end":{"line":84,"column":69}},"35":{"start":{"line":85,"column":10},"end":{"line":85,"column":16}},"36":{"start":{"line":88,"column":10},"end":{"line":88,"column":74}},"37":{"start":{"line":89,"column":10},"end":{"line":89,"column":16}},"38":{"start":{"line":92,"column":10},"end":{"line":92,"column":44}},"39":{"start":{"line":93,"column":10},"end":{"line":93,"column":16}},"40":{"start":{"line":96,"column":10},"end":{"line":96,"column":50}},"41":{"start":{"line":99,"column":10},"end":{"line":102,"column":11}},"42":{"start":{"line":100,"column":25},"end":{"line":100,"column":83}},"43":{"start":{"line":101,"column":12},"end":{"line":101,"column":54}},"44":{"start":{"line":103,"column":10},"end":{"line":103,"column":16}},"45":{"start":{"line":107,"column":10},"end":{"line":109,"column":11}},"46":{"start":{"line":108,"column":12},"end":{"line":108,"column":62}},"47":{"start":{"line":110,"column":10},"end":{"line":110,"column":50}},"48":{"start":{"line":111,"column":10},"end":{"line":111,"column":16}},"49":{"start":{"line":114,"column":10},"end":{"line":114,"column":65}},"50":{"start":{"line":119,"column":4},"end":{"line":121,"column":5}},"51":{"start":{"line":120,"column":6},"end":{"line":120,"column":68}},"52":{"start":{"line":123,"column":4},"end":{"line":123,"column":15}},"53":{"start":{"line":128,"column":4},"end":{"line":128,"column":75}},"54":{"start":{"line":13,"column":0},"end":{"line":13,"column":13}}},"fnMap":{"0":{"name":"(anonymous_9)","decl":{"start":{"line":18,"column":2},"end":{"line":18,"column":8}},"loc":{"start":{"line":18,"column":64},"end":{"line":59,"column":3}}},"1":{"name":"(anonymous_10)","decl":{"start":{"line":65,"column":2},"end":{"line":65,"column":8}},"loc":{"start":{"line":65,"column":68},"end":{"line":124,"column":3}}},"2":{"name":"(anonymous_11)","decl":{"start":{"line":69,"column":27},"end":{"line":69,"column":28}},"loc":{"start":{"line":69,"column":34},"end":{"line":116,"column":5}}},"3":{"name":"(anonymous_12)","decl":{"start":{"line":127,"column":2},"end":{"line":127,"column":8}},"loc":{"start":{"line":127,"column":29},"end":{"line":129,"column":3}}}},"branchMap":{"0":{"loc":{"start":{"line":27,"column":6},"end":{"line":50,"column":7}},"type":"switch","locations":[{"start":{"line":28,"column":8},"end":{"line":30,"column":16}},{"start":{"line":32,"column":8},"end":{"line":34,"column":16}},{"start":{"line":36,"column":8},"end":{"line":38,"column":16}},{"start":{"line":40,"column":8},"end":{"line":42,"column":16}},{"start":{"line":44,"column":8},"end":{"line":46,"column":16}},{"start":{"line":48,"column":8},"end":{"line":49,"column":16}}]},"1":{"loc":{"start":{"line":52,"column":13},"end":{"line":54,"column":50}},"type":"cond-expr","locations":[{"start":{"line":53,"column":11},"end":{"line":53,"column":37}},{"start":{"line":54,"column":10},"end":{"line":54,"column":50}}]},"2":{"loc":{"start":{"line":73,"column":6},"end":{"line":115,"column":7}},"type":"switch","locations":[{"start":{"line":76,"column":8},"end":{"line":76,"column":50}},{"start":{"line":77,"column":8},"end":{"line":81,"column":16}},{"start":{"line":83,"column":8},"end":{"line":85,"column":16}},{"start":{"line":87,"column":8},"end":{"line":89,"column":16}},{"start":{"line":91,"column":8},"end":{"line":93,"column":16}},{"start":{"line":95,"column":8},"end":{"line":103,"column":16}},{"start":{"line":105,"column":8},"end":{"line":111,"column":16}},{"start":{"line":113,"column":8},"end":{"line":114,"column":65}}]},"3":{"loc":{"start":{"line":79,"column":28},"end":{"line":79,"column":61}},"type":"binary-expr","locations":[{"start":{"line":79,"column":28},"end":{"line":79,"column":42}},{"start":{"line":79,"column":46},"end":{"line":79,"column":61}}]},"4":{"loc":{"start":{"line":80,"column":28},"end":{"line":80,"column":61}},"type":"binary-expr","locations":[{"start":{"line":80,"column":28},"end":{"line":80,"column":42}},{"start":{"line":80,"column":46},"end":{"line":80,"column":61}}]},"5":{"loc":{"start":{"line":99,"column":10},"end":{"line":102,"column":11}},"type":"if","locations":[{"start":{"line":99,"column":10},"end":{"line":102,"column":11}}]},"6":{"loc":{"start":{"line":107,"column":10},"end":{"line":109,"column":11}},"type":"if","locations":[{"start":{"line":107,"column":10},"end":{"line":109,"column":11}}]},"7":{"loc":{"start":{"line":119,"column":4},"end":{"line":121,"column":5}},"type":"if","locations":[{"start":{"line":119,"column":4},"end":{"line":121,"column":5}}]}},"s":{"0":3,"1":3,"2":3,"3":38,"4":38,"5":38,"6":38,"7":588,"8":588,"9":588,"10":1,"11":1,"12":1,"13":1,"14":272,"15":272,"16":159,"17":159,"18":112,"19":112,"20":43,"21":588,"22":588,"23":38,"24":18,"25":18,"26":18,"27":416,"28":416,"29":416,"30":22,"31":22,"32":22,"33":22,"34":1,"35":1,"36":1,"37":1,"38":210,"39":210,"40":99,"41":99,"42":5,"43":5,"44":99,"45":82,"46":5,"47":82,"48":82,"49":1,"50":17,"51":5,"52":17,"53":616,"54":3},"f":{"0":38,"1":18,"2":416,"3":616},"b":{"0":[1,1,272,159,112,43],"1":[550,38],"2":[22,22,1,1,210,99,82,1],"3":[22,5],"4":[22,17],"5":[5],"6":[5],"7":[5]}}
,"/Users/david/src/opendataformats/simplestamp/src/typescript/simplestamp/lib/parser.ts": {"path":"/Users/david/src/opendataformats/simplestamp/src/typescript/simplestamp/lib/parser.ts","statementMap":{"0":{"start":{"line":8,"column":0},"end":{"line":8,"column":68}},"1":{"start":{"line":9,"column":0},"end":{"line":9,"column":78}},"2":{"start":{"line":11,"column":29},"end":{"line":11,"column":30}},"3":{"start":{"line":13,"column":60},"end":{"line":17,"column":2}},"4":{"start":{"line":24,"column":36},"end":{"line":24,"column":38}},"5":{"start":{"line":25,"column":20},"end":{"line":25,"column":26}},"6":{"start":{"line":29,"column":4},"end":{"line":83,"column":5}},"7":{"start":{"line":31,"column":19},"end":{"line":31,"column":48}},"8":{"start":{"line":32,"column":6},"end":{"line":32,"column":37}},"9":{"start":{"line":34,"column":24},"end":{"line":34,"column":50}},"10":{"start":{"line":36,"column":6},"end":{"line":75,"column":7}},"11":{"start":{"line":40,"column":10},"end":{"line":40,"column":16}},"12":{"start":{"line":44,"column":10},"end":{"line":44,"column":70}},"13":{"start":{"line":45,"column":10},"end":{"line":45,"column":16}},"14":{"start":{"line":50,"column":10},"end":{"line":50,"column":62}},"15":{"start":{"line":51,"column":10},"end":{"line":51,"column":36}},"16":{"start":{"line":52,"column":10},"end":{"line":52,"column":60}},"17":{"start":{"line":55,"column":10},"end":{"line":55,"column":72}},"18":{"start":{"line":57,"column":10},"end":{"line":69,"column":11}},"19":{"start":{"line":59,"column":14},"end":{"line":61,"column":34}},"20":{"start":{"line":62,"column":14},"end":{"line":62,"column":20}},"21":{"start":{"line":65,"column":14},"end":{"line":65,"column":80}},"22":{"start":{"line":66,"column":14},"end":{"line":66,"column":20}},"23":{"start":{"line":68,"column":14},"end":{"line":68,"column":20}},"24":{"start":{"line":70,"column":10},"end":{"line":70,"column":16}},"25":{"start":{"line":74,"column":10},"end":{"line":74,"column":72}},"26":{"start":{"line":77,"column":6},"end":{"line":80,"column":7}},"27":{"start":{"line":78,"column":8},"end":{"line":78,"column":49}},"28":{"start":{"line":79,"column":8},"end":{"line":79,"column":26}},"29":{"start":{"line":82,"column":6},"end":{"line":82,"column":33}},"30":{"start":{"line":85,"column":4},"end":{"line":85,"column":22}},"31":{"start":{"line":90,"column":16},"end":{"line":90,"column":69}},"32":{"start":{"line":91,"column":4},"end":{"line":91,"column":81}},"33":{"start":{"line":99,"column":30},"end":{"line":99,"column":67}},"34":{"start":{"line":101,"column":4},"end":{"line":105,"column":5}},"35":{"start":{"line":102,"column":6},"end":{"line":104,"column":8}},"36":{"start":{"line":107,"column":4},"end":{"line":110,"column":6}},"37":{"start":{"line":119,"column":17},"end":{"line":119,"column":18}},"38":{"start":{"line":120,"column":19},"end":{"line":120,"column":20}},"39":{"start":{"line":122,"column":4},"end":{"line":128,"column":32}},"40":{"start":{"line":123,"column":6},"end":{"line":123,"column":30}},"41":{"start":{"line":125,"column":6},"end":{"line":125,"column":54}},"42":{"start":{"line":126,"column":6},"end":{"line":126,"column":20}},"43":{"start":{"line":130,"column":4},"end":{"line":130,"column":44}},"44":{"start":{"line":135,"column":19},"end":{"line":135,"column":45}},"45":{"start":{"line":136,"column":4},"end":{"line":138,"column":5}},"46":{"start":{"line":136,"column":21},"end":{"line":136,"column":22}},"47":{"start":{"line":137,"column":6},"end":{"line":137,"column":54}},"48":{"start":{"line":139,"column":4},"end":{"line":139,"column":18}},"49":{"start":{"line":19,"column":0},"end":{"line":19,"column":13}}},"fnMap":{"0":{"name":"(anonymous_0)","decl":{"start":{"line":23,"column":2},"end":{"line":23,"column":8}},"loc":{"start":{"line":23,"column":43},"end":{"line":86,"column":3}}},"1":{"name":"(anonymous_1)","decl":{"start":{"line":89,"column":2},"end":{"line":89,"column":8}},"loc":{"start":{"line":89,"column":48},"end":{"line":92,"column":3}}},"2":{"name":"(anonymous_2)","decl":{"start":{"line":98,"column":2},"end":{"line":98,"column":8}},"loc":{"start":{"line":98,"column":44},"end":{"line":111,"column":3}}},"3":{"name":"(anonymous_3)","decl":{"start":{"line":117,"column":2},"end":{"line":117,"column":8}},"loc":{"start":{"line":117,"column":46},"end":{"line":131,"column":3}}},"4":{"name":"(anonymous_4)","decl":{"start":{"line":134,"column":2},"end":{"line":134,"column":8}},"loc":{"start":{"line":134,"column":30},"end":{"line":140,"column":3}}}},"branchMap":{"0":{"loc":{"start":{"line":36,"column":6},"end":{"line":75,"column":7}},"type":"switch","locations":[{"start":{"line":37,"column":8},"end":{"line":37,"column":47}},{"start":{"line":38,"column":8},"end":{"line":38,"column":52}},{"start":{"line":39,"column":8},"end":{"line":40,"column":16}},{"start":{"line":42,"column":8},"end":{"line":42,"column":49}},{"start":{"line":43,"column":8},"end":{"line":45,"column":16}},{"start":{"line":49,"column":8},"end":{"line":71,"column":9}},{"start":{"line":73,"column":8},"end":{"line":74,"column":72}}]},"1":{"loc":{"start":{"line":57,"column":10},"end":{"line":69,"column":11}},"type":"switch","locations":[{"start":{"line":58,"column":12},"end":{"line":62,"column":20}},{"start":{"line":63,"column":12},"end":{"line":63,"column":62}},{"start":{"line":64,"column":12},"end":{"line":66,"column":20}},{"start":{"line":67,"column":12},"end":{"line":68,"column":20}}]},"2":{"loc":{"start":{"line":77,"column":6},"end":{"line":80,"column":7}},"type":"if","locations":[{"start":{"line":77,"column":6},"end":{"line":80,"column":7}}]},"3":{"loc":{"start":{"line":91,"column":11},"end":{"line":91,"column":80}},"type":"binary-expr","locations":[{"start":{"line":91,"column":11},"end":{"line":91,"column":32}},{"start":{"line":91,"column":36},"end":{"line":91,"column":80}}]},"4":{"loc":{"start":{"line":101,"column":4},"end":{"line":105,"column":5}},"type":"if","locations":[{"start":{"line":101,"column":4},"end":{"line":105,"column":5}}]}},"s":{"0":4,"1":4,"2":4,"3":4,"4":34,"5":34,"6":34,"7":565,"8":565,"9":565,"10":565,"11":292,"12":239,"13":239,"14":26,"15":26,"16":26,"17":26,"18":25,"19":17,"20":17,"21":7,"22":7,"23":1,"24":25,"25":8,"26":556,"27":239,"28":239,"29":556,"30":25,"31":26,"32":26,"33":282,"34":282,"35":1,"36":281,"37":289,"38":289,"39":289,"40":303,"41":303,"42":303,"43":289,"44":11,"45":11,"46":11,"47":352,"48":11,"49":4},"f":{"0":34,"1":26,"2":282,"3":289,"4":11},"b":{"0":[3,6,292,130,239,26,8],"1":[17,7,7,1],"2":[239],"3":[26,1],"4":[1]}}
,"/Users/david/src/opendataformats/simplestamp/src/typescript/simplestamp/lib/timestamp.ts": {"path":"/Users/david/src/opendataformats/simplestamp/src/typescript/simplestamp/lib/timestamp.ts","statementMap":{"0":{"start":{"line":7,"column":0},"end":{"line":7,"column":33}},"1":{"start":{"line":9,"column":0},"end":{"line":9,"column":67}},"2":{"start":{"line":10,"column":0},"end":{"line":10,"column":68}},"3":{"start":{"line":11,"column":0},"end":{"line":11,"column":61}},"4":{"start":{"line":12,"column":0},"end":{"line":12,"column":61}},"5":{"start":{"line":13,"column":0},"end":{"line":13,"column":65}},"6":{"start":{"line":14,"column":0},"end":{"line":14,"column":67}},"7":{"start":{"line":15,"column":0},"end":{"line":15,"column":38}},"8":{"start":{"line":16,"column":0},"end":{"line":16,"column":40}},"9":{"start":{"line":17,"column":0},"end":{"line":17,"column":34}},"10":{"start":{"line":19,"column":19},"end":{"line":19,"column":21}},"11":{"start":{"line":22,"column":30},"end":{"line":25,"column":null}},"12":{"start":{"line":24,"column":23},"end":{"line":24,"column":44}},"13":{"start":{"line":25,"column":21},"end":{"line":25,"column":37}},"14":{"start":{"line":29,"column":22},"end":{"line":32,"column":null}},"15":{"start":{"line":31,"column":23},"end":{"line":31,"column":44}},"16":{"start":{"line":32,"column":21},"end":{"line":32,"column":37}},"17":{"start":{"line":40,"column":4},"end":{"line":42,"column":5}},"18":{"start":{"line":41,"column":6},"end":{"line":41,"column":80}},"19":{"start":{"line":44,"column":4},"end":{"line":44,"column":36}},"20":{"start":{"line":45,"column":4},"end":{"line":49,"column":7}},"21":{"start":{"line":54,"column":15},"end":{"line":54,"column":46}},"22":{"start":{"line":55,"column":4},"end":{"line":59,"column":5}},"23":{"start":{"line":56,"column":6},"end":{"line":56,"column":49}},"24":{"start":{"line":58,"column":6},"end":{"line":58,"column":70}},"25":{"start":{"line":60,"column":4},"end":{"line":60,"column":14}},"26":{"start":{"line":68,"column":19},"end":{"line":69,"column":61}},"27":{"start":{"line":69,"column":19},"end":{"line":69,"column":60}},"28":{"start":{"line":71,"column":4},"end":{"line":73,"column":5}},"29":{"start":{"line":72,"column":6},"end":{"line":72,"column":19}},"30":{"start":{"line":75,"column":16},"end":{"line":75,"column":66}},"31":{"start":{"line":76,"column":4},"end":{"line":76,"column":43}},"32":{"start":{"line":77,"column":4},"end":{"line":77,"column":16}},"33":{"start":{"line":84,"column":24},"end":{"line":87,"column":6}},"34":{"start":{"line":85,"column":18},"end":{"line":85,"column":81}},"35":{"start":{"line":86,"column":6},"end":{"line":86,"column":37}},"36":{"start":{"line":89,"column":4},"end":{"line":91,"column":5}},"37":{"start":{"line":90,"column":6},"end":{"line":90,"column":80}},"38":{"start":{"line":93,"column":4},"end":{"line":93,"column":23}},"39":{"start":{"line":98,"column":4},"end":{"line":99,"column":42}},"40":{"start":{"line":106,"column":33},"end":{"line":109,"column":6}},"41":{"start":{"line":111,"column":4},"end":{"line":113,"column":5}},"42":{"start":{"line":112,"column":6},"end":{"line":112,"column":67}},"43":{"start":{"line":115,"column":4},"end":{"line":119,"column":5}},"44":{"start":{"line":116,"column":6},"end":{"line":118,"column":8}},"45":{"start":{"line":121,"column":4},"end":{"line":125,"column":5}},"46":{"start":{"line":122,"column":6},"end":{"line":124,"column":8}},"47":{"start":{"line":127,"column":21},"end":{"line":127,"column":46}},"48":{"start":{"line":128,"column":4},"end":{"line":128,"column":56}},"49":{"start":{"line":133,"column":4},"end":{"line":135,"column":37}},"50":{"start":{"line":140,"column":4},"end":{"line":141,"column":80}},"51":{"start":{"line":141,"column":21},"end":{"line":141,"column":78}},"52":{"start":{"line":146,"column":4},"end":{"line":146,"column":40}},"53":{"start":{"line":153,"column":23},"end":{"line":153,"column":57}},"54":{"start":{"line":154,"column":24},"end":{"line":154,"column":58}},"55":{"start":{"line":155,"column":22},"end":{"line":155,"column":84}},"56":{"start":{"line":156,"column":4},"end":{"line":156,"column":42}},"57":{"start":{"line":161,"column":4},"end":{"line":161,"column":51}},"58":{"start":{"line":166,"column":4},"end":{"line":166,"column":46}},"59":{"start":{"line":180,"column":4},"end":{"line":182,"column":5}},"60":{"start":{"line":181,"column":6},"end":{"line":181,"column":90}},"61":{"start":{"line":183,"column":4},"end":{"line":192,"column":7}},"62":{"start":{"line":204,"column":4},"end":{"line":206,"column":5}},"63":{"start":{"line":205,"column":6},"end":{"line":205,"column":90}},"64":{"start":{"line":207,"column":4},"end":{"line":214,"column":7}},"65":{"start":{"line":219,"column":4},"end":{"line":219,"column":51}},"66":{"start":{"line":224,"column":4},"end":{"line":224,"column":36}},"67":{"start":{"line":229,"column":4},"end":{"line":229,"column":47}},"68":{"start":{"line":234,"column":4},"end":{"line":234,"column":69}},"69":{"start":{"line":239,"column":42},"end":{"line":245,"column":6}},"70":{"start":{"line":247,"column":4},"end":{"line":249,"column":5}},"71":{"start":{"line":248,"column":6},"end":{"line":248,"column":54}},"72":{"start":{"line":251,"column":4},"end":{"line":253,"column":5}},"73":{"start":{"line":252,"column":6},"end":{"line":252,"column":54}},"74":{"start":{"line":255,"column":56},"end":{"line":255,"column":58}},"75":{"start":{"line":256,"column":4},"end":{"line":279,"column":7}},"76":{"start":{"line":257,"column":43},"end":{"line":277,"column":8}},"77":{"start":{"line":265,"column":63},"end":{"line":272,"column":10}},"78":{"start":{"line":278,"column":6},"end":{"line":278,"column":33}},"79":{"start":{"line":280,"column":4},"end":{"line":280,"column":41}},"80":{"start":{"line":282,"column":4},"end":{"line":282,"column":16}},"81":{"start":{"line":287,"column":4},"end":{"line":287,"column":59}},"82":{"start":{"line":292,"column":4},"end":{"line":292,"column":39}},"83":{"start":{"line":299,"column":21},"end":{"line":299,"column":59}},"84":{"start":{"line":301,"column":4},"end":{"line":303,"column":5}},"85":{"start":{"line":302,"column":6},"end":{"line":302,"column":84}},"86":{"start":{"line":305,"column":21},"end":{"line":305,"column":40}},"87":{"start":{"line":306,"column":4},"end":{"line":311,"column":5}},"88":{"start":{"line":307,"column":21},"end":{"line":307,"column":55}},"89":{"start":{"line":308,"column":6},"end":{"line":308,"column":54}},"90":{"start":{"line":313,"column":16},"end":{"line":313,"column":62}},"91":{"start":{"line":314,"column":21},"end":{"line":314,"column":48}},"92":{"start":{"line":315,"column":4},"end":{"line":318,"column":6}},"93":{"start":{"line":319,"column":4},"end":{"line":319,"column":16}},"94":{"start":{"line":324,"column":4},"end":{"line":324,"column":41}},"95":{"start":{"line":35,"column":0},"end":{"line":35,"column":13}}},"fnMap":{"0":{"name":"(anonymous_9)","decl":{"start":{"line":24,"column":12},"end":{"line":24,"column":13}},"loc":{"start":{"line":24,"column":23},"end":{"line":24,"column":44}}},"1":{"name":"(anonymous_10)","decl":{"start":{"line":25,"column":9},"end":{"line":25,"column":10}},"loc":{"start":{"line":25,"column":21},"end":{"line":25,"column":37}}},"2":{"name":"(anonymous_11)","decl":{"start":{"line":31,"column":12},"end":{"line":31,"column":13}},"loc":{"start":{"line":31,"column":23},"end":{"line":31,"column":44}}},"3":{"name":"(anonymous_12)","decl":{"start":{"line":32,"column":9},"end":{"line":32,"column":10}},"loc":{"start":{"line":32,"column":21},"end":{"line":32,"column":37}}},"4":{"name":"(anonymous_13)","decl":{"start":{"line":39,"column":2},"end":{"line":39,"column":14}},"loc":{"start":{"line":39,"column":26},"end":{"line":50,"column":3}}},"5":{"name":"(anonymous_14)","decl":{"start":{"line":53,"column":2},"end":{"line":53,"column":8}},"loc":{"start":{"line":53,"column":34},"end":{"line":61,"column":3}}},"6":{"name":"(anonymous_15)","decl":{"start":{"line":67,"column":2},"end":{"line":67,"column":16}},"loc":{"start":{"line":67,"column":41},"end":{"line":78,"column":3}}},"7":{"name":"(anonymous_16)","decl":{"start":{"line":69,"column":12},"end":{"line":69,"column":13}},"loc":{"start":{"line":69,"column":19},"end":{"line":69,"column":60}}},"8":{"name":"(anonymous_17)","decl":{"start":{"line":83,"column":2},"end":{"line":83,"column":22}},"loc":{"start":{"line":83,"column":42},"end":{"line":94,"column":3}}},"9":{"name":"(anonymous_18)","decl":{"start":{"line":84,"column":58},"end":{"line":84,"column":59}},"loc":{"start":{"line":84,"column":64},"end":{"line":87,"column":5}}},"10":{"name":"(anonymous_19)","decl":{"start":{"line":97,"column":2},"end":{"line":97,"column":8}},"loc":{"start":{"line":97,"column":49},"end":{"line":100,"column":3}}},"11":{"name":"(anonymous_20)","decl":{"start":{"line":105,"column":2},"end":{"line":105,"column":15}},"loc":{"start":{"line":105,"column":15},"end":{"line":129,"column":3}}},"12":{"name":"(anonymous_21)","decl":{"start":{"line":132,"column":2},"end":{"line":132,"column":8}},"loc":{"start":{"line":132,"column":43},"end":{"line":136,"column":3}}},"13":{"name":"(anonymous_22)","decl":{"start":{"line":139,"column":2},"end":{"line":139,"column":12}},"loc":{"start":{"line":139,"column":12},"end":{"line":142,"column":3}}},"14":{"name":"(anonymous_23)","decl":{"start":{"line":141,"column":14},"end":{"line":141,"column":15}},"loc":{"start":{"line":141,"column":21},"end":{"line":141,"column":78}}},"15":{"name":"(anonymous_24)","decl":{"start":{"line":145,"column":2},"end":{"line":145,"column":12}},"loc":{"start":{"line":145,"column":12},"end":{"line":147,"column":3}}},"16":{"name":"(anonymous_25)","decl":{"start":{"line":152,"column":2},"end":{"line":152,"column":22}},"loc":{"start":{"line":152,"column":37},"end":{"line":157,"column":3}}},"17":{"name":"(anonymous_26)","decl":{"start":{"line":160,"column":2},"end":{"line":160,"column":11}},"loc":{"start":{"line":160,"column":11},"end":{"line":162,"column":3}}},"18":{"name":"(anonymous_27)","decl":{"start":{"line":165,"column":2},"end":{"line":165,"column":16}},"loc":{"start":{"line":165,"column":36},"end":{"line":167,"column":3}}},"19":{"name":"(anonymous_28)","decl":{"start":{"line":170,"column":2},"end":{"line":170,"column":13}},"loc":{"start":{"line":178,"column":20},"end":{"line":193,"column":3}}},"20":{"name":"(anonymous_29)","decl":{"start":{"line":196,"column":2},"end":{"line":196,"column":13}},"loc":{"start":{"line":202,"column":21},"end":{"line":215,"column":3}}},"21":{"name":"(anonymous_30)","decl":{"start":{"line":218,"column":2},"end":{"line":218,"column":10}},"loc":{"start":{"line":218,"column":24},"end":{"line":220,"column":3}}},"22":{"name":"(anonymous_31)","decl":{"start":{"line":223,"column":2},"end":{"line":223,"column":11}},"loc":{"start":{"line":223,"column":26},"end":{"line":225,"column":3}}},"23":{"name":"(anonymous_32)","decl":{"start":{"line":228,"column":2},"end":{"line":228,"column":7}},"loc":{"start":{"line":228,"column":32},"end":{"line":230,"column":3}}},"24":{"name":"(anonymous_33)","decl":{"start":{"line":233,"column":2},"end":{"line":233,"column":10}},"loc":{"start":{"line":233,"column":10},"end":{"line":235,"column":3}}},"25":{"name":"(anonymous_34)","decl":{"start":{"line":238,"column":2},"end":{"line":238,"column":8}},"loc":{"start":{"line":238,"column":8},"end":{"line":283,"column":3}}},"26":{"name":"(anonymous_35)","decl":{"start":{"line":256,"column":41},"end":{"line":256,"column":42}},"loc":{"start":{"line":256,"column":57},"end":{"line":279,"column":5}}},"27":{"name":"(anonymous_36)","decl":{"start":{"line":265,"column":47},"end":{"line":265,"column":48}},"loc":{"start":{"line":265,"column":63},"end":{"line":272,"column":10}}},"28":{"name":"(anonymous_37)","decl":{"start":{"line":286,"column":2},"end":{"line":286,"column":10}},"loc":{"start":{"line":286,"column":10},"end":{"line":288,"column":3}}},"29":{"name":"(anonymous_38)","decl":{"start":{"line":291,"column":2},"end":{"line":291,"column":7}},"loc":{"start":{"line":291,"column":14},"end":{"line":293,"column":3}}},"30":{"name":"(anonymous_39)","decl":{"start":{"line":298,"column":2},"end":{"line":298,"column":20}},"loc":{"start":{"line":298,"column":56},"end":{"line":320,"column":3}}},"31":{"name":"(anonymous_40)","decl":{"start":{"line":323,"column":2},"end":{"line":323,"column":8}},"loc":{"start":{"line":323,"column":16},"end":{"line":325,"column":3}}}},"branchMap":{"0":{"loc":{"start":{"line":40,"column":4},"end":{"line":42,"column":5}},"type":"if","locations":[{"start":{"line":40,"column":4},"end":{"line":42,"column":5}}]},"1":{"loc":{"start":{"line":40,"column":8},"end":{"line":40,"column":49}},"type":"binary-expr","locations":[{"start":{"line":40,"column":8},"end":{"line":40,"column":33}},{"start":{"line":40,"column":37},"end":{"line":40,"column":49}}]},"2":{"loc":{"start":{"line":71,"column":4},"end":{"line":73,"column":5}},"type":"if","locations":[{"start":{"line":71,"column":4},"end":{"line":73,"column":5}}]},"3":{"loc":{"start":{"line":89,"column":4},"end":{"line":91,"column":5}},"type":"if","locations":[{"start":{"line":89,"column":4},"end":{"line":91,"column":5}}]},"4":{"loc":{"start":{"line":98,"column":12},"end":{"line":98,"column":69}},"type":"binary-expr","locations":[{"start":{"line":98,"column":12},"end":{"line":98,"column":37}},{"start":{"line":98,"column":41},"end":{"line":98,"column":69}}]},"5":{"loc":{"start":{"line":111,"column":4},"end":{"line":113,"column":5}},"type":"if","locations":[{"start":{"line":111,"column":4},"end":{"line":113,"column":5}}]},"6":{"loc":{"start":{"line":115,"column":4},"end":{"line":119,"column":5}},"type":"if","locations":[{"start":{"line":115,"column":4},"end":{"line":119,"column":5}}]},"7":{"loc":{"start":{"line":121,"column":4},"end":{"line":125,"column":5}},"type":"if","locations":[{"start":{"line":121,"column":4},"end":{"line":125,"column":5}}]},"8":{"loc":{"start":{"line":134,"column":6},"end":{"line":134,"column":69}},"type":"binary-expr","locations":[{"start":{"line":134,"column":6},"end":{"line":134,"column":37}},{"start":{"line":134,"column":41},"end":{"line":134,"column":69}}]},"9":{"loc":{"start":{"line":180,"column":4},"end":{"line":182,"column":5}},"type":"if","locations":[{"start":{"line":180,"column":4},"end":{"line":182,"column":5}}]},"10":{"loc":{"start":{"line":198,"column":4},"end":{"line":198,"column":17}},"type":"default-arg","locations":[{"start":{"line":198,"column":16},"end":{"line":198,"column":17}}]},"11":{"loc":{"start":{"line":204,"column":4},"end":{"line":206,"column":5}},"type":"if","locations":[{"start":{"line":204,"column":4},"end":{"line":206,"column":5}}]},"12":{"loc":{"start":{"line":208,"column":22},"end":{"line":208,"column":35}},"type":"binary-expr","locations":[{"start":{"line":208,"column":22},"end":{"line":208,"column":30}},{"start":{"line":208,"column":34},"end":{"line":208,"column":35}}]},"13":{"loc":{"start":{"line":209,"column":16},"end":{"line":209,"column":29}},"type":"binary-expr","locations":[{"start":{"line":209,"column":16},"end":{"line":209,"column":24}},{"start":{"line":209,"column":28},"end":{"line":209,"column":29}}]},"14":{"loc":{"start":{"line":210,"column":17},"end":{"line":210,"column":31}},"type":"binary-expr","locations":[{"start":{"line":210,"column":17},"end":{"line":210,"column":26}},{"start":{"line":210,"column":30},"end":{"line":210,"column":31}}]},"15":{"loc":{"start":{"line":213,"column":16},"end":{"line":213,"column":29}},"type":"binary-expr","locations":[{"start":{"line":213,"column":16},"end":{"line":213,"column":24}},{"start":{"line":213,"column":28},"end":{"line":213,"column":29}}]},"16":{"loc":{"start":{"line":247,"column":4},"end":{"line":249,"column":5}},"type":"if","locations":[{"start":{"line":247,"column":4},"end":{"line":249,"column":5}}]},"17":{"loc":{"start":{"line":251,"column":4},"end":{"line":253,"column":5}},"type":"if","locations":[{"start":{"line":251,"column":4},"end":{"line":253,"column":5}}]},"18":{"loc":{"start":{"line":268,"column":18},"end":{"line":269,"column":72}},"type":"cond-expr","locations":[{"start":{"line":269,"column":14},"end":{"line":269,"column":67}},{"start":{"line":269,"column":70},"end":{"line":269,"column":72}}]},"19":{"loc":{"start":{"line":301,"column":4},"end":{"line":303,"column":5}},"type":"if","locations":[{"start":{"line":301,"column":4},"end":{"line":303,"column":5}}]}},"s":{"0":2,"1":2,"2":2,"3":2,"4":2,"5":2,"6":2,"7":2,"8":2,"9":2,"10":2,"11":2,"12":40,"13":20,"14":2,"15":24,"16":12,"17":28,"18":1,"19":27,"20":27,"21":20,"22":20,"23":20,"24":1,"25":19,"26":6,"27":3,"28":6,"29":3,"30":3,"31":3,"32":3,"33":11,"34":21,"35":21,"36":11,"37":2,"38":9,"39":9,"40":62,"41":62,"42":58,"43":62,"44":58,"45":62,"46":1,"47":62,"48":62,"49":17,"50":7,"51":16,"52":3,"53":9,"54":6,"55":6,"56":6,"57":7,"58":1,"59":2,"60":1,"61":1,"62":3,"63":1,"64":2,"65":2,"66":1,"67":3,"68":1,"69":4,"70":4,"71":3,"72":4,"73":1,"74":4,"75":4,"76":3,"77":15,"78":3,"79":4,"80":4,"81":1,"82":4,"83":9,"84":8,"85":1,"86":7,"87":7,"88":7,"89":4,"90":7,"91":7,"92":7,"93":7,"94":32,"95":2},"f":{"0":40,"1":20,"2":24,"3":12,"4":28,"5":20,"6":6,"7":3,"8":11,"9":21,"10":9,"11":62,"12":17,"13":7,"14":16,"15":3,"16":9,"17":7,"18":1,"19":2,"20":3,"21":2,"22":1,"23":3,"24":1,"25":4,"26":3,"27":15,"28":1,"29":4,"30":9,"31":32},"b":{"0":[1],"1":[28,27],"2":[3],"3":[2],"4":[9,1],"5":[58],"6":[58],"7":[1],"8":[17,1],"9":[1],"10":[1],"11":[1],"12":[2,1],"13":[2,1],"14":[2,1],"15":[2,1],"16":[3],"17":[1],"18":[3,12],"19":[1]}}
}
