TN:
SF:lib/calendar.ts
FN:17,(anonymous_9)
FN:21,(anonymous_10)
FN:28,(anonymous_11)
FN:30,(anonymous_12)
FN:33,(anonymous_13)
FN:36,(anonymous_14)
FN:50,(anonymous_15)
FN:65,(anonymous_16)
FN:73,(anonymous_17)
FN:79,(anonymous_18)
FNF:10
FNH:10
FNDA:8,(anonymous_9)
FNDA:23,(anonymous_10)
FNDA:2,(anonymous_11)
FNDA:6,(anonymous_12)
FNDA:6,(anonymous_13)
FNDA:6,(anonymous_14)
FNDA:6,(anonymous_15)
FNDA:3,(anonymous_16)
FNDA:6,(anonymous_17)
FNDA:6,(anonymous_18)
DA:7,2
DA:8,2
DA:9,2
DA:12,2
DA:14,2
DA:17,8
DA:21,2
DA:22,23
DA:29,2
DA:30,6
DA:32,2
DA:33,6
DA:36,2
DA:37,6
DA:38,6
DA:39,6
DA:40,3
DA:46,2
DA:51,6
DA:61,6
DA:66,3
DA:68,3
DA:69,1
DA:72,2
DA:73,6
DA:76,2
DA:83,6
DA:84,6
DA:86,6
DA:87,6
DA:96,6
DA:98,6
DA:99,6
DA:100,6
DA:102,6
DA:104,0
LF:36
LH:35
BRDA:30,0,0,2
BRDA:30,0,1,2
BRDA:37,1,0,0
BRDA:68,2,0,1
BRDA:99,3,0,6
BRF:5
BRH:4
end_of_record
TN:
SF:lib/execution.ts
FN:18,(anonymous_9)
FN:65,(anonymous_10)
FN:69,(anonymous_11)
FN:127,(anonymous_12)
FNF:4
FNH:4
FNDA:34,(anonymous_9)
FNDA:18,(anonymous_10)
FNDA:416,(anonymous_11)
FNDA:598,(anonymous_12)
DA:7,3
DA:10,3
DA:11,3
DA:13,3
DA:19,34
DA:20,34
DA:21,34
DA:23,34
DA:24,568
DA:25,568
DA:27,568
DA:29,1
DA:30,1
DA:33,1
DA:34,1
DA:37,268
DA:38,268
DA:41,151
DA:42,151
DA:45,108
DA:46,108
DA:49,39
DA:52,568
DA:55,568
DA:58,34
DA:66,18
DA:67,18
DA:69,18
DA:70,416
DA:71,416
DA:73,416
DA:78,22
DA:79,22
DA:80,22
DA:81,22
DA:84,1
DA:85,1
DA:88,1
DA:89,1
DA:92,210
DA:93,210
DA:96,99
DA:99,99
DA:100,5
DA:101,5
DA:103,99
DA:107,82
DA:108,5
DA:110,82
DA:111,82
DA:114,1
DA:119,17
DA:120,5
DA:123,17
DA:128,598
LF:55
LH:55
BRDA:27,0,0,1
BRDA:27,0,1,1
BRDA:27,0,2,268
BRDA:27,0,3,151
BRDA:27,0,4,108
BRDA:27,0,5,39
BRDA:52,1,0,534
BRDA:52,1,1,34
BRDA:73,2,0,22
BRDA:73,2,1,22
BRDA:73,2,2,1
BRDA:73,2,3,1
BRDA:73,2,4,210
BRDA:73,2,5,99
BRDA:73,2,6,82
BRDA:73,2,7,1
BRDA:79,3,0,22
BRDA:79,3,1,5
BRDA:80,4,0,22
BRDA:80,4,1,17
BRDA:99,5,0,5
BRDA:107,6,0,5
BRDA:119,7,0,5
BRF:23
BRH:23
end_of_record
TN:
SF:lib/parser.ts
FN:23,(anonymous_0)
FN:88,(anonymous_1)
FN:97,(anonymous_2)
FN:116,(anonymous_3)
FN:133,(anonymous_4)
FNF:5
FNH:5
FNDA:34,(anonymous_0)
FNDA:26,(anonymous_1)
FNDA:282,(anonymous_2)
FNDA:289,(anonymous_3)
FNDA:11,(anonymous_4)
DA:8,4
DA:9,4
DA:11,4
DA:13,4
DA:19,4
DA:24,34
DA:25,34
DA:29,34
DA:30,565
DA:31,565
DA:33,565
DA:35,565
DA:39,292
DA:43,239
DA:44,239
DA:49,26
DA:50,26
DA:51,26
DA:54,26
DA:56,25
DA:58,17
DA:61,17
DA:64,7
DA:65,7
DA:67,1
DA:69,25
DA:73,8
DA:76,556
DA:77,239
DA:78,239
DA:81,556
DA:84,25
DA:89,26
DA:90,26
DA:98,282
DA:100,282
DA:101,1
DA:106,281
DA:118,289
DA:119,289
DA:121,289
DA:122,303
DA:124,303
DA:125,303
DA:129,289
DA:134,11
DA:135,11
DA:136,352
DA:138,11
LF:49
LH:49
BRDA:35,0,0,3
BRDA:35,0,1,6
BRDA:35,0,2,292
BRDA:35,0,3,130
BRDA:35,0,4,239
BRDA:35,0,5,26
BRDA:35,0,6,8
BRDA:56,1,0,17
BRDA:56,1,1,7
BRDA:56,1,2,7
BRDA:56,1,3,1
BRDA:76,2,0,239
BRDA:90,3,0,26
BRDA:90,3,1,1
BRDA:100,4,0,1
BRF:15
BRH:15
end_of_record
TN:
SF:lib/timestamp.ts
FN:24,(anonymous_9)
FN:25,(anonymous_10)
FN:31,(anonymous_11)
FN:32,(anonymous_12)
FN:39,(anonymous_13)
FN:53,(anonymous_14)
FN:67,(anonymous_15)
FN:69,(anonymous_16)
FN:83,(anonymous_17)
FN:84,(anonymous_18)
FN:97,(anonymous_19)
FN:105,(anonymous_20)
FN:132,(anonymous_21)
FN:141,(anonymous_22)
FN:143,(anonymous_23)
FN:147,(anonymous_24)
FN:154,(anonymous_25)
FN:162,(anonymous_26)
FN:167,(anonymous_27)
FN:172,(anonymous_28)
FN:198,(anonymous_29)
FN:220,(anonymous_30)
FN:225,(anonymous_31)
FN:230,(anonymous_32)
FN:235,(anonymous_33)
FN:240,(anonymous_34)
FN:258,(anonymous_35)
FN:271,(anonymous_36)
FN:288,(anonymous_37)
FN:293,(anonymous_38)
FN:300,(anonymous_39)
FN:325,(anonymous_40)
FNF:32
FNH:31
FNDA:40,(anonymous_9)
FNDA:20,(anonymous_10)
FNDA:24,(anonymous_11)
FNDA:12,(anonymous_12)
FNDA:24,(anonymous_13)
FNDA:17,(anonymous_14)
FNDA:6,(anonymous_15)
FNDA:3,(anonymous_16)
FNDA:10,(anonymous_17)
FNDA:20,(anonymous_18)
FNDA:9,(anonymous_19)
FNDA:55,(anonymous_20)
FNDA:17,(anonymous_21)
FNDA:6,(anonymous_22)
FNDA:13,(anonymous_23)
FNDA:3,(anonymous_24)
FNDA:9,(anonymous_25)
FNDA:7,(anonymous_26)
FNDA:0,(anonymous_27)
FNDA:2,(anonymous_28)
FNDA:3,(anonymous_29)
FNDA:2,(anonymous_30)
FNDA:1,(anonymous_31)
FNDA:2,(anonymous_32)
FNDA:1,(anonymous_33)
FNDA:4,(anonymous_34)
FNDA:3,(anonymous_35)
FNDA:15,(anonymous_36)
FNDA:1,(anonymous_37)
FNDA:3,(anonymous_38)
FNDA:8,(anonymous_39)
FNDA:28,(anonymous_40)
DA:7,2
DA:9,2
DA:10,2
DA:11,2
DA:12,2
DA:13,2
DA:14,2
DA:15,2
DA:16,2
DA:17,2
DA:19,2
DA:22,2
DA:24,40
DA:25,20
DA:29,2
DA:31,24
DA:32,12
DA:35,2
DA:40,24
DA:41,1
DA:44,23
DA:45,23
DA:54,17
DA:55,17
DA:56,17
DA:58,1
DA:60,16
DA:68,6
DA:69,3
DA:71,6
DA:72,3
DA:75,3
DA:76,3
DA:77,3
DA:84,10
DA:85,20
DA:86,20
DA:89,10
DA:90,2
DA:93,8
DA:98,9
DA:106,55
DA:111,55
DA:112,51
DA:115,55
DA:116,51
DA:121,55
DA:122,1
DA:127,55
DA:128,55
DA:133,17
DA:142,6
DA:143,13
DA:148,3
DA:155,9
DA:156,6
DA:157,6
DA:158,6
DA:163,7
DA:168,0
DA:182,2
DA:183,1
DA:185,1
DA:206,3
DA:207,1
DA:209,2
DA:221,2
DA:226,1
DA:231,2
DA:236,1
DA:241,4
DA:249,4
DA:250,3
DA:253,4
DA:254,1
DA:257,4
DA:258,4
DA:259,3
DA:271,15
DA:280,3
DA:282,4
DA:284,4
DA:289,1
DA:294,3
DA:301,8
DA:303,7
DA:304,0
DA:307,7
DA:308,7
DA:309,7
DA:310,4
DA:315,7
DA:316,7
DA:317,7
DA:321,7
DA:326,28
LF:96
LH:94
BRDA:40,0,0,1
BRDA:40,1,0,24
BRDA:40,1,1,23
BRDA:71,2,0,3
BRDA:89,3,0,2
BRDA:98,4,0,9
BRDA:98,4,1,1
BRDA:98,4,2,0
BRDA:111,5,0,51
BRDA:115,6,0,51
BRDA:121,7,0,1
BRDA:134,8,0,17
BRDA:134,8,1,1
BRDA:134,8,2,0
BRDA:182,9,0,1
BRDA:200,10,0,1
BRDA:206,11,0,1
BRDA:212,12,0,2
BRDA:212,12,1,1
BRDA:213,13,0,2
BRDA:213,13,1,1
BRDA:214,14,0,2
BRDA:214,14,1,1
BRDA:215,15,0,2
BRDA:215,15,1,1
BRDA:249,16,0,3
BRDA:253,17,0,1
BRDA:274,18,0,3
BRDA:274,18,1,12
BRDA:303,19,0,0
BRF:30
BRH:27
end_of_record
