TN:
SF:lib/calendar.ts
FN:17,(anonymous_9)
FN:21,(anonymous_10)
FN:28,(anonymous_11)
FN:30,(anonymous_12)
FN:33,(anonymous_13)
FN:36,(anonymous_14)
FN:50,(anonymous_15)
FN:65,(anonymous_16)
FN:73,(anonymous_17)
FN:79,(anonymous_18)
FNF:10
FNH:10
FNDA:8,(anonymous_9)
FNDA:27,(anonymous_10)
FNDA:3,(anonymous_11)
FNDA:9,(anonymous_12)
FNDA:9,(anonymous_13)
FNDA:9,(anonymous_14)
FNDA:9,(anonymous_15)
FNDA:4,(anonymous_16)
FNDA:9,(anonymous_17)
FNDA:9,(anonymous_18)
DA:7,2
DA:8,2
DA:9,2
DA:12,2
DA:14,2
DA:17,8
DA:21,2
DA:22,27
DA:29,3
DA:30,9
DA:32,3
DA:33,9
DA:36,3
DA:37,9
DA:38,6
DA:39,6
DA:40,3
DA:46,3
DA:51,9
DA:61,9
DA:66,4
DA:68,4
DA:69,1
DA:72,3
DA:73,9
DA:76,3
DA:83,9
DA:84,9
DA:86,9
DA:87,9
DA:96,9
DA:98,9
DA:99,9
DA:100,9
DA:102,6
DA:104,3
LF:36
LH:36
BRDA:30,0,0,3
BRDA:30,0,1,3
BRDA:37,1,0,3
BRDA:68,2,0,1
BRDA:99,3,0,9
BRF:5
BRH:5
end_of_record
TN:
SF:lib/execution.ts
FN:18,(anonymous_9)
FN:65,(anonymous_10)
FN:69,(anonymous_11)
FN:127,(anonymous_12)
FNF:4
FNH:4
FNDA:38,(anonymous_9)
FNDA:18,(anonymous_10)
FNDA:416,(anonymous_11)
FNDA:616,(anonymous_12)
DA:7,3
DA:10,3
DA:11,3
DA:13,3
DA:19,38
DA:20,38
DA:21,38
DA:23,38
DA:24,588
DA:25,588
DA:27,588
DA:29,1
DA:30,1
DA:33,1
DA:34,1
DA:37,272
DA:38,272
DA:41,159
DA:42,159
DA:45,112
DA:46,112
DA:49,43
DA:52,588
DA:55,588
DA:58,38
DA:66,18
DA:67,18
DA:69,18
DA:70,416
DA:71,416
DA:73,416
DA:78,22
DA:79,22
DA:80,22
DA:81,22
DA:84,1
DA:85,1
DA:88,1
DA:89,1
DA:92,210
DA:93,210
DA:96,99
DA:99,99
DA:100,5
DA:101,5
DA:103,99
DA:107,82
DA:108,5
DA:110,82
DA:111,82
DA:114,1
DA:119,17
DA:120,5
DA:123,17
DA:128,616
LF:55
LH:55
BRDA:27,0,0,1
BRDA:27,0,1,1
BRDA:27,0,2,272
BRDA:27,0,3,159
BRDA:27,0,4,112
BRDA:27,0,5,43
BRDA:52,1,0,550
BRDA:52,1,1,38
BRDA:73,2,0,22
BRDA:73,2,1,22
BRDA:73,2,2,1
BRDA:73,2,3,1
BRDA:73,2,4,210
BRDA:73,2,5,99
BRDA:73,2,6,82
BRDA:73,2,7,1
BRDA:79,3,0,22
BRDA:79,3,1,5
BRDA:80,4,0,22
BRDA:80,4,1,17
BRDA:99,5,0,5
BRDA:107,6,0,5
BRDA:119,7,0,5
BRF:23
BRH:23
end_of_record
TN:
SF:lib/parser.ts
FN:23,(anonymous_0)
FN:89,(anonymous_1)
FN:98,(anonymous_2)
FN:117,(anonymous_3)
FN:134,(anonymous_4)
FNF:5
FNH:5
FNDA:34,(anonymous_0)
FNDA:26,(anonymous_1)
FNDA:282,(anonymous_2)
FNDA:289,(anonymous_3)
FNDA:11,(anonymous_4)
DA:8,4
DA:9,4
DA:11,4
DA:13,4
DA:19,4
DA:24,34
DA:25,34
DA:29,34
DA:31,565
DA:32,565
DA:34,565
DA:36,565
DA:40,292
DA:44,239
DA:45,239
DA:50,26
DA:51,26
DA:52,26
DA:55,26
DA:57,25
DA:59,17
DA:62,17
DA:65,7
DA:66,7
DA:68,1
DA:70,25
DA:74,8
DA:77,556
DA:78,239
DA:79,239
DA:82,556
DA:85,25
DA:90,26
DA:91,26
DA:99,282
DA:101,282
DA:102,1
DA:107,281
DA:119,289
DA:120,289
DA:122,289
DA:123,303
DA:125,303
DA:126,303
DA:130,289
DA:135,11
DA:136,11
DA:137,352
DA:139,11
LF:49
LH:49
BRDA:36,0,0,3
BRDA:36,0,1,6
BRDA:36,0,2,292
BRDA:36,0,3,130
BRDA:36,0,4,239
BRDA:36,0,5,26
BRDA:36,0,6,8
BRDA:57,1,0,17
BRDA:57,1,1,7
BRDA:57,1,2,7
BRDA:57,1,3,1
BRDA:77,2,0,239
BRDA:91,3,0,26
BRDA:91,3,1,1
BRDA:101,4,0,1
BRF:15
BRH:15
end_of_record
TN:
SF:lib/timestamp.ts
FN:24,(anonymous_9)
FN:25,(anonymous_10)
FN:31,(anonymous_11)
FN:32,(anonymous_12)
FN:39,(anonymous_13)
FN:53,(anonymous_14)
FN:67,(anonymous_15)
FN:69,(anonymous_16)
FN:83,(anonymous_17)
FN:84,(anonymous_18)
FN:97,(anonymous_19)
FN:105,(anonymous_20)
FN:132,(anonymous_21)
FN:139,(anonymous_22)
FN:141,(anonymous_23)
FN:145,(anonymous_24)
FN:152,(anonymous_25)
FN:160,(anonymous_26)
FN:165,(anonymous_27)
FN:170,(anonymous_28)
FN:196,(anonymous_29)
FN:218,(anonymous_30)
FN:223,(anonymous_31)
FN:228,(anonymous_32)
FN:233,(anonymous_33)
FN:238,(anonymous_34)
FN:256,(anonymous_35)
FN:265,(anonymous_36)
FN:286,(anonymous_37)
FN:291,(anonymous_38)
FN:298,(anonymous_39)
FN:323,(anonymous_40)
FNF:32
FNH:32
FNDA:40,(anonymous_9)
FNDA:20,(anonymous_10)
FNDA:24,(anonymous_11)
FNDA:12,(anonymous_12)
FNDA:28,(anonymous_13)
FNDA:20,(anonymous_14)
FNDA:6,(anonymous_15)
FNDA:3,(anonymous_16)
FNDA:11,(anonymous_17)
FNDA:21,(anonymous_18)
FNDA:9,(anonymous_19)
FNDA:62,(anonymous_20)
FNDA:17,(anonymous_21)
FNDA:7,(anonymous_22)
FNDA:16,(anonymous_23)
FNDA:3,(anonymous_24)
FNDA:9,(anonymous_25)
FNDA:7,(anonymous_26)
FNDA:1,(anonymous_27)
FNDA:2,(anonymous_28)
FNDA:3,(anonymous_29)
FNDA:2,(anonymous_30)
FNDA:1,(anonymous_31)
FNDA:3,(anonymous_32)
FNDA:1,(anonymous_33)
FNDA:4,(anonymous_34)
FNDA:3,(anonymous_35)
FNDA:15,(anonymous_36)
FNDA:1,(anonymous_37)
FNDA:4,(anonymous_38)
FNDA:9,(anonymous_39)
FNDA:32,(anonymous_40)
DA:7,2
DA:9,2
DA:10,2
DA:11,2
DA:12,2
DA:13,2
DA:14,2
DA:15,2
DA:16,2
DA:17,2
DA:19,2
DA:22,2
DA:24,40
DA:25,20
DA:29,2
DA:31,24
DA:32,12
DA:35,2
DA:40,28
DA:41,1
DA:44,27
DA:45,27
DA:54,20
DA:55,20
DA:56,20
DA:58,1
DA:60,19
DA:68,6
DA:69,3
DA:71,6
DA:72,3
DA:75,3
DA:76,3
DA:77,3
DA:84,11
DA:85,21
DA:86,21
DA:89,11
DA:90,2
DA:93,9
DA:98,9
DA:106,62
DA:111,62
DA:112,58
DA:115,62
DA:116,58
DA:121,62
DA:122,1
DA:127,62
DA:128,62
DA:133,17
DA:140,7
DA:141,16
DA:146,3
DA:153,9
DA:154,6
DA:155,6
DA:156,6
DA:161,7
DA:166,1
DA:180,2
DA:181,1
DA:183,1
DA:204,3
DA:205,1
DA:207,2
DA:219,2
DA:224,1
DA:229,3
DA:234,1
DA:239,4
DA:247,4
DA:248,3
DA:251,4
DA:252,1
DA:255,4
DA:256,4
DA:257,3
DA:265,15
DA:278,3
DA:280,4
DA:282,4
DA:287,1
DA:292,4
DA:299,9
DA:301,8
DA:302,1
DA:305,7
DA:306,7
DA:307,7
DA:308,4
DA:313,7
DA:314,7
DA:315,7
DA:319,7
DA:324,32
LF:96
LH:96
BRDA:40,0,0,1
BRDA:40,1,0,28
BRDA:40,1,1,27
BRDA:71,2,0,3
BRDA:89,3,0,2
BRDA:98,4,0,9
BRDA:98,4,1,1
BRDA:111,5,0,58
BRDA:115,6,0,58
BRDA:121,7,0,1
BRDA:134,8,0,17
BRDA:134,8,1,1
BRDA:180,9,0,1
BRDA:198,10,0,1
BRDA:204,11,0,1
BRDA:208,12,0,2
BRDA:208,12,1,1
BRDA:209,13,0,2
BRDA:209,13,1,1
BRDA:210,14,0,2
BRDA:210,14,1,1
BRDA:213,15,0,2
BRDA:213,15,1,1
BRDA:247,16,0,3
BRDA:251,17,0,1
BRDA:268,18,0,3
BRDA:268,18,1,12
BRDA:301,19,0,1
BRF:28
BRH:28
end_of_record
